Log file open, 08/16/19 16:10:45
LogWindows: Failed to load 'aqProf.dll' (GetLastError=126)
LogWindows: File 'aqProf.dll' does not exist
LogWindows: Failed to load 'VtuneApi.dll' (GetLastError=126)
LogWindows: File 'VtuneApi.dll' does not exist
LogWindows: Failed to load 'VtuneApi32e.dll' (GetLastError=126)
LogWindows: File 'VtuneApi32e.dll' does not exist
LogConsoleResponse: Display: Failed to find resolution value strings in scalability ini. Falling back to default.
LogInit: Display: Running engine for game: BasicStudy
LogPakFile: Registered encryption key '00000000000000000000000000000000': 0 pak files mounted, 0 remain pending
LogPlatformFile: Not using cached read wrapper
LogTaskGraph: Started task graph with 5 named threads and 23 total threads with 3 sets of task threads.
LogStats: Stats thread started at 0.408068
LogD3D11RHI: Loaded GFSDK_Aftermath_Lib.x64.dll
LogICUInternationalization: ICU TimeZone Detection - Raw Offset: +9:00, Platform Override: ''
LogPluginManager: Mounting plugin Paper2D
LogPluginManager: Mounting plugin AISupport
LogPluginManager: Mounting plugin LightPropagationVolume
LogPluginManager: Mounting plugin ActorLayerUtilities
LogPluginManager: Mounting plugin AnimationSharing
LogPluginManager: Mounting plugin CLionSourceCodeAccess
LogPluginManager: Mounting plugin CodeLiteSourceCodeAccess
LogPluginManager: Mounting plugin GitSourceControl
LogPluginManager: Mounting plugin KDevelopSourceCodeAccess
LogPluginManager: Mounting plugin NullSourceCodeAccess
LogPluginManager: Mounting plugin PerforceSourceControl
LogPluginManager: Mounting plugin SubversionSourceControl
LogPluginManager: Mounting plugin UObjectPlugin
LogPluginManager: Mounting plugin VisualStudioCodeSourceCodeAccess
LogPluginManager: Mounting plugin VisualStudioSourceCodeAccess
LogPluginManager: Mounting plugin XCodeSourceCodeAccess
LogPluginManager: Mounting plugin AssetManagerEditor
LogPluginManager: Mounting plugin CryptoKeys
LogPluginManager: Mounting plugin DataValidation
LogPluginManager: Mounting plugin FacialAnimation
LogPluginManager: Mounting plugin GameplayTagsEditor
LogPluginManager: Mounting plugin MacGraphicsSwitching
LogPluginManager: Mounting plugin MaterialAnalyzer
LogPluginManager: Mounting plugin MobileLauncherProfileWizard
LogPluginManager: Mounting plugin PluginBrowser
LogPluginManager: Mounting plugin SpeedTreeImporter
LogPluginManager: Mounting plugin DatasmithContent
LogPluginManager: Mounting plugin VariantManagerContent
LogPluginManager: Mounting plugin AlembicImporter
LogPluginManager: Mounting plugin AppleImageUtils
LogPluginManager: Mounting plugin AppleVision
LogPluginManager: Mounting plugin BackChannel
LogPluginManager: Mounting plugin CharacterAI
LogPluginManager: Mounting plugin GeometryCache
LogPluginManager: Mounting plugin HTML5Networking
LogPluginManager: Mounting plugin ProxyLODPlugin
LogPluginManager: Mounting plugin SkeletalReduction
LogPluginManager: Mounting plugin MagicLeap
LogPluginManager: Mounting plugin MagicLeapMedia
LogPluginManager: Mounting plugin AndroidMedia
LogPluginManager: Mounting plugin AvfMedia
LogPluginManager: Mounting plugin ImgMedia
LogPluginManager: Mounting plugin LinearTimecode
LogPluginManager: Mounting plugin MediaCompositing
LogPluginManager: Mounting plugin MediaPlayerEditor
LogPluginManager: Mounting plugin WebMMedia
LogPluginManager: Mounting plugin WmfMedia
LogPluginManager: Mounting plugin TcpMessaging
LogPluginManager: Mounting plugin UdpMessaging
LogPluginManager: Mounting plugin ActorSequence
LogPluginManager: Mounting plugin LevelSequenceEditor
LogPluginManager: Mounting plugin MatineeToLevelSequence
LogPluginManager: Mounting plugin NetcodeUnitTest
LogPluginManager: Mounting plugin NUTUnrealEngine4
LogPluginManager: Mounting plugin OnlineSubsystemGooglePlay
LogPluginManager: Mounting plugin OnlineSubsystemIOS
LogPluginManager: Mounting plugin OnlineSubsystem
LogPluginManager: Mounting plugin OnlineSubsystemNull
LogPluginManager: Mounting plugin OnlineSubsystemUtils
LogPluginManager: Mounting plugin LauncherChunkInstaller
LogPluginManager: Mounting plugin AndroidDeviceProfileSelector
LogPluginManager: Mounting plugin AndroidMoviePlayer
LogPluginManager: Mounting plugin AndroidPermission
LogPluginManager: Mounting plugin AppleMoviePlayer
LogPluginManager: Mounting plugin ArchVisCharacter
LogPluginManager: Mounting plugin AudioCapture
LogPluginManager: Mounting plugin CableComponent
LogPluginManager: Mounting plugin CustomMeshComponent
LogPluginManager: Mounting plugin EditableMesh
LogPluginManager: Mounting plugin ExampleDeviceProfileSelector
LogPluginManager: Mounting plugin Firebase
LogPluginManager: Mounting plugin GoogleCloudMessaging
LogPluginManager: Mounting plugin IOSDeviceProfileSelector
LogPluginManager: Mounting plugin LinuxDeviceProfileSelector
LogPluginManager: Mounting plugin LocationServicesBPLibrary
LogPluginManager: Mounting plugin MobilePatchingUtils
LogPluginManager: Mounting plugin OculusVR
LogPluginManager: Mounting plugin PhysXVehicles
LogPluginManager: Mounting plugin ProceduralMeshComponent
LogPluginManager: Mounting plugin RuntimePhysXCooking
LogPluginManager: Mounting plugin SignificanceManager
LogPluginManager: Mounting plugin SteamVR
LogPluginManager: Mounting plugin WebMMoviePlayer
LogPluginManager: Mounting plugin WindowsMoviePlayer
LogInit: Warning: Incompatible or missing module: BasicStudy
Running C:/Program Files/Epic Games/UE_4.22/Engine/Binaries/DotNET/UnrealBuildTool.exe Development Win64 -Project="C:/Users/jjikk/Desktop/Git_Unreal/UnrealEngine_Study/Projectfile/BasicStudy.uproject" -TargetType=Editor -Progress -NoHotReloadFromIDE
Using 'git status' to determine working set for adaptive non-unity build (C:\Users\jjikk\Desktop\Git_Unreal\UnrealEngine_Study).
Creating makefile for BasicStudyEditor (no existing makefile)
@progress push 5%
Parsing headers for BasicStudyEditor
  Running UnrealHeaderTool "C:\Users\jjikk\Desktop\Git_Unreal\UnrealEngine_Study\Projectfile\BasicStudy.uproject" "C:\Users\jjikk\Desktop\Git_Unreal\UnrealEngine_Study\Projectfile\Intermediate\Build\Win64\BasicStudyEditor\Development\BasicStudyEditor.uhtmanifest" -LogCmds="loginit warning, logexit warning, logdatabase error" -Unattended -WarningsAsErrors -installed
Reflection code generated for BasicStudyEditor in 28.9175657 seconds
@progress pop
Using Visual Studio 2019 14.20.27508 toolchain (C:\Program Files (x86)\Microsoft Visual Studio\2019\Community\VC\Tools\MSVC\14.20.27508) and Windows 10.0.17763.0 SDK (C:\Program Files (x86)\Windows Kits\10).
Building 6 actions with 8 processes...
  @progress 'Compiling C++ source code...' 0%
  @progress 'Compiling C++ source code...' 17%
  [1/6] SharedPCH.Engine.cpp
  @progress 'Compiling C++ source code...' 33%
  [2/6] Module.BasicStudy.gen.cpp
  @progress 'Compiling C++ source code...' 50%
  [3/6] Module.BasicStudy.cpp
  C:\Users\jjikk\Desktop\Git_Unreal\UnrealEngine_Study\Projectfile\Source\BasicStudy\HierachyActor.cpp(26): warning C4996: 'USceneComponent::AttachTo': This function is deprecated, please use AttachToComponent instead. Please update your code to the new API before upgrading to the next release, otherwise your project will no longer compile.
  C:\Program Files\Epic Games\UE_4.22\Engine\Source\Runtime\Engine\Classes\Components/SceneComponent.h(659): note: see declaration of 'USceneComponent::AttachTo'
  C:\Users\jjikk\Desktop\Git_Unreal\UnrealEngine_Study\Projectfile\Source\BasicStudy\HierachyActor.cpp(27): warning C4996: 'USceneComponent::AttachTo': This function is deprecated, please use AttachToComponent instead. Please update your code to the new API before upgrading to the next release, otherwise your project will no longer compile.
  C:\Program Files\Epic Games\UE_4.22\Engine\Source\Runtime\Engine\Classes\Components/SceneComponent.h(659): note: see declaration of 'USceneComponent::AttachTo'
  C:\Users\jjikk\Desktop\Git_Unreal\UnrealEngine_Study\Projectfile\Source\BasicStudy\HierachyActor.cpp(28): warning C4996: 'USceneComponent::AttachTo': This function is deprecated, please use AttachToComponent instead. Please update your code to the new API before upgrading to the next release, otherwise your project will no longer compile.
  C:\Program Files\Epic Games\UE_4.22\Engine\Source\Runtime\Engine\Classes\Components/SceneComponent.h(659): note: see declaration of 'USceneComponent::AttachTo'
  C:\Users\jjikk\Desktop\Git_Unreal\UnrealEngine_Study\Projectfile\Source\BasicStudy\InteractingPawn.cpp(35): warning C4458: declaration of 'InputComponent' hides class member
  C:\Program Files\Epic Games\UE_4.22\Engine\Source\Runtime\Engine\Classes\GameFramework/Actor.h(474): note: see declaration of 'AActor::InputComponent'
  C:\Users\jjikk\Desktop\Git_Unreal\UnrealEngine_Study\Projectfile\Source\BasicStudy\TalkingPawn.cpp(13): warning C4996: 'USceneComponent::AttachTo': This function is deprecated, please use AttachToComponent instead. Please update your code to the new API before upgrading to the next release, otherwise your project will no longer compile.
  C:\Program Files\Epic Games\UE_4.22\Engine\Source\Runtime\Engine\Classes\Components/SceneComponent.h(659): note: see declaration of 'USceneComponent::AttachTo'
  C:\Users\jjikk\Desktop\Git_Unreal\UnrealEngine_Study\Projectfile\Source\BasicStudy\UE4CookBookGameMode.cpp(28): warning C4458: declaration of 'SpawnedActor' hides class member
  C:\Users\jjikk\Desktop\Git_Unreal\UnrealEngine_Study\Projectfile\Source\BasicStudy\UE4CookBookGameMode.h(23): note: see declaration of 'AUE4CookBookGameMode::SpawnedActor'
  @progress 'Compiling C++ source code...' 67%
  [4/6] UE4Editor-BasicStudy.lib
     Creating library C:\Users\jjikk\Desktop\Git_Unreal\UnrealEngine_Study\Projectfile\Intermediate\Build\Win64\UE4Editor\Development\BasicStudy\UE4Editor-BasicStudy.lib and object C:\Users\jjikk\Desktop\Git_Unreal\UnrealEngine_Study\Projectfile\Intermediate\Build\Win64\UE4Editor\Development\BasicStudy\UE4Editor-BasicStudy.exp
  @progress 'Compiling C++ source code...' 83%
  [5/6] UE4Editor-BasicStudy.dll
     Creating library C:\Users\jjikk\Desktop\Git_Unreal\UnrealEngine_Study\Projectfile\Intermediate\Build\Win64\UE4Editor\Development\BasicStudy\UE4Editor-BasicStudy.suppressed.lib and object C:\Users\jjikk\Desktop\Git_Unreal\UnrealEngine_Study\Projectfile\Intermediate\Build\Win64\UE4Editor\Development\BasicStudy\UE4Editor-BasicStudy.suppressed.exp
  @progress 'Compiling C++ source code...' 100%
  [6/6] BasicStudyEditor.target
Total time in Parallel executor: 41.54 seconds
Total execution time: 75.27 seconds
LogInit: Using libcurl 7.55.1-DEV
LogInit:  - built for x86_64-pc-win32
LogInit:  - supports SSL with OpenSSL/1.1.1
LogInit:  - supports HTTP deflate (compression) using libz 1.2.8
LogInit:  - other features:
LogInit:      CURL_VERSION_SSL
LogInit:      CURL_VERSION_LIBZ
LogInit:      CURL_VERSION_IPV6
LogInit:      CURL_VERSION_ASYNCHDNS
LogInit:      CURL_VERSION_LARGEFILE
LogInit:      CURL_VERSION_IDN
LogInit:  CurlRequestOptions (configurable via config and command line):
LogInit:  - bVerifyPeer = true  - Libcurl will verify peer certificate
LogInit:  - bUseHttpProxy = false  - Libcurl will NOT use HTTP proxy
LogInit:  - bDontReuseConnections = false  - Libcurl will reuse connections
LogInit:  - MaxHostConnections = 16  - Libcurl will limit the number of connections to a host
LogInit:  - LocalHostAddr = Default
LogInit:  - BufferSize = 65536
LogInit: WinSock: version 1.1 (2.2), MaxSocks=32767, MaxUdp=65467
LogInit: Build: ++UE4+Release-4.22-CL-7053642
LogInit: Engine Version: 4.22.3-7053642+++UE4+Release-4.22
LogInit: Compatible Engine Version: 4.22.0-5660361+++UE4+Release-4.22
LogInit: Net CL: 5660361
LogInit: OS: Windows 10 (Release 1903) (), CPU: Intel(R) Core(TM) i5-8250U CPU @ 1.60GHz, GPU: Intel(R) UHD Graphics 620
LogInit: Compiled (64-bit): Jun 18 2019 03:09:11
LogInit: Compiled with Visual C++: 19.16.27025.01
LogInit: Build Configuration: Development
LogInit: Branch Name: ++UE4+Release-4.22
LogInit: Command Line:  -EpicPortal -epicusername=JJIKKYU -epicuserid=b46bc90f43364daeb7cfab584b1dc561 -epiclocale=ko
LogInit: Base Directory: C:/Program Files/Epic Games/UE_4.22/Engine/Binaries/Win64/
LogInit: Installed Engine Build: 1
LogDevObjectVersion: Number of dev versions registered: 23
LogDevObjectVersion:   Dev-Blueprints (B0D832E4-1F89-4F0D-ACCF-7EB736FD4AA2): 10
LogDevObjectVersion:   Dev-Build (E1C64328-A22C-4D53-A36C-8E866417BD8C): 0
LogDevObjectVersion:   Dev-Core (375EC13C-06E4-48FB-B500-84F0262A717E): 3
LogDevObjectVersion:   Dev-Editor (E4B068ED-F494-42E9-A231-DA0B2E46BB41): 30
LogDevObjectVersion:   Dev-Framework (CFFC743F-43B0-4480-9391-14DF171D2073): 35
LogDevObjectVersion:   Dev-Mobile (B02B49B5-BB20-44E9-A304-32B752E40360): 2
LogDevObjectVersion:   Dev-Networking (A4E4105C-59A1-49B5-A7C5-40C4547EDFEE): 0
LogDevObjectVersion:   Dev-Online (39C831C9-5AE6-47DC-9A44-9C173E1C8E7C): 0
LogDevObjectVersion:   Dev-Physics (78F01B33-EBEA-4F98-B9B4-84EACCB95AA2): 0
LogDevObjectVersion:   Dev-Platform (6631380F-2D4D-43E0-8009-CF276956A95A): 0
LogDevObjectVersion:   Dev-Rendering (12F88B9F-8875-4AFC-A67C-D90C383ABD29): 28
LogDevObjectVersion:   Dev-Sequencer (7B5AE74C-D270-4C10-A958-57980B212A5A): 11
LogDevObjectVersion:   Dev-VR (D7296918-1DD6-4BDD-9DE2-64A83CC13884): 2
LogDevObjectVersion:   Dev-LoadTimes (C2A15278-BFE7-4AFE-6C17-90FF531DF755): 1
LogDevObjectVersion:   Private-Geometry (6EACA3D4-40EC-4CC1-B786-8BED09428FC5): 3
LogDevObjectVersion:   Dev-AnimPhys (29E575DD-E0A3-4627-9D10-D276232CDCEA): 17
LogDevObjectVersion:   Dev-Anim (AF43A65D-7FD3-4947-9873-3E8ED9C1BB05): 2
LogDevObjectVersion:   Dev-ReflectionCapture (6B266CEC-1EC7-4B8F-A30B-E4D90942FC07): 1
LogDevObjectVersion:   Dev-Automation (0DF73D61-A23F-47EA-B727-89E90C41499A): 1
LogDevObjectVersion:   FortniteMain (601D1886-AC64-4F84-AA16-D3DE0DEAC7D6): 25
LogDevObjectVersion:   Dev-Enterprise (9DFFBCD6-494F-0158-E221-12823C92A888): 6
LogDevObjectVersion:   Dev-Niagara (F2AED0AC-9AFE-416F-8664-AA7FFA26D6FC): 1
LogDevObjectVersion:   Dev-Destruction (174F1F0B-B4C6-45A5-B13F-2EE8D0FB917D): 2
LogInit: Presizing for max 16777216 objects, including 0 objects not considered by GC, pre-allocating 0 bytes for permanent pool.
LogInit: Object subsystem initialized
LogConfig: Setting CVar [[con.DebugEarlyDefault:1]]
LogConfig: Setting CVar [[r.setres:1280x720]]
[2019.08.16-07.12.04:823][  0]LogConfig: Setting CVar [[r.VSync:0]]
[2019.08.16-07.12.04:823][  0]LogConfig: Setting CVar [[r.RHICmdBypass:0]]
[2019.08.16-07.12.04:823][  0]LogConfig: Applying CVar settings from Section [/Script/Engine.RendererSettings] File [C:/Users/jjikk/Desktop/Git_Unreal/UnrealEngine_Study/Projectfile/Saved/Config/Windows/Engine.ini]
[2019.08.16-07.12.04:823][  0]LogConfig: Setting CVar [[r.GPUCrashDebugging:0]]
[2019.08.16-07.12.04:823][  0]LogConfig: Setting CVar [[r.DefaultFeature.AutoExposure.ExtendDefaultLuminanceRange:1]]
[2019.08.16-07.12.04:823][  0]LogConfig: Applying CVar settings from Section [/Script/Engine.RendererOverrideSettings] File [C:/Users/jjikk/Desktop/Git_Unreal/UnrealEngine_Study/Projectfile/Saved/Config/Windows/Engine.ini]
[2019.08.16-07.12.04:823][  0]LogConfig: Applying CVar settings from Section [/Script/Engine.StreamingSettings] File [C:/Users/jjikk/Desktop/Git_Unreal/UnrealEngine_Study/Projectfile/Saved/Config/Windows/Engine.ini]
[2019.08.16-07.12.04:823][  0]LogConfig: Setting CVar [[s.MinBulkDataSizeForAsyncLoading:131072]]
[2019.08.16-07.12.04:823][  0]LogConfig: Setting CVar [[s.AsyncLoadingThreadEnabled:0]]
[2019.08.16-07.12.04:823][  0]LogConfig: Setting CVar [[s.EventDrivenLoaderEnabled:1]]
[2019.08.16-07.12.04:823][  0]LogConfig: Setting CVar [[s.WarnIfTimeLimitExceeded:0]]
[2019.08.16-07.12.04:823][  0]LogConfig: Setting CVar [[s.TimeLimitExceededMultiplier:1.5]]
[2019.08.16-07.12.04:823][  0]LogConfig: Setting CVar [[s.TimeLimitExceededMinTime:0.005]]
[2019.08.16-07.12.04:823][  0]LogConfig: Setting CVar [[s.UseBackgroundLevelStreaming:1]]
[2019.08.16-07.12.04:823][  0]LogConfig: Setting CVar [[s.PriorityAsyncLoadingExtraTime:15.0]]
[2019.08.16-07.12.04:823][  0]LogConfig: Setting CVar [[s.LevelStreamingActorsUpdateTimeLimit:5.0]]
[2019.08.16-07.12.04:823][  0]LogConfig: Setting CVar [[s.PriorityLevelStreamingActorsUpdateExtraTime:5.0]]
[2019.08.16-07.12.04:823][  0]LogConfig: Setting CVar [[s.LevelStreamingComponentsRegistrationGranularity:10]]
[2019.08.16-07.12.04:823][  0]LogConfig: Setting CVar [[s.UnregisterComponentsTimeLimit:1.0]]
[2019.08.16-07.12.04:823][  0]LogConfig: Setting CVar [[s.LevelStreamingComponentsUnregistrationGranularity:5]]
[2019.08.16-07.12.04:823][  0]LogConfig: Applying CVar settings from Section [/Script/Engine.GarbageCollectionSettings] File [C:/Users/jjikk/Desktop/Git_Unreal/UnrealEngine_Study/Projectfile/Saved/Config/Windows/Engine.ini]
[2019.08.16-07.12.04:823][  0]LogConfig: Setting CVar [[gc.MaxObjectsNotConsideredByGC:1]]
[2019.08.16-07.12.04:823][  0]LogConfig: Setting CVar [[gc.SizeOfPermanentObjectPool:0]]
[2019.08.16-07.12.04:824][  0]LogConfig: Setting CVar [[gc.FlushStreamingOnGC:0]]
[2019.08.16-07.12.04:824][  0]LogConfig: Setting CVar [[gc.NumRetriesBeforeForcingGC:10]]
[2019.08.16-07.12.04:824][  0]LogConfig: Setting CVar [[gc.AllowParallelGC:1]]
[2019.08.16-07.12.04:824][  0]LogConfig: Setting CVar [[gc.TimeBetweenPurgingPendingKillObjects:61.1]]
[2019.08.16-07.12.04:824][  0]LogConfig: Setting CVar [[gc.MaxObjectsInEditor:16777216]]
[2019.08.16-07.12.04:824][  0]LogConfig: Setting CVar [[gc.IncrementalBeginDestroyEnabled:1]]
[2019.08.16-07.12.04:824][  0]LogConfig: Setting CVar [[gc.CreateGCClusters:1]]
[2019.08.16-07.12.04:824][  0]LogConfig: Setting CVar [[gc.MinGCClusterSize:5]]
[2019.08.16-07.12.04:824][  0]LogConfig: Setting CVar [[gc.ActorClusteringEnabled:0]]
[2019.08.16-07.12.04:824][  0]LogConfig: Setting CVar [[gc.BlueprintClusteringEnabled:0]]
[2019.08.16-07.12.04:824][  0]LogConfig: Setting CVar [[gc.UseDisregardForGCOnDedicatedServers:0]]
[2019.08.16-07.12.04:824][  0]LogConfig: Applying CVar settings from Section [/Script/Engine.NetworkSettings] File [C:/Users/jjikk/Desktop/Git_Unreal/UnrealEngine_Study/Projectfile/Saved/Config/Windows/Engine.ini]
[2019.08.16-07.12.04:824][  0]LogConfig: Applying CVar settings from Section [/Script/UnrealEd.CookerSettings] File [C:/Users/jjikk/Desktop/Git_Unreal/UnrealEngine_Study/Projectfile/Saved/Config/Windows/Engine.ini]
[2019.08.16-07.12.04:837][  0]LogConfig: Applying CVar settings from Section [ViewDistanceQuality@3] File [C:/Users/jjikk/Desktop/Git_Unreal/UnrealEngine_Study/Projectfile/Saved/Config/Windows/Scalability.ini]
[2019.08.16-07.12.04:837][  0]LogConfig: Setting CVar [[r.SkeletalMeshLODBias:0]]
[2019.08.16-07.12.04:837][  0]LogConfig: Setting CVar [[r.ViewDistanceScale:1.0]]
[2019.08.16-07.12.04:837][  0]LogConfig: Applying CVar settings from Section [AntiAliasingQuality@3] File [C:/Users/jjikk/Desktop/Git_Unreal/UnrealEngine_Study/Projectfile/Saved/Config/Windows/Scalability.ini]
[2019.08.16-07.12.04:837][  0]LogConfig: Setting CVar [[r.PostProcessAAQuality:4]]
[2019.08.16-07.12.04:837][  0]LogConfig: Applying CVar settings from Section [ShadowQuality@3] File [C:/Users/jjikk/Desktop/Git_Unreal/UnrealEngine_Study/Projectfile/Saved/Config/Windows/Scalability.ini]
[2019.08.16-07.12.04:837][  0]LogConfig: Setting CVar [[r.LightFunctionQuality:1]]
[2019.08.16-07.12.04:837][  0]LogConfig: Setting CVar [[r.ShadowQuality:5]]
[2019.08.16-07.12.04:837][  0]LogConfig: Setting CVar [[r.Shadow.CSM.MaxCascades:10]]
[2019.08.16-07.12.04:837][  0]LogConfig: Setting CVar [[r.Shadow.MaxResolution:2048]]
[2019.08.16-07.12.04:837][  0]LogConfig: Setting CVar [[r.Shadow.MaxCSMResolution:2048]]
[2019.08.16-07.12.04:837][  0]LogConfig: Setting CVar [[r.Shadow.RadiusThreshold:0.01]]
[2019.08.16-07.12.04:837][  0]LogConfig: Setting CVar [[r.Shadow.DistanceScale:1.0]]
[2019.08.16-07.12.04:837][  0]LogConfig: Setting CVar [[r.Shadow.CSM.TransitionScale:1.0]]
[2019.08.16-07.12.04:837][  0]LogConfig: Setting CVar [[r.Shadow.PreShadowResolutionFactor:1.0]]
[2019.08.16-07.12.04:837][  0]LogConfig: Setting CVar [[r.DistanceFieldShadowing:1]]
[2019.08.16-07.12.04:837][  0]LogConfig: Setting CVar [[r.DistanceFieldAO:1]]
[2019.08.16-07.12.04:837][  0]LogConfig: Setting CVar [[r.AOQuality:2]]
[2019.08.16-07.12.04:837][  0]LogConfig: Setting CVar [[r.VolumetricFog:1]]
[2019.08.16-07.12.04:837][  0]LogConfig: Setting CVar [[r.VolumetricFog.GridPixelSize:8]]
[2019.08.16-07.12.04:837][  0]LogConfig: Setting CVar [[r.VolumetricFog.GridSizeZ:128]]
[2019.08.16-07.12.04:837][  0]LogConfig: Setting CVar [[r.VolumetricFog.HistoryMissSupersampleCount:4]]
[2019.08.16-07.12.04:837][  0]LogConfig: Setting CVar [[r.LightMaxDrawDistanceScale:1]]
[2019.08.16-07.12.04:837][  0]LogConfig: Setting CVar [[r.CapsuleShadows:1]]
[2019.08.16-07.12.04:837][  0]LogConfig: Applying CVar settings from Section [PostProcessQuality@3] File [C:/Users/jjikk/Desktop/Git_Unreal/UnrealEngine_Study/Projectfile/Saved/Config/Windows/Scalability.ini]
[2019.08.16-07.12.04:837][  0]LogConfig: Setting CVar [[r.MotionBlurQuality:4]]
[2019.08.16-07.12.04:837][  0]LogConfig: Setting CVar [[r.AmbientOcclusionMipLevelFactor:0.4]]
[2019.08.16-07.12.04:837][  0]LogConfig: Setting CVar [[r.AmbientOcclusionMaxQuality:100]]
[2019.08.16-07.12.04:837][  0]LogConfig: Setting CVar [[r.AmbientOcclusionLevels:-1]]
[2019.08.16-07.12.04:837][  0]LogConfig: Setting CVar [[r.AmbientOcclusionRadiusScale:1.0]]
[2019.08.16-07.12.04:837][  0]LogConfig: Setting CVar [[r.DepthOfFieldQuality:2]]
[2019.08.16-07.12.04:837][  0]LogConfig: Setting CVar [[r.RenderTargetPoolMin:400]]
[2019.08.16-07.12.04:837][  0]LogConfig: Setting CVar [[r.LensFlareQuality:2]]
[2019.08.16-07.12.04:837][  0]LogConfig: Setting CVar [[r.SceneColorFringeQuality:1]]
[2019.08.16-07.12.04:837][  0]LogConfig: Setting CVar [[r.EyeAdaptationQuality:2]]
[2019.08.16-07.12.04:837][  0]LogConfig: Setting CVar [[r.BloomQuality:5]]
[2019.08.16-07.12.04:837][  0]LogConfig: Setting CVar [[r.FastBlurThreshold:100]]
[2019.08.16-07.12.04:837][  0]LogConfig: Setting CVar [[r.Upscale.Quality:3]]
[2019.08.16-07.12.04:837][  0]LogConfig: Setting CVar [[r.Tonemapper.GrainQuantization:1]]
[2019.08.16-07.12.04:837][  0]LogConfig: Setting CVar [[r.LightShaftQuality:1]]
[2019.08.16-07.12.04:837][  0]LogConfig: Setting CVar [[r.Filter.SizeScale:1]]
[2019.08.16-07.12.04:837][  0]LogConfig: Setting CVar [[r.Tonemapper.Quality:5]]
[2019.08.16-07.12.04:837][  0]LogConfig: Setting CVar [[r.DOF.Gather.AccumulatorQuality:1        ; higher gathering accumulator quality]]
[2019.08.16-07.12.04:838][  0]LogConfig: Setting CVar [[r.DOF.Gather.PostfilterMethod:1          ; Median3x3 postfilering method]]
[2019.08.16-07.12.04:838][  0]LogConfig: Setting CVar [[r.DOF.Gather.EnableBokehSettings:0       ; no bokeh simulation when gathering]]
[2019.08.16-07.12.04:838][  0]LogConfig: Setting CVar [[r.DOF.Gather.RingCount:4                 ; medium number of samples when gathering]]
[2019.08.16-07.12.04:838][  0]LogConfig: Setting CVar [[r.DOF.Scatter.ForegroundCompositing:1    ; additive foreground scattering]]
[2019.08.16-07.12.04:838][  0]LogConfig: Setting CVar [[r.DOF.Scatter.BackgroundCompositing:2    ; additive background scattering]]
[2019.08.16-07.12.04:838][  0]LogConfig: Setting CVar [[r.DOF.Scatter.EnableBokehSettings:1      ; bokeh simulation when scattering]]
[2019.08.16-07.12.04:838][  0]LogConfig: Setting CVar [[r.DOF.Scatter.MaxSpriteRatio:0.1         ; only a maximum of 10% of scattered bokeh]]
[2019.08.16-07.12.04:838][  0]LogConfig: Setting CVar [[r.DOF.Recombine.Quality:1                ; cheap slight out of focus]]
[2019.08.16-07.12.04:838][  0]LogConfig: Setting CVar [[r.DOF.Recombine.EnableBokehSettings:0    ; no bokeh simulation on slight out of focus]]
[2019.08.16-07.12.04:838][  0]LogConfig: Setting CVar [[r.DOF.TemporalAAQuality:1                ; more stable temporal accumulation]]
[2019.08.16-07.12.04:838][  0]LogConfig: Setting CVar [[r.DOF.Kernel.MaxForegroundRadius:0.025]]
[2019.08.16-07.12.04:838][  0]LogConfig: Setting CVar [[r.DOF.Kernel.MaxBackgroundRadius:0.025]]
[2019.08.16-07.12.04:838][  0]LogConfig: Applying CVar settings from Section [TextureQuality@3] File [C:/Users/jjikk/Desktop/Git_Unreal/UnrealEngine_Study/Projectfile/Saved/Config/Windows/Scalability.ini]
[2019.08.16-07.12.04:838][  0]LogConfig: Setting CVar [[r.Streaming.MipBias:0]]
[2019.08.16-07.12.04:838][  0]LogConfig: Setting CVar [[r.Streaming.AmortizeCPUToGPUCopy:0]]
[2019.08.16-07.12.04:838][  0]LogConfig: Setting CVar [[r.Streaming.MaxNumTexturesToStreamPerFrame:0]]
[2019.08.16-07.12.04:838][  0]LogConfig: Setting CVar [[r.Streaming.Boost:1]]
[2019.08.16-07.12.04:838][  0]LogConfig: Setting CVar [[r.MaxAnisotropy:8]]
[2019.08.16-07.12.04:838][  0]LogConfig: Setting CVar [[r.Streaming.LimitPoolSizeToVRAM:0]]
[2019.08.16-07.12.04:838][  0]LogConfig: Setting CVar [[r.Streaming.PoolSize:1000]]
[2019.08.16-07.12.04:838][  0]LogConfig: Setting CVar [[r.Streaming.MaxEffectiveScreenSize:0]]
[2019.08.16-07.12.04:838][  0]LogConfig: Applying CVar settings from Section [EffectsQuality@3] File [C:/Users/jjikk/Desktop/Git_Unreal/UnrealEngine_Study/Projectfile/Saved/Config/Windows/Scalability.ini]
[2019.08.16-07.12.04:838][  0]LogConfig: Setting CVar [[r.TranslucencyLightingVolumeDim:64]]
[2019.08.16-07.12.04:838][  0]LogConfig: Setting CVar [[r.RefractionQuality:2]]
[2019.08.16-07.12.04:838][  0]LogConfig: Setting CVar [[r.SSR.Quality:3]]
[2019.08.16-07.12.04:838][  0]LogConfig: Setting CVar [[r.SceneColorFormat:4]]
[2019.08.16-07.12.04:838][  0]LogConfig: Setting CVar [[r.DetailMode:2]]
[2019.08.16-07.12.04:838][  0]LogConfig: Setting CVar [[r.TranslucencyVolumeBlur:1]]
[2019.08.16-07.12.04:838][  0]LogConfig: Setting CVar [[r.MaterialQualityLevel:1 ; High quality]]
[2019.08.16-07.12.04:838][  0]LogConfig: Setting CVar [[r.SSS.Scale:1]]
[2019.08.16-07.12.04:838][  0]LogConfig: Setting CVar [[r.SSS.SampleSet:2]]
[2019.08.16-07.12.04:838][  0]LogConfig: Setting CVar [[r.SSS.Quality:1]]
[2019.08.16-07.12.04:838][  0]LogConfig: Setting CVar [[r.SSS.HalfRes:1]]
[2019.08.16-07.12.04:838][  0]LogConfig: Setting CVar [[r.EmitterSpawnRateScale:1.0]]
[2019.08.16-07.12.04:838][  0]LogConfig: Setting CVar [[r.ParticleLightQuality:2]]
[2019.08.16-07.12.04:838][  0]LogConfig: Applying CVar settings from Section [FoliageQuality@3] File [C:/Users/jjikk/Desktop/Git_Unreal/UnrealEngine_Study/Projectfile/Saved/Config/Windows/Scalability.ini]
[2019.08.16-07.12.04:838][  0]LogConfig: Setting CVar [[foliage.DensityScale:1.0]]
[2019.08.16-07.12.04:838][  0]LogConfig: Setting CVar [[grass.DensityScale:1.0]]
[2019.08.16-07.12.04:839][  0]LogInit: Selected Device Profile: [Windows]
[2019.08.16-07.12.04:839][  0]LogInit: Applying CVar settings loaded from the selected device profile: [Windows]
[2019.08.16-07.12.04:874][  0]LogHAL: Display: Platform has ~ 8 GB [8497971200 / 8589934592 / 8], which maps to Default [LargestMinGB=32, LargerMinGB=12, DefaultMinGB=8, SmallerMinGB=6, SmallestMinGB=0)
[2019.08.16-07.12.04:875][  0]LogConfig: Setting CVar [[r.Vulkan.UseRealUBs:0		; Required until we fix HLR fall-out]]
[2019.08.16-07.12.04:875][  0]LogInit: Going up to parent DeviceProfile []
[2019.08.16-07.12.04:876][  0]LogConfig: Applying CVar settings from Section [ViewDistanceQuality@3] File [C:/Users/jjikk/Desktop/Git_Unreal/UnrealEngine_Study/Projectfile/Saved/Config/Windows/Scalability.ini]
[2019.08.16-07.12.04:876][  0]LogConfig: Setting CVar [[r.SkeletalMeshLODBias:0]]
[2019.08.16-07.12.04:876][  0]LogConfig: Setting CVar [[r.ViewDistanceScale:1.0]]
[2019.08.16-07.12.04:876][  0]LogConfig: Applying CVar settings from Section [AntiAliasingQuality@3] File [C:/Users/jjikk/Desktop/Git_Unreal/UnrealEngine_Study/Projectfile/Saved/Config/Windows/Scalability.ini]
[2019.08.16-07.12.04:876][  0]LogConfig: Setting CVar [[r.PostProcessAAQuality:4]]
[2019.08.16-07.12.04:876][  0]LogConfig: Applying CVar settings from Section [ShadowQuality@3] File [C:/Users/jjikk/Desktop/Git_Unreal/UnrealEngine_Study/Projectfile/Saved/Config/Windows/Scalability.ini]
[2019.08.16-07.12.04:876][  0]LogConfig: Setting CVar [[r.LightFunctionQuality:1]]
[2019.08.16-07.12.04:876][  0]LogConfig: Setting CVar [[r.ShadowQuality:5]]
[2019.08.16-07.12.04:876][  0]LogConfig: Setting CVar [[r.Shadow.CSM.MaxCascades:10]]
[2019.08.16-07.12.04:876][  0]LogConfig: Setting CVar [[r.Shadow.MaxResolution:2048]]
[2019.08.16-07.12.04:876][  0]LogConfig: Setting CVar [[r.Shadow.MaxCSMResolution:2048]]
[2019.08.16-07.12.04:876][  0]LogConfig: Setting CVar [[r.Shadow.RadiusThreshold:0.01]]
[2019.08.16-07.12.04:876][  0]LogConfig: Setting CVar [[r.Shadow.DistanceScale:1.0]]
[2019.08.16-07.12.04:876][  0]LogConfig: Setting CVar [[r.Shadow.CSM.TransitionScale:1.0]]
[2019.08.16-07.12.04:876][  0]LogConfig: Setting CVar [[r.Shadow.PreShadowResolutionFactor:1.0]]
[2019.08.16-07.12.04:876][  0]LogConfig: Setting CVar [[r.DistanceFieldShadowing:1]]
[2019.08.16-07.12.04:876][  0]LogConfig: Setting CVar [[r.DistanceFieldAO:1]]
[2019.08.16-07.12.04:876][  0]LogConfig: Setting CVar [[r.AOQuality:2]]
[2019.08.16-07.12.04:876][  0]LogConfig: Setting CVar [[r.VolumetricFog:1]]
[2019.08.16-07.12.04:876][  0]LogConfig: Setting CVar [[r.VolumetricFog.GridPixelSize:8]]
[2019.08.16-07.12.04:876][  0]LogConfig: Setting CVar [[r.VolumetricFog.GridSizeZ:128]]
[2019.08.16-07.12.04:876][  0]LogConfig: Setting CVar [[r.VolumetricFog.HistoryMissSupersampleCount:4]]
[2019.08.16-07.12.04:876][  0]LogConfig: Setting CVar [[r.LightMaxDrawDistanceScale:1]]
[2019.08.16-07.12.04:876][  0]LogConfig: Setting CVar [[r.CapsuleShadows:1]]
[2019.08.16-07.12.04:876][  0]LogConfig: Applying CVar settings from Section [PostProcessQuality@3] File [C:/Users/jjikk/Desktop/Git_Unreal/UnrealEngine_Study/Projectfile/Saved/Config/Windows/Scalability.ini]
[2019.08.16-07.12.04:876][  0]LogConfig: Setting CVar [[r.MotionBlurQuality:4]]
[2019.08.16-07.12.04:876][  0]LogConfig: Setting CVar [[r.AmbientOcclusionMipLevelFactor:0.4]]
[2019.08.16-07.12.04:876][  0]LogConfig: Setting CVar [[r.AmbientOcclusionMaxQuality:100]]
[2019.08.16-07.12.04:876][  0]LogConfig: Setting CVar [[r.AmbientOcclusionLevels:-1]]
[2019.08.16-07.12.04:876][  0]LogConfig: Setting CVar [[r.AmbientOcclusionRadiusScale:1.0]]
[2019.08.16-07.12.04:876][  0]LogConfig: Setting CVar [[r.DepthOfFieldQuality:2]]
[2019.08.16-07.12.04:876][  0]LogConfig: Setting CVar [[r.RenderTargetPoolMin:400]]
[2019.08.16-07.12.04:876][  0]LogConfig: Setting CVar [[r.LensFlareQuality:2]]
[2019.08.16-07.12.04:876][  0]LogConfig: Setting CVar [[r.SceneColorFringeQuality:1]]
[2019.08.16-07.12.04:876][  0]LogConfig: Setting CVar [[r.EyeAdaptationQuality:2]]
[2019.08.16-07.12.04:876][  0]LogConfig: Setting CVar [[r.BloomQuality:5]]
[2019.08.16-07.12.04:876][  0]LogConfig: Setting CVar [[r.FastBlurThreshold:100]]
[2019.08.16-07.12.04:876][  0]LogConfig: Setting CVar [[r.Upscale.Quality:3]]
[2019.08.16-07.12.04:876][  0]LogConfig: Setting CVar [[r.Tonemapper.GrainQuantization:1]]
[2019.08.16-07.12.04:876][  0]LogConfig: Setting CVar [[r.LightShaftQuality:1]]
[2019.08.16-07.12.04:876][  0]LogConfig: Setting CVar [[r.Filter.SizeScale:1]]
[2019.08.16-07.12.04:876][  0]LogConfig: Setting CVar [[r.Tonemapper.Quality:5]]
[2019.08.16-07.12.04:876][  0]LogConfig: Setting CVar [[r.DOF.Gather.AccumulatorQuality:1        ; higher gathering accumulator quality]]
[2019.08.16-07.12.04:876][  0]LogConfig: Setting CVar [[r.DOF.Gather.PostfilterMethod:1          ; Median3x3 postfilering method]]
[2019.08.16-07.12.04:876][  0]LogConfig: Setting CVar [[r.DOF.Gather.EnableBokehSettings:0       ; no bokeh simulation when gathering]]
[2019.08.16-07.12.04:876][  0]LogConfig: Setting CVar [[r.DOF.Gather.RingCount:4                 ; medium number of samples when gathering]]
[2019.08.16-07.12.04:876][  0]LogConfig: Setting CVar [[r.DOF.Scatter.ForegroundCompositing:1    ; additive foreground scattering]]
[2019.08.16-07.12.04:876][  0]LogConfig: Setting CVar [[r.DOF.Scatter.BackgroundCompositing:2    ; additive background scattering]]
[2019.08.16-07.12.04:876][  0]LogConfig: Setting CVar [[r.DOF.Scatter.EnableBokehSettings:1      ; bokeh simulation when scattering]]
[2019.08.16-07.12.04:876][  0]LogConfig: Setting CVar [[r.DOF.Scatter.MaxSpriteRatio:0.1         ; only a maximum of 10% of scattered bokeh]]
[2019.08.16-07.12.04:876][  0]LogConfig: Setting CVar [[r.DOF.Recombine.Quality:1                ; cheap slight out of focus]]
[2019.08.16-07.12.04:876][  0]LogConfig: Setting CVar [[r.DOF.Recombine.EnableBokehSettings:0    ; no bokeh simulation on slight out of focus]]
[2019.08.16-07.12.04:876][  0]LogConfig: Setting CVar [[r.DOF.TemporalAAQuality:1                ; more stable temporal accumulation]]
[2019.08.16-07.12.04:876][  0]LogConfig: Setting CVar [[r.DOF.Kernel.MaxForegroundRadius:0.025]]
[2019.08.16-07.12.04:876][  0]LogConfig: Setting CVar [[r.DOF.Kernel.MaxBackgroundRadius:0.025]]
[2019.08.16-07.12.04:876][  0]LogConfig: Applying CVar settings from Section [TextureQuality@3] File [C:/Users/jjikk/Desktop/Git_Unreal/UnrealEngine_Study/Projectfile/Saved/Config/Windows/Scalability.ini]
[2019.08.16-07.12.04:876][  0]LogConfig: Setting CVar [[r.Streaming.MipBias:0]]
[2019.08.16-07.12.04:876][  0]LogConfig: Setting CVar [[r.Streaming.AmortizeCPUToGPUCopy:0]]
[2019.08.16-07.12.04:876][  0]LogConfig: Setting CVar [[r.Streaming.MaxNumTexturesToStreamPerFrame:0]]
[2019.08.16-07.12.04:876][  0]LogConfig: Setting CVar [[r.Streaming.Boost:1]]
[2019.08.16-07.12.04:876][  0]LogConfig: Setting CVar [[r.MaxAnisotropy:8]]
[2019.08.16-07.12.04:876][  0]LogConfig: Setting CVar [[r.Streaming.LimitPoolSizeToVRAM:0]]
[2019.08.16-07.12.04:876][  0]LogConfig: Setting CVar [[r.Streaming.PoolSize:1000]]
[2019.08.16-07.12.04:876][  0]LogConfig: Setting CVar [[r.Streaming.MaxEffectiveScreenSize:0]]
[2019.08.16-07.12.04:876][  0]LogConfig: Applying CVar settings from Section [EffectsQuality@3] File [C:/Users/jjikk/Desktop/Git_Unreal/UnrealEngine_Study/Projectfile/Saved/Config/Windows/Scalability.ini]
[2019.08.16-07.12.04:876][  0]LogConfig: Setting CVar [[r.TranslucencyLightingVolumeDim:64]]
[2019.08.16-07.12.04:876][  0]LogConfig: Setting CVar [[r.RefractionQuality:2]]
[2019.08.16-07.12.04:876][  0]LogConfig: Setting CVar [[r.SSR.Quality:3]]
[2019.08.16-07.12.04:876][  0]LogConfig: Setting CVar [[r.SceneColorFormat:4]]
[2019.08.16-07.12.04:876][  0]LogConfig: Setting CVar [[r.DetailMode:2]]
[2019.08.16-07.12.04:876][  0]LogConfig: Setting CVar [[r.TranslucencyVolumeBlur:1]]
[2019.08.16-07.12.04:877][  0]LogConfig: Setting CVar [[r.MaterialQualityLevel:1 ; High quality]]
[2019.08.16-07.12.04:877][  0]LogConfig: Setting CVar [[r.SSS.Scale:1]]
[2019.08.16-07.12.04:877][  0]LogConfig: Setting CVar [[r.SSS.SampleSet:2]]
[2019.08.16-07.12.04:877][  0]LogConfig: Setting CVar [[r.SSS.Quality:1]]
[2019.08.16-07.12.04:877][  0]LogConfig: Setting CVar [[r.SSS.HalfRes:1]]
[2019.08.16-07.12.04:877][  0]LogConfig: Setting CVar [[r.EmitterSpawnRateScale:1.0]]
[2019.08.16-07.12.04:877][  0]LogConfig: Setting CVar [[r.ParticleLightQuality:2]]
[2019.08.16-07.12.04:877][  0]LogConfig: Applying CVar settings from Section [FoliageQuality@3] File [C:/Users/jjikk/Desktop/Git_Unreal/UnrealEngine_Study/Projectfile/Saved/Config/Windows/Scalability.ini]
[2019.08.16-07.12.04:877][  0]LogConfig: Setting CVar [[foliage.DensityScale:1.0]]
[2019.08.16-07.12.04:877][  0]LogConfig: Setting CVar [[grass.DensityScale:1.0]]
[2019.08.16-07.12.04:877][  0]LogConfig: Applying CVar settings from Section [Startup] File [../../../Engine/Config/ConsoleVariables.ini]
[2019.08.16-07.12.04:883][  0]LogConfig: Setting CVar [[net.UseAdaptiveNetUpdateFrequency:0]]
[2019.08.16-07.12.04:883][  0]LogConfig: Setting CVar [[p.chaos.AllowCreatePhysxBodies:1]]
[2019.08.16-07.12.04:883][  0]LogConfig: Applying CVar settings from Section [ConsoleVariables] File [C:/Users/jjikk/Desktop/Git_Unreal/UnrealEngine_Study/Projectfile/Saved/Config/Windows/Engine.ini]
[2019.08.16-07.12.04:884][  0]LogInit: Computer: JJIKKYU_LAPTOP
[2019.08.16-07.12.04:884][  0]LogInit: User: jjikk
[2019.08.16-07.12.04:884][  0]LogInit: CPU Page size=4096, Cores=4
[2019.08.16-07.12.04:884][  0]LogInit: High frequency timer resolution =10.000000 MHz
[2019.08.16-07.12.04:884][  0]LogMemory: Memory total: Physical=7.9GB (8GB approx)
[2019.08.16-07.12.04:884][  0]LogMemory: Platform Memory Stats for Windows
[2019.08.16-07.12.04:884][  0]LogMemory: Process Physical Memory: 108.73 MB used, 108.73 MB peak
[2019.08.16-07.12.04:884][  0]LogMemory: Process Virtual Memory: 91.39 MB used, 91.39 MB peak
[2019.08.16-07.12.04:884][  0]LogMemory: Physical Memory: 5743.16 MB used,  2361.13 MB free, 8104.30 MB total
[2019.08.16-07.12.04:884][  0]LogMemory: Virtual Memory: 4692.39 MB used,  134213032.00 MB free, 134217728.00 MB total
[2019.08.16-07.12.05:144][  0]LogInit: Overriding language with editor language configuration option (ko).
[2019.08.16-07.12.05:144][  0]LogInit: Overriding locale with editor culture configuration option ().
[2019.08.16-07.12.05:144][  0]LogInit: Using OS detected locale (en-US).
[2019.08.16-07.12.05:386][  0]LogInit: Setting process to per monitor DPI aware
[2019.08.16-07.12.05:573][  0]LogSlate: New Slate User Created.  User Index 0, Is Virtual User: 0
[2019.08.16-07.12.05:573][  0]LogSlate: Slate User Registered.  User Index 0, Is Virtual User: 0
[2019.08.16-07.12.08:954][  0]LogHMD: Failed to initialize OpenVR with code 110
[2019.08.16-07.12.08:954][  0]LogD3D11RHI: D3D11 adapters:
[2019.08.16-07.12.09:163][  0]LogD3D11RHI:    0. 'NVIDIA GeForce MX150' (Feature Level 11_0)
[2019.08.16-07.12.09:163][  0]LogD3D11RHI:       1983/0/4052 MB DedicatedVideo/DedicatedSystem/SharedSystem, Outputs:1, VendorId:0x10de
[2019.08.16-07.12.09:210][  0]LogD3D11RHI:    1. 'Intel(R) UHD Graphics 620' (Feature Level 11_0)
[2019.08.16-07.12.09:210][  0]LogD3D11RHI:       128/0/4052 MB DedicatedVideo/DedicatedSystem/SharedSystem, Outputs:0, VendorId:0x8086
[2019.08.16-07.12.09:224][  0]LogD3D11RHI:    2. 'Microsoft Basic Render Driver' (Feature Level 11_0)
[2019.08.16-07.12.09:224][  0]LogD3D11RHI:       0/0/4052 MB DedicatedVideo/DedicatedSystem/SharedSystem, Outputs:0, VendorId:0x1414
[2019.08.16-07.12.09:224][  0]LogD3D11RHI: Chosen D3D11 Adapter: 0
[2019.08.16-07.12.09:277][  0]LogD3D11RHI: Creating new Direct3DDevice
[2019.08.16-07.12.09:278][  0]LogD3D11RHI:     GPU DeviceId: 0x1d10 (for the marketing name, search the web for "GPU Device Id")
[2019.08.16-07.12.09:278][  0]LogWindows: EnumDisplayDevices:
[2019.08.16-07.12.09:279][  0]LogWindows:    0. 'Intel(R) UHD Graphics 620' (P:1 D:1)
[2019.08.16-07.12.09:281][  0]LogWindows:    1. 'Intel(R) UHD Graphics 620' (P:0 D:0)
[2019.08.16-07.12.09:283][  0]LogWindows:    2. 'Intel(R) UHD Graphics 620' (P:0 D:0)
[2019.08.16-07.12.09:284][  0]LogWindows: DebugString: PrimaryIsNotTheChoosenAdapter PrimaryIsNotTheChoosenAdapter PrimaryIsNotTheChoosenAdapter FoundDriverCount:0 
[2019.08.16-07.12.09:284][  0]LogD3D11RHI:     Adapter Name: NVIDIA GeForce MX150
[2019.08.16-07.12.09:284][  0]LogD3D11RHI:   Driver Version: Unknown (internal:Unknown, unified:Unknown)
[2019.08.16-07.12.09:284][  0]LogD3D11RHI:      Driver Date: Unknown
[2019.08.16-07.12.09:284][  0]LogRHI: Texture pool is 1388 MB (70% of 1983 MB)
[2019.08.16-07.12.09:365][  0]LogD3D11RHI: Async texture creation enabled
[2019.08.16-07.12.09:391][  0]LogRendererCore: FGlobalReadBuffer::InitRHI
[2019.08.16-07.12.09:393][  0]LogRendererCore: FGlobalReadBuffer::InitRHI
[2019.08.16-07.12.09:393][  0]LogRendererCore: FGlobalReadBuffer::InitRHI
[2019.08.16-07.12.09:411][  0]LogD3D11RHI: GPU Timing Frequency: 1000.000000 (Debug: 2 2)
[2019.08.16-07.12.10:272][  0]LogTemp: Display: Module 'AllDesktopTargetPlatform' loaded TargetPlatform 'AllDesktop'
[2019.08.16-07.12.10:297][  0]LogTemp: Display: Module 'MacClientTargetPlatform' loaded TargetPlatform 'MacClient'
[2019.08.16-07.12.10:319][  0]LogTemp: Display: Module 'MacNoEditorTargetPlatform' loaded TargetPlatform 'MacNoEditor'
[2019.08.16-07.12.10:344][  0]LogTemp: Display: Module 'MacServerTargetPlatform' loaded TargetPlatform 'MacServer'
[2019.08.16-07.12.10:375][  0]LogTemp: Display: Module 'MacTargetPlatform' loaded TargetPlatform 'Mac'
[2019.08.16-07.12.10:403][  0]LogTemp: Display: Module 'WindowsClientTargetPlatform' loaded TargetPlatform 'WindowsClient'
[2019.08.16-07.12.10:432][  0]LogTemp: Display: Module 'WindowsNoEditorTargetPlatform' loaded TargetPlatform 'WindowsNoEditor'
[2019.08.16-07.12.10:462][  0]LogTemp: Display: Module 'WindowsServerTargetPlatform' loaded TargetPlatform 'WindowsServer'
[2019.08.16-07.12.10:481][  0]LogTemp: Display: Module 'WindowsTargetPlatform' loaded TargetPlatform 'Windows'
[2019.08.16-07.12.10:644][  0]LogTemp: Display: Module 'AndroidTargetPlatform' loaded TargetPlatform 'Android'
[2019.08.16-07.12.10:644][  0]LogTemp: Display: Module 'AndroidTargetPlatform' loaded TargetPlatform 'Android_ASTC'
[2019.08.16-07.12.10:645][  0]LogTemp: Display: Module 'AndroidTargetPlatform' loaded TargetPlatform 'Android_ATC'
[2019.08.16-07.12.10:645][  0]LogTemp: Display: Module 'AndroidTargetPlatform' loaded TargetPlatform 'Android_DXT'
[2019.08.16-07.12.10:645][  0]LogTemp: Display: Module 'AndroidTargetPlatform' loaded TargetPlatform 'Android_ETC1'
[2019.08.16-07.12.10:645][  0]LogTemp: Display: Module 'AndroidTargetPlatform' loaded TargetPlatform 'Android_ETC1a'
[2019.08.16-07.12.10:645][  0]LogTemp: Display: Module 'AndroidTargetPlatform' loaded TargetPlatform 'Android_ETC2'
[2019.08.16-07.12.10:645][  0]LogTemp: Display: Module 'AndroidTargetPlatform' loaded TargetPlatform 'Android_PVRTC'
[2019.08.16-07.12.10:645][  0]LogTemp: Display: Module 'AndroidTargetPlatform' loaded TargetPlatform 'AndroidClient'
[2019.08.16-07.12.10:645][  0]LogTemp: Display: Module 'AndroidTargetPlatform' loaded TargetPlatform 'Android_ASTCClient'
[2019.08.16-07.12.10:645][  0]LogTemp: Display: Module 'AndroidTargetPlatform' loaded TargetPlatform 'Android_ATCClient'
[2019.08.16-07.12.10:645][  0]LogTemp: Display: Module 'AndroidTargetPlatform' loaded TargetPlatform 'Android_DXTClient'
[2019.08.16-07.12.10:645][  0]LogTemp: Display: Module 'AndroidTargetPlatform' loaded TargetPlatform 'Android_ETC1Client'
[2019.08.16-07.12.10:645][  0]LogTemp: Display: Module 'AndroidTargetPlatform' loaded TargetPlatform 'Android_ETC1aClient'
[2019.08.16-07.12.10:645][  0]LogTemp: Display: Module 'AndroidTargetPlatform' loaded TargetPlatform 'Android_ETC2Client'
[2019.08.16-07.12.10:645][  0]LogTemp: Display: Module 'AndroidTargetPlatform' loaded TargetPlatform 'Android_PVRTCClient'
[2019.08.16-07.12.10:645][  0]LogTemp: Display: Module 'AndroidTargetPlatform' loaded TargetPlatform 'Android_Multi'
[2019.08.16-07.12.10:645][  0]LogTemp: Display: Module 'AndroidTargetPlatform' loaded TargetPlatform 'Android_MultiClient'
[2019.08.16-07.12.10:652][  0]LogTemp: Display: Module 'HTML5TargetPlatform' loaded TargetPlatform 'HTML5'
[2019.08.16-07.12.10:738][  0]LogTemp: Display: Module 'IOSTargetPlatform' loaded TargetPlatform 'IOSClient'
[2019.08.16-07.12.10:738][  0]LogTemp: Display: Module 'IOSTargetPlatform' loaded TargetPlatform 'IOS'
[2019.08.16-07.12.10:779][  0]LogTemp: Display: Module 'TVOSTargetPlatform' loaded TargetPlatform 'TVOSClient'
[2019.08.16-07.12.10:779][  0]LogTemp: Display: Module 'TVOSTargetPlatform' loaded TargetPlatform 'TVOS'
[2019.08.16-07.12.10:802][  0]LogTemp: Display: Module 'LinuxClientTargetPlatform' loaded TargetPlatform 'LinuxClient'
[2019.08.16-07.12.10:824][  0]LogTemp: Display: Module 'LinuxNoEditorTargetPlatform' loaded TargetPlatform 'LinuxNoEditor'
[2019.08.16-07.12.10:844][  0]LogTemp: Display: Module 'LinuxServerTargetPlatform' loaded TargetPlatform 'LinuxServer'
[2019.08.16-07.12.10:876][  0]LogTemp: Display: Module 'LinuxTargetPlatform' loaded TargetPlatform 'Linux'
[2019.08.16-07.12.10:946][  0]LogTemp: Display: Module 'LuminTargetPlatform' loaded TargetPlatform 'Lumin'
[2019.08.16-07.12.10:946][  0]LogTemp: Display: Module 'LuminTargetPlatform' loaded TargetPlatform 'LuminClient'
[2019.08.16-07.12.10:946][  0]LogTargetPlatformManager: Display: Building Assets For Windows
[2019.08.16-07.12.11:009][  0]LogAudioDebug: Display: Lib vorbis DLL was dynamically loaded.
[2019.08.16-07.12.11:187][  0]LogShaderCompilers: Guid format shader working directory is -34 characters bigger than the processId version (../../../../../../Users/jjikk/Desktop/Git_Unreal/UnrealEngine_Study/Projectfile/Intermediate/Shaders/WorkingDirectory/20048/).
[2019.08.16-07.12.11:188][  0]LogShaderCompilers: Cleaned the shader compiler working directory 'C:/Users/jjikk/AppData/Local/Temp/UnrealShaderWorkingDir/2D8CFD5E4E23C5EF7905BD89836E1F9D/'.
[2019.08.16-07.12.11:194][  0]LogXGEController: Cannot use XGE Controller as Incredibuild is not installed on this machine.
[2019.08.16-07.12.11:194][  0]LogShaderCompilers: Cannot use XGE Shader Compiler as Incredibuild is not installed on this machine.
[2019.08.16-07.12.11:194][  0]LogShaderCompilers: Display: Using Local Shader Compiler.
[2019.08.16-07.12.14:165][  0]LogDerivedDataCache: Display: Max Cache Size: 512 MB
[2019.08.16-07.12.14:270][  0]LogDerivedDataCache: Loaded boot cache 0.10s 71MB C:/Users/jjikk/AppData/Local/UnrealEngine/4.22/DerivedDataCache/Boot.ddc.
[2019.08.16-07.12.14:270][  0]LogDerivedDataCache: Display: Loaded Boot cache: C:/Users/jjikk/AppData/Local/UnrealEngine/4.22/DerivedDataCache/Boot.ddc
[2019.08.16-07.12.14:270][  0]LogDerivedDataCache: FDerivedDataBackendGraph:  Pak pak cache file ../../../../../../Users/jjikk/Desktop/Git_Unreal/UnrealEngine_Study/Projectfile/DerivedDataCache/DDC.ddp not found, will not use a pak cache.
[2019.08.16-07.12.14:270][  0]LogDerivedDataCache: Unable to find inner node Pak for hierarchical cache Hierarchy.
[2019.08.16-07.12.14:270][  0]LogDerivedDataCache: FDerivedDataBackendGraph:  CompressedPak pak cache file ../../../../../../Users/jjikk/Desktop/Git_Unreal/UnrealEngine_Study/Projectfile/DerivedDataCache/Compressed.ddp not found, will not use a pak cache.
[2019.08.16-07.12.14:270][  0]LogDerivedDataCache: Unable to find inner node CompressedPak for hierarchical cache Hierarchy.
[2019.08.16-07.12.14:297][  0]LogDerivedDataCache: Display: Pak cache opened for reading ../../../Engine/DerivedDataCache/Compressed.ddp.
[2019.08.16-07.12.14:297][  0]LogDerivedDataCache: FDerivedDataBackendGraph:  EnterprisePak pak cache file ../../../Enterprise/DerivedDataCache/Compressed.ddp not found, will not use a pak cache.
[2019.08.16-07.12.14:297][  0]LogDerivedDataCache: Unable to find inner node EnterprisePak for hierarchical cache Hierarchy.
[2019.08.16-07.12.14:310][  0]LogDerivedDataCache: Using Local data cache path C:/Users/jjikk/AppData/Local/UnrealEngine/Common/DerivedDataCache: Writable
[2019.08.16-07.12.14:310][  0]LogDerivedDataCache: Shared data cache path not found in *engine.ini, will not use an Shared cache.
[2019.08.16-07.12.14:310][  0]LogDerivedDataCache: Unable to find inner node Shared for hierarchical cache Hierarchy.
[2019.08.16-07.12.14:351][  0]LogMaterial: Verifying Global Shaders for PCD3D_SM5
[2019.08.16-07.12.14:357][  0]LogSlate: Using FreeType 2.6.0
[2019.08.16-07.12.14:382][  0]LogSlate: SlateFontServices - WITH_FREETYPE: 1, WITH_HARFBUZZ: 1
[2019.08.16-07.12.15:002][  0]LogAssetRegistry: FAssetRegistry took 0.0506 seconds to start up
[2019.08.16-07.12.15:750][  0]LogInit: Selected Device Profile: [Windows]
[2019.08.16-07.12.16:148][  0]LogMeshReduction: Using QuadricMeshReduction for automatic static mesh reduction
[2019.08.16-07.12.16:148][  0]LogMeshReduction: Using SimplygonMeshReduction for automatic skeletal mesh reduction
[2019.08.16-07.12.16:148][  0]LogMeshReduction: Using ProxyLODMeshReduction for automatic mesh merging
[2019.08.16-07.12.16:148][  0]LogMeshReduction: No distributed automatic mesh merging module available
[2019.08.16-07.12.16:148][  0]LogMeshMerging: No distributed automatic mesh merging module available
[2019.08.16-07.12.16:221][  0]LogNetVersion: BasicStudy 1.0.0, NetCL: 5660361, EngineNetVer: 10, GameNetVer: 0 (Checksum: 2039729301)
[2019.08.16-07.12.17:883][  0]LogPackageLocalizationCache: Processed 10 localized package path(s) for 1 prioritized culture(s) in 0.117075 seconds
[2019.08.16-07.12.17:894][  0]LogUObjectArray: 42205 objects as part of root set at end of initial load.
[2019.08.16-07.12.17:894][  0]LogUObjectAllocator: 7325032 out of 0 bytes used by permanent object pool.
[2019.08.16-07.12.17:894][  0]LogUObjectArray: CloseDisregardForGC: 0/0 objects in disregard for GC pool
[2019.08.16-07.12.24:547][  0]LogTcpMessaging: Initializing TcpMessaging bridge
[2019.08.16-07.12.24:565][  0]LogUdpMessaging: Initializing bridge on interface 0.0.0.0:0 to multicast group 230.0.0.1:6666.
[2019.08.16-07.12.25:374][  0]SourceControl: 소스 컨트롤이 꺼져 있습니다.
[2019.08.16-07.12.25:375][  0]SourceControl: 소스 컨트롤이 꺼져 있습니다.
[2019.08.16-07.12.25:388][  0]SourceControl: 소스 컨트롤이 꺼져 있습니다.
[2019.08.16-07.12.25:395][  0]SourceControl: 소스 컨트롤이 꺼져 있습니다.
[2019.08.16-07.12.25:840][  0]LogAndroidPermission: UAndroidPermissionCallbackProxy::GetInstance
[2019.08.16-07.12.26:271][  0]LogOcInput: OculusInput pre-init called
[2019.08.16-07.12.28:795][  0]LogEngine: Initializing Engine...
[2019.08.16-07.12.28:803][  0]LogHMD: Failed to initialize OpenVR with code 110
[2019.08.16-07.12.28:807][  0]LogStats: UGameplayTagsManager::InitializeManager -  0.002 s
[2019.08.16-07.12.29:195][  0]LogInit: Initializing FReadOnlyCVARCache
[2019.08.16-07.12.29:271][  0]LogAIModule: Creating AISystem for world Untitled
[2019.08.16-07.12.29:381][  0]LogInit: XAudio2 using '스피커 (Realtek High Definition Audio(SST))' : 2 channels at 48 kHz using 16 bits per sample (channel mask 0x3)
[2019.08.16-07.12.30:628][  0]LogInit: FAudioDevice initialized.
[2019.08.16-07.12.30:629][  0]LogNetVersion: Set ProjectVersion to 1.0.0.0. Version Checksum will be recalculated on next use.
[2019.08.16-07.12.30:695][  0]LogDerivedDataCache: Saved boot cache 0.07s 71MB C:/Users/jjikk/AppData/Local/UnrealEngine/4.22/DerivedDataCache/Boot.ddc.
[2019.08.16-07.12.30:715][  0]LogInit: Texture streaming: Enabled
[2019.08.16-07.12.30:762][  0]LogEngineSessionManager: EngineSessionManager initialized
[2019.08.16-07.12.30:829][  0]LogInit: Transaction tracking system initialized
[2019.08.16-07.12.30:921][  0]BlueprintLog: New page: 에디터 로드
[2019.08.16-07.12.31:201][  0]LocalizationService: 현지화 서비스가 비활성화되었습니다.
[2019.08.16-07.12.31:768][  0]LogFileCache: Scanning file cache for directory 'C:/Users/jjikk/Desktop/Git_Unreal/UnrealEngine_Study/Projectfile/Content/' took 0.02s
[2019.08.16-07.12.31:768][  0]LogCook: Display: Max memory allowance for cook 16384mb min free memory 0mb
[2019.08.16-07.12.31:768][  0]LogCook: Display: Mobile HDR setting 1
[2019.08.16-07.12.32:464][  0]SourceControl: 소스 컨트롤이 꺼져 있습니다.
[2019.08.16-07.12.32:466][  0]Cmd: MAP LOAD FILE="../../../../../../Users/jjikk/Desktop/Git_Unreal/UnrealEngine_Study/Projectfile/Content/Level.umap" TEMPLATE=0 SHOWPROGRESS=1 FEATURELEVEL=3
[2019.08.16-07.12.32:467][  0]LightingResults: New page: 라이팅 빌드
[2019.08.16-07.12.32:481][  0]MapCheck: New page: 맵 체크
[2019.08.16-07.12.32:481][  0]LightingResults: New page: 라이팅 빌드
[2019.08.16-07.12.32:525][  0]LogUObjectHash: Compacting FUObjectHashTables data took   2.53ms
[2019.08.16-07.12.32:795][  0]LogAIModule: Creating AISystem for world Level
[2019.08.16-07.12.32:832][  0]LogEditorServer: Finished looking for orphan Actors (0.000 secs)
[2019.08.16-07.12.32:880][  0]LogUObjectHash: Compacting FUObjectHashTables data took   3.29ms
[2019.08.16-07.12.32:881][  0]Cmd: MAP CHECKDEP NOCLEARLOG
[2019.08.16-07.12.32:881][  0]MapCheck: 맵 체크 완료: 오류 0 회, 경고 0 회, 소요 시간 0.329ms.
[2019.08.16-07.12.32:882][  0]LogFileHelpers: Loading map 'Level' took 0.417
[2019.08.16-07.12.33:167][  0]LogSlate: Updating window title bar state: overlay mode, drag disabled, window buttons hidden, title bar hidden
[2019.08.16-07.12.33:180][  0]LogSlate: Updating window title bar state: overlay mode, drag disabled, window buttons hidden, title bar hidden
[2019.08.16-07.12.33:192][  0]LogSlate: Updating window title bar state: overlay mode, drag disabled, window buttons hidden, title bar hidden
[2019.08.16-07.12.33:203][  0]LogSlate: Updating window title bar state: overlay mode, drag disabled, window buttons hidden, title bar hidden
[2019.08.16-07.12.33:237][  0]LogCollectionManager: Loaded 0 collections in 0.003447 seconds
[2019.08.16-07.12.33:305][  0]LogFileCache: Scanning file cache for directory 'C:/Users/jjikk/Desktop/Git_Unreal/UnrealEngine_Study/Projectfile/Saved/Collections/' took 0.01s
[2019.08.16-07.12.33:305][  0]LogFileCache: Scanning file cache for directory 'C:/Users/jjikk/Desktop/Git_Unreal/UnrealEngine_Study/Projectfile/Content/Developers/jjikk/Collections/' took 0.01s
[2019.08.16-07.12.33:305][  0]LogFileCache: Scanning file cache for directory 'C:/Users/jjikk/Desktop/Git_Unreal/UnrealEngine_Study/Projectfile/Content/Collections/' took 0.01s
[2019.08.16-07.12.33:305][  0]LogCollectionManager: Rebuilt the GUID cache for 0 collections in 0.000000 seconds
[2019.08.16-07.12.33:320][  0]LogContentBrowser: Native class hierarchy populated in 0.0135 seconds. Added 2779 classes and 661 folders.
[2019.08.16-07.12.33:348][  0]LogContentBrowser: Native class hierarchy updated for 'WidgetCarousel' in 0.0009 seconds. Added 0 classes and 0 folders.
[2019.08.16-07.12.33:366][  0]LogPakFile: Registered encryption key '00000000000000000000000000000000': 0 pak files mounted, 0 remain pending
[2019.08.16-07.12.33:380][  0]LogPakFile: Registered encryption key '00000000000000000000000000000000': 0 pak files mounted, 0 remain pending
[2019.08.16-07.12.33:400][  0]LogPakFile: Registered encryption key '00000000000000000000000000000000': 0 pak files mounted, 0 remain pending
[2019.08.16-07.12.33:407][  0]LogPakFile: Registered encryption key '00000000000000000000000000000000': 0 pak files mounted, 0 remain pending
[2019.08.16-07.12.33:415][  0]LogPakFile: Registered encryption key '00000000000000000000000000000000': 0 pak files mounted, 0 remain pending
[2019.08.16-07.12.33:423][  0]LogPakFile: Registered encryption key '00000000000000000000000000000000': 0 pak files mounted, 0 remain pending
[2019.08.16-07.12.33:432][  0]LogPakFile: Registered encryption key '00000000000000000000000000000000': 0 pak files mounted, 0 remain pending
[2019.08.16-07.12.33:440][  0]LogPakFile: Registered encryption key '00000000000000000000000000000000': 0 pak files mounted, 0 remain pending
[2019.08.16-07.12.33:448][  0]LogPakFile: Registered encryption key '00000000000000000000000000000000': 0 pak files mounted, 0 remain pending
[2019.08.16-07.12.33:457][  0]LogPakFile: Registered encryption key '00000000000000000000000000000000': 0 pak files mounted, 0 remain pending
[2019.08.16-07.12.33:464][  0]LogPakFile: Registered encryption key '00000000000000000000000000000000': 0 pak files mounted, 0 remain pending
[2019.08.16-07.12.33:472][  0]LogPakFile: Registered encryption key '00000000000000000000000000000000': 0 pak files mounted, 0 remain pending
[2019.08.16-07.12.33:480][  0]LogPakFile: Registered encryption key '00000000000000000000000000000000': 0 pak files mounted, 0 remain pending
[2019.08.16-07.12.33:488][  0]LogPakFile: Registered encryption key '00000000000000000000000000000000': 0 pak files mounted, 0 remain pending
[2019.08.16-07.12.33:495][  0]LogPakFile: Registered encryption key '00000000000000000000000000000000': 0 pak files mounted, 0 remain pending
[2019.08.16-07.12.33:502][  0]LogPakFile: Registered encryption key '00000000000000000000000000000000': 0 pak files mounted, 0 remain pending
[2019.08.16-07.12.33:539][  0]LogPakFile: Registered encryption key '00000000000000000000000000000000': 0 pak files mounted, 0 remain pending
[2019.08.16-07.12.33:547][  0]LogPakFile: Registered encryption key '00000000000000000000000000000000': 0 pak files mounted, 0 remain pending
[2019.08.16-07.12.33:555][  0]LogPakFile: Registered encryption key '00000000000000000000000000000000': 0 pak files mounted, 0 remain pending
[2019.08.16-07.12.33:563][  0]LogPakFile: Registered encryption key '00000000000000000000000000000000': 0 pak files mounted, 0 remain pending
[2019.08.16-07.12.33:572][  0]LogPakFile: Registered encryption key '00000000000000000000000000000000': 0 pak files mounted, 0 remain pending
[2019.08.16-07.12.33:580][  0]LogPakFile: Registered encryption key '00000000000000000000000000000000': 0 pak files mounted, 0 remain pending
[2019.08.16-07.12.33:587][  0]LogPakFile: Registered encryption key '00000000000000000000000000000000': 0 pak files mounted, 0 remain pending
[2019.08.16-07.12.33:596][  0]LogPakFile: Registered encryption key '00000000000000000000000000000000': 0 pak files mounted, 0 remain pending
[2019.08.16-07.12.33:606][  0]LogPakFile: Registered encryption key '00000000000000000000000000000000': 0 pak files mounted, 0 remain pending
[2019.08.16-07.12.33:614][  0]LogPakFile: Registered encryption key '00000000000000000000000000000000': 0 pak files mounted, 0 remain pending
[2019.08.16-07.12.33:971][  0]LogContentBrowser: Native class hierarchy updated for 'AddContentDialog' in 0.0009 seconds. Added 0 classes and 0 folders.
[2019.08.16-07.12.33:992][  0]LogContentBrowser: Native class hierarchy updated for 'SceneOutliner' in 0.0009 seconds. Added 1 classes and 2 folders.
[2019.08.16-07.12.34:194][  0]LogSlate: Took 0.010092 seconds to synchronously load lazily loaded font '../../../Engine/Content/Slate/Fonts/Roboto-Regular.ttf' (155K)
[2019.08.16-07.12.34:215][  0]LogSlate: Took 0.017933 seconds to synchronously load lazily loaded font '../../../Engine/Content/Editor/Slate/Fonts/NanumGothic.ttf' (4243K)
[2019.08.16-07.12.34:238][  0]LogSlate: Took 0.018236 seconds to synchronously load lazily loaded font '../../../Engine/Content/Editor/Slate/Fonts/NanumGothicBold.ttf' (4188K)
[2019.08.16-07.12.34:246][  0]LogSlate: Took 0.008298 seconds to synchronously load lazily loaded font '../../../Engine/Content/Slate/Fonts/Roboto-Bold.ttf' (160K)
[2019.08.16-07.12.34:266][  0]LogSlate: Took 0.009968 seconds to synchronously load lazily loaded font '../../../Engine/Content/Editor/Slate/Fonts/FontAwesome.ttf' (139K)
[2019.08.16-07.12.34:568][  0]LogRenderer: Reallocating scene render targets to support 1236x588 Format 10 NumSamples 1 (Frame:1).
[2019.08.16-07.12.34:655][  0]LogSlate: Warning: Legacy localized fallback font '../../../Engine/Content/Slate/Fonts/../../Editor/Slate/Fonts/NanumGothic.ttf' was requested. Font: '/Engine/EngineFonts/Faces/RobotoRegular.RobotoRegular', Character: '라 (U+b77c)'
Legacy localized fallback fonts were deprecated in 4.22 and will be removed in a future version!
Please update your composite fonts to use localized sub-font families: https://docs.unrealengine.com/en-US/Engine/UMG/UserGuide/Fonts/Overview
[2019.08.16-07.12.34:659][  0]LogSlate: Took 0.003640 seconds to synchronously load lazily loaded font '../../../Engine/Content/Slate/Fonts/../../Editor/Slate/Fonts/NanumGothic.ttf' (4243K)
[2019.08.16-07.12.34:713][  0]LogSlate: Took 0.008030 seconds to synchronously load lazily loaded font '../../../Engine/Content/Slate/Fonts/Roboto-Light.ttf' (167K)
[2019.08.16-07.12.34:929][  0]LogContentBrowser: Native class hierarchy updated for 'HierarchicalLODOutliner' in 0.0014 seconds. Added 0 classes and 0 folders.
[2019.08.16-07.12.34:929][  0]LogLoad: (Engine Initialization) Total time: 115.50 seconds
[2019.08.16-07.12.34:929][  0]LogLoad: (Engine Initialization) Total Blueprint compile time: 0.00 seconds
[2019.08.16-07.12.34:972][  0]Cmd: SELECT NONE
[2019.08.16-07.12.35:027][  0]LogAssetRegistry: Asset discovery search completed in 20.0493 seconds
[2019.08.16-07.12.35:032][  0]LogCollectionManager: Rebuilt the object cache for 0 collections in 0.000001 seconds (found 0 objects)
[2019.08.16-07.12.35:032][  0]LogCollectionManager: Fixed up redirectors for 0 collections in 0.000146 seconds (updated 0 objects)
[2019.08.16-07.12.35:039][  0]LogContentStreaming: Texture pool size now 1000 MB
[2019.08.16-07.12.35:989][ 42]LogSlate: Took 0.000668 seconds to synchronously load lazily loaded font '../../../Engine/Content/Slate/Fonts/Roboto-Light.ttf' (167K)
[2019.08.16-07.20.40:857][627]LogSlate: FSceneViewport::OnFocusLost() reason 0
[2019.08.16-07.20.43:553][764]LogActor: Warning: SpawnBuliding /Engine/Transient.World_4:PersistentLevel.SpawnBuliding_0 has natively added scene component(s), but none of them were set as the actor's RootComponent - picking one arbitrarily
[2019.08.16-07.20.43:593][765]LogActor: Warning: soldier /Engine/Transient.World_5:PersistentLevel.soldier_0 has natively added scene component(s), but none of them were set as the actor's RootComponent - picking one arbitrarily
[2019.08.16-07.20.43:655][767]LogActor: Warning: SelectableCube /Engine/Transient.World_7:PersistentLevel.SelectableCube_0 has natively added scene component(s), but none of them were set as the actor's RootComponent - picking one arbitrarily
[2019.08.16-07.20.43:685][768]LogActor: Warning: PhysicsCube /Engine/Transient.World_8:PersistentLevel.PhysicsCube_0 has natively added scene component(s), but none of them were set as the actor's RootComponent - picking one arbitrarily
[2019.08.16-07.20.43:750][770]LogActor: Warning: NonSelectableCube /Engine/Transient.World_10:PersistentLevel.NonSelectableCube_0 has natively added scene component(s), but none of them were set as the actor's RootComponent - picking one arbitrarily
[2019.08.16-07.20.48:550][100]LogSlate: Took 0.009024 seconds to synchronously load lazily loaded font '../../../Engine/Content/Slate/Fonts/Roboto-BoldCondensed.ttf' (158K)
[2019.08.16-07.20.58:342][875]Running C:/Program Files/Epic Games/UE_4.22/Engine/Binaries/DotNET/UnrealBuildTool.exe  -projectfiles -project="C:/Users/jjikk/Desktop/Git_Unreal/UnrealEngine_Study/Projectfile/BasicStudy.uproject" -game -rocket -progress
[2019.08.16-07.20.59:365][875]Discovering modules, targets and source code for project...
[2019.08.16-07.21.08:520][875]Binding IntelliSense data...
[2019.08.16-07.21.11:948][875]Binding IntelliSense data... 100%
[2019.08.16-07.21.11:948][875]Writing project files...
[2019.08.16-07.21.25:497][875]Writing project files... 67%
[2019.08.16-07.21.25:497][875]Writing project files... 100%
[2019.08.16-07.21.25:616][875]LogVSAccessor: Warning: Couldn't access Visual Studio
[2019.08.16-07.21.25:627][875]Candidate modules for hot reload:
[2019.08.16-07.21.25:627][875]  BasicStudy
[2019.08.16-07.21.25:627][875]Launching UnrealBuildTool... [C:/Program Files/Epic Games/UE_4.22/Engine/Binaries/DotNET/UnrealBuildTool.exe  -ModuleWithSuffix=BasicStudy,2059 Win64 Development -TargetType=Editor -Project="C:/Users/jjikk/Desktop/Git_Unreal/UnrealEngine_Study/Projectfile/BasicStudy.uproject" "C:/Users/jjikk/Desktop/Git_Unreal/UnrealEngine_Study/Projectfile/BasicStudy.uproject"  -IgnoreJunk]
[2019.08.16-07.22.26:703][875]CompilerResultsLog: New page: 컴파일 - Aug 17, 2019, 1:22:26 AM
[2019.08.16-07.22.26:704][875]CompilerResultsLog: Using 'git status' to determine working set for adaptive non-unity build (C:\Users\jjikk\Desktop\Git_Unreal\UnrealEngine_Study).
[2019.08.16-07.22.26:704][875]CompilerResultsLog: Creating makefile for BasicStudyEditor (no existing makefile)
[2019.08.16-07.22.26:704][875]CompilerResultsLog: Parsing headers for BasicStudyEditor
[2019.08.16-07.22.26:704][875]CompilerResultsLog:   Running UnrealHeaderTool "C:\Users\jjikk\Desktop\Git_Unreal\UnrealEngine_Study\Projectfile\BasicStudy.uproject" "C:\Users\jjikk\Desktop\Git_Unreal\UnrealEngine_Study\Projectfile\Intermediate\Build\Win64\BasicStudyEditor\Development\BasicStudyEditor.uhtmanifest" -LogCmds="loginit warning, logexit warning, logdatabase error" -Unattended -WarningsAsErrors -installed
[2019.08.16-07.22.26:704][875]CompilerResultsLog: Reflection code generated for BasicStudyEditor in 36.1525703 seconds
[2019.08.16-07.22.26:704][875]CompilerResultsLog: [Adaptive unity build] Excluded from BasicStudy unity file: PostEditChangePropertyActor.cpp
[2019.08.16-07.22.26:704][875]CompilerResultsLog: Using Visual Studio 2019 14.20.27508 toolchain (C:\Program Files (x86)\Microsoft Visual Studio\2019\Community\VC\Tools\MSVC\14.20.27508) and Windows 10.0.17763.0 SDK (C:\Program Files (x86)\Windows Kits\10).
[2019.08.16-07.22.26:704][875]CompilerResultsLog: Building 5 actions with 8 processes...
[2019.08.16-07.22.26:704][875]CompilerResultsLog:   [1/5] PostEditChangePropertyActor.cpp
[2019.08.16-07.22.26:704][875]CompilerResultsLog:   [2/5] Module.BasicStudy.gen.cpp
[2019.08.16-07.22.26:704][875]CompilerResultsLog:   [3/5] UE4Editor-BasicStudy-2059.lib
[2019.08.16-07.22.26:705][875]CompilerResultsLog:      Creating library C:\Users\jjikk\Desktop\Git_Unreal\UnrealEngine_Study\Projectfile\Intermediate\Build\Win64\UE4Editor\Development\BasicStudy\UE4Editor-BasicStudy-2059.lib and object C:\Users\jjikk\Desktop\Git_Unreal\UnrealEngine_Study\Projectfile\Intermediate\Build\Win64\UE4Editor\Development\BasicStudy\UE4Editor-BasicStudy-2059.exp
[2019.08.16-07.22.26:705][875]CompilerResultsLog:   [4/5] UE4Editor-BasicStudy-2059.dll
[2019.08.16-07.22.26:705][875]CompilerResultsLog:      Creating library C:\Users\jjikk\Desktop\Git_Unreal\UnrealEngine_Study\Projectfile\Intermediate\Build\Win64\UE4Editor\Development\BasicStudy\UE4Editor-BasicStudy-2059.suppressed.lib and object C:\Users\jjikk\Desktop\Git_Unreal\UnrealEngine_Study\Projectfile\Intermediate\Build\Win64\UE4Editor\Development\BasicStudy\UE4Editor-BasicStudy-2059.suppressed.exp
[2019.08.16-07.22.26:705][875]CompilerResultsLog:   [5/5] BasicStudyEditor.target
[2019.08.16-07.22.26:705][875]CompilerResultsLog: Total time in Parallel executor: 18.57 seconds
[2019.08.16-07.22.26:705][875]CompilerResultsLog: Total execution time: 60.75 seconds
[2019.08.16-07.22.26:705][875]LogMainFrame: MainFrame: Module compiling took 61.089 seconds
[2019.08.16-07.22.26:742][875]LogUObjectHash: Compacting FUObjectHashTables data took   1.02ms
[2019.08.16-07.22.27:183][875]LogClass: Could not find existing class PostEditChangePropertyActor in package /Script/BasicStudy for HotReload, assuming new class
[2019.08.16-07.22.27:230][875]LogClass: ETreeType HotReload.
[2019.08.16-07.22.27:230][875]LogClass: Status HotReload.
[2019.08.16-07.22.27:282][875]LogContentBrowser: Native class hierarchy updated for 'BasicStudy' in 0.0020 seconds. Added 48 classes and 2 folders.
[2019.08.16-07.22.27:287][875]Display: HotReload successful (24 functions remapped  0 scriptstructs remapped)
[2019.08.16-07.22.27:451][875]LogUObjectHash: Compacting FUObjectHashTables data took   2.87ms
[2019.08.16-07.22.27:480][875]LogContentBrowser: Native class hierarchy populated in 0.0192 seconds. Added 2781 classes and 663 folders.
[2019.08.16-07.22.27:483][875]Display: HotReload took 61.9s.
[2019.08.16-07.22.27:486][875]Warning: HotReload operation took 61.9s.
[2019.08.16-07.22.27:559][875]LogSlate: Window 'C++ 클래스 추가' being destroyed
[2019.08.16-07.22.27:588][875]LogHotReload: New module detected: UE4Editor-BasicStudy-2059.dll
[2019.08.16-07.22.27:767][876]LogHotReload: Starting Hot-Reload from IDE
[2019.08.16-07.22.27:932][876]LogUObjectHash: Compacting FUObjectHashTables data took   0.98ms
[2019.08.16-07.22.27:938][876]LogContentBrowser: Native class hierarchy updated for 'BasicStudy' in 0.0015 seconds. Added 48 classes and 2 folders.
[2019.08.16-07.22.27:942][876]Display: HotReload successful (0 functions remapped  0 scriptstructs remapped)
[2019.08.16-07.22.27:973][876]LogUObjectHash: Compacting FUObjectHashTables data took   0.94ms
[2019.08.16-07.22.27:995][876]LogContentBrowser: Native class hierarchy populated in 0.0158 seconds. Added 2781 classes and 663 folders.
[2019.08.16-07.22.27:999][876]Display: HotReload took  0.2s.
[2019.08.16-07.23.04:145][889]LogUnrealEdMisc: Warning: Heartbeat event firing too frequently (36.139 sec). This should never happen. Something is wrong with the timer delegate!
[2019.08.16-08.07.02:417][760]LogHotReload: New module detected: UE4Editor-BasicStudy-0002.dll
[2019.08.16-08.07.04:092][766]LogHotReload: Starting Hot-Reload from IDE
[2019.08.16-08.07.04:206][766]LogUObjectHash: Compacting FUObjectHashTables data took   6.76ms
[2019.08.16-08.07.04:596][766]LogClass: Could not find existing class PostEditChangePropertyActor in package /Script/BasicStudy for HotReload, assuming new class
[2019.08.16-08.07.04:659][766]LogClass: ETreeType HotReload.
[2019.08.16-08.07.04:659][766]LogClass: Status HotReload.
[2019.08.16-08.07.04:662][766]LogOutputDevice: Warning: 

Script Stack (0 frames):

[2019.08.16-08.07.04:664][766]LogWindows: Windows GetLastError: The operation completed successfully. (0)
[2019.08.16-08.07.10:331][766]LogWindows: Error: === Critical error: ===
[2019.08.16-08.07.10:331][766]LogWindows: Error: 
[2019.08.16-08.07.10:331][766]LogWindows: Error: Fatal error: [File:D:\Build\++UE4\Sync\Engine\Source\Runtime\CoreUObject\Private\UObject\UObjectGlobals.cpp] [Line: 3195] 
[2019.08.16-08.07.10:331][766]LogWindows: Error: Bad path name: Static Mesh/Engine/BasicShapes/Cone.Cone', missing ' or an incorrect format
[2019.08.16-08.07.10:331][766]LogWindows: Error: 
[2019.08.16-08.07.10:331][766]LogWindows: Error: 
[2019.08.16-08.07.10:331][766]LogWindows: Error: [Callstack] 0x00007ffe4cbaa839 KERNELBASE.dll!UnknownFunction []
[2019.08.16-08.07.10:331][766]LogWindows: Error: [Callstack] 0x00007ffdff0a1f37 UE4Editor-Core.dll!UnknownFunction []
[2019.08.16-08.07.10:331][766]LogWindows: Error: [Callstack] 0x00007ffdff0a46e7 UE4Editor-Core.dll!UnknownFunction []
[2019.08.16-08.07.10:331][766]LogWindows: Error: [Callstack] 0x00007ffdfeeb7d1a UE4Editor-Core.dll!UnknownFunction []
[2019.08.16-08.07.10:331][766]LogWindows: Error: [Callstack] 0x00007ffdfee3fe33 UE4Editor-Core.dll!UnknownFunction []
[2019.08.16-08.07.10:331][766]LogWindows: Error: [Callstack] 0x00007ffdfee3fd18 UE4Editor-Core.dll!UnknownFunction []
[2019.08.16-08.07.10:332][766]LogWindows: Error: [Callstack] 0x00007ffe0100eb0b UE4Editor-CoreUObject.dll!UnknownFunction []
[2019.08.16-08.07.10:332][766]LogWindows: Error: [Callstack] 0x00007ffdc7d1418e UE4Editor-BasicStudy-0002.dll!APostEditChangePropertyActor::APostEditChangePropertyActor() [C:\Users\jjikk\Desktop\Git_Unreal\UnrealEngine_Study\Projectfile\Source\BasicStudy\PostEditChangePropertyActor.cpp:10]
[2019.08.16-08.07.10:332][766]LogWindows: Error: [Callstack] 0x00007ffe00dd610f UE4Editor-CoreUObject.dll!UnknownFunction []
[2019.08.16-08.07.10:332][766]LogWindows: Error: [Callstack] 0x00007ffe01011056 UE4Editor-CoreUObject.dll!UnknownFunction []
[2019.08.16-08.07.10:332][766]LogWindows: Error: [Callstack] 0x00007ffe00ffedef UE4Editor-CoreUObject.dll!UnknownFunction []
[2019.08.16-08.07.10:332][766]LogWindows: Error: [Callstack] 0x00007ffe00dda727 UE4Editor-CoreUObject.dll!UnknownFunction []
[2019.08.16-08.07.10:332][766]LogWindows: Error: [Callstack] 0x00007ffdfed34a2b UE4Editor-Core.dll!UnknownFunction []
[2019.08.16-08.07.10:332][766]LogWindows: Error: [Callstack] 0x00007ffdfef05cb5 UE4Editor-Core.dll!UnknownFunction []
[2019.08.16-08.07.10:332][766]LogWindows: Error: [Callstack] 0x00007ffdfef05053 UE4Editor-Core.dll!UnknownFunction []
[2019.08.16-08.07.10:332][766]LogWindows: Error: [Callstack] 0x00007ffdd4fddf69 UE4Editor-HotReload.dll!UnknownFunction []
[2019.08.16-08.07.10:332][766]LogWindows: Error: [Callstack] 0x00007ffdd4fddc4e UE4Editor-HotReload.dll!UnknownFunction []
[2019.08.16-08.07.10:332][766]LogWindows: Error: [Callstack] 0x00007ffdd4fec8f1 UE4Editor-HotReload.dll!UnknownFunction []
[2019.08.16-08.07.10:332][766]LogWindows: Error: [Callstack] 0x00007ffdfecd08ba UE4Editor-Core.dll!UnknownFunction []
[2019.08.16-08.07.10:332][766]LogWindows: Error: [Callstack] 0x00007ff6fd8192d2 UE4Editor.exe!UnknownFunction []
[2019.08.16-08.07.10:332][766]LogWindows: Error: [Callstack] 0x00007ff6fd82554c UE4Editor.exe!UnknownFunction []
[2019.08.16-08.07.10:333][766]LogWindows: Error: [Callstack] 0x00007ff6fd8255ca UE4Editor.exe!UnknownFunction []
[2019.08.16-08.07.10:333][766]LogWindows: Error: [Callstack] 0x00007ff6fd83316c UE4Editor.exe!UnknownFunction []
[2019.08.16-08.07.10:333][766]LogWindows: Error: [Callstack] 0x00007ff6fd835b8e UE4Editor.exe!UnknownFunction []
[2019.08.16-08.07.10:333][766]LogWindows: Error: [Callstack] 0x00007ffe4eb27bd4 KERNEL32.DLL!UnknownFunction []
[2019.08.16-08.07.10:333][766]LogWindows: Error: [Callstack] 0x00007ffe4eecce71 ntdll.dll!UnknownFunction []
[2019.08.16-08.07.10:333][766]LogWindows: Error: 
[2019.08.16-08.07.10:390][766]LogExit: Executing StaticShutdownAfterError
[2019.08.16-08.07.10:492][766]LogWindows: FPlatformMisc::RequestExit(1)
[2019.08.16-08.07.10:504][766]Log file closed, 08/16/19 17:07:10
