Log file open, 08/16/19 17:10:22
LogWindows: Failed to load 'aqProf.dll' (GetLastError=126)
LogWindows: File 'aqProf.dll' does not exist
LogWindows: Failed to load 'VtuneApi.dll' (GetLastError=126)
LogWindows: File 'VtuneApi.dll' does not exist
LogWindows: Failed to load 'VtuneApi32e.dll' (GetLastError=126)
LogWindows: File 'VtuneApi32e.dll' does not exist
LogConsoleResponse: Display: Failed to find resolution value strings in scalability ini. Falling back to default.
LogInit: Display: Running engine for game: BasicStudy
LogPakFile: Registered encryption key '00000000000000000000000000000000': 0 pak files mounted, 0 remain pending
LogPlatformFile: Not using cached read wrapper
LogTaskGraph: Started task graph with 5 named threads and 23 total threads with 3 sets of task threads.
LogStats: Stats thread started at 0.334046
LogD3D11RHI: Loaded GFSDK_Aftermath_Lib.x64.dll
LogICUInternationalization: ICU TimeZone Detection - Raw Offset: +9:00, Platform Override: ''
LogPluginManager: Mounting plugin Paper2D
LogPluginManager: Mounting plugin AISupport
LogPluginManager: Mounting plugin LightPropagationVolume
LogPluginManager: Mounting plugin ActorLayerUtilities
LogPluginManager: Mounting plugin AnimationSharing
LogPluginManager: Mounting plugin CLionSourceCodeAccess
LogPluginManager: Mounting plugin CodeLiteSourceCodeAccess
LogPluginManager: Mounting plugin GitSourceControl
LogPluginManager: Mounting plugin KDevelopSourceCodeAccess
LogPluginManager: Mounting plugin NullSourceCodeAccess
LogPluginManager: Mounting plugin PerforceSourceControl
LogPluginManager: Mounting plugin SubversionSourceControl
LogPluginManager: Mounting plugin UObjectPlugin
LogPluginManager: Mounting plugin VisualStudioCodeSourceCodeAccess
LogPluginManager: Mounting plugin VisualStudioSourceCodeAccess
LogPluginManager: Mounting plugin XCodeSourceCodeAccess
LogPluginManager: Mounting plugin AssetManagerEditor
LogPluginManager: Mounting plugin CryptoKeys
LogPluginManager: Mounting plugin DataValidation
LogPluginManager: Mounting plugin FacialAnimation
LogPluginManager: Mounting plugin GameplayTagsEditor
LogPluginManager: Mounting plugin MacGraphicsSwitching
LogPluginManager: Mounting plugin MaterialAnalyzer
LogPluginManager: Mounting plugin MobileLauncherProfileWizard
LogPluginManager: Mounting plugin PluginBrowser
LogPluginManager: Mounting plugin SpeedTreeImporter
LogPluginManager: Mounting plugin DatasmithContent
LogPluginManager: Mounting plugin VariantManagerContent
LogPluginManager: Mounting plugin AlembicImporter
LogPluginManager: Mounting plugin AppleImageUtils
LogPluginManager: Mounting plugin AppleVision
LogPluginManager: Mounting plugin BackChannel
LogPluginManager: Mounting plugin CharacterAI
LogPluginManager: Mounting plugin GeometryCache
LogPluginManager: Mounting plugin HTML5Networking
LogPluginManager: Mounting plugin ProxyLODPlugin
LogPluginManager: Mounting plugin SkeletalReduction
LogPluginManager: Mounting plugin MagicLeap
LogPluginManager: Mounting plugin MagicLeapMedia
LogPluginManager: Mounting plugin AndroidMedia
LogPluginManager: Mounting plugin AvfMedia
LogPluginManager: Mounting plugin ImgMedia
LogPluginManager: Mounting plugin LinearTimecode
LogPluginManager: Mounting plugin MediaCompositing
LogPluginManager: Mounting plugin MediaPlayerEditor
LogPluginManager: Mounting plugin WebMMedia
LogPluginManager: Mounting plugin WmfMedia
LogPluginManager: Mounting plugin TcpMessaging
LogPluginManager: Mounting plugin UdpMessaging
LogPluginManager: Mounting plugin ActorSequence
LogPluginManager: Mounting plugin LevelSequenceEditor
LogPluginManager: Mounting plugin MatineeToLevelSequence
LogPluginManager: Mounting plugin NetcodeUnitTest
LogPluginManager: Mounting plugin NUTUnrealEngine4
LogPluginManager: Mounting plugin OnlineSubsystemGooglePlay
LogPluginManager: Mounting plugin OnlineSubsystemIOS
LogPluginManager: Mounting plugin OnlineSubsystem
LogPluginManager: Mounting plugin OnlineSubsystemNull
LogPluginManager: Mounting plugin OnlineSubsystemUtils
LogPluginManager: Mounting plugin LauncherChunkInstaller
LogPluginManager: Mounting plugin AndroidDeviceProfileSelector
LogPluginManager: Mounting plugin AndroidMoviePlayer
LogPluginManager: Mounting plugin AndroidPermission
LogPluginManager: Mounting plugin AppleMoviePlayer
LogPluginManager: Mounting plugin ArchVisCharacter
LogPluginManager: Mounting plugin AudioCapture
LogPluginManager: Mounting plugin CableComponent
LogPluginManager: Mounting plugin CustomMeshComponent
LogPluginManager: Mounting plugin EditableMesh
LogPluginManager: Mounting plugin ExampleDeviceProfileSelector
LogPluginManager: Mounting plugin Firebase
LogPluginManager: Mounting plugin GoogleCloudMessaging
LogPluginManager: Mounting plugin IOSDeviceProfileSelector
LogPluginManager: Mounting plugin LinuxDeviceProfileSelector
LogPluginManager: Mounting plugin LocationServicesBPLibrary
LogPluginManager: Mounting plugin MobilePatchingUtils
LogPluginManager: Mounting plugin OculusVR
LogPluginManager: Mounting plugin PhysXVehicles
LogPluginManager: Mounting plugin ProceduralMeshComponent
LogPluginManager: Mounting plugin RuntimePhysXCooking
LogPluginManager: Mounting plugin SignificanceManager
LogPluginManager: Mounting plugin SteamVR
LogPluginManager: Mounting plugin WebMMoviePlayer
LogPluginManager: Mounting plugin WindowsMoviePlayer
LogInit: Using libcurl 7.55.1-DEV
LogInit:  - built for x86_64-pc-win32
LogInit:  - supports SSL with OpenSSL/1.1.1
LogInit:  - supports HTTP deflate (compression) using libz 1.2.8
LogInit:  - other features:
LogInit:      CURL_VERSION_SSL
LogInit:      CURL_VERSION_LIBZ
LogInit:      CURL_VERSION_IPV6
LogInit:      CURL_VERSION_ASYNCHDNS
LogInit:      CURL_VERSION_LARGEFILE
LogInit:      CURL_VERSION_IDN
LogInit:  CurlRequestOptions (configurable via config and command line):
LogInit:  - bVerifyPeer = true  - Libcurl will verify peer certificate
LogInit:  - bUseHttpProxy = false  - Libcurl will NOT use HTTP proxy
LogInit:  - bDontReuseConnections = false  - Libcurl will reuse connections
LogInit:  - MaxHostConnections = 16  - Libcurl will limit the number of connections to a host
LogInit:  - LocalHostAddr = Default
LogInit:  - BufferSize = 65536
LogInit: WinSock: version 1.1 (2.2), MaxSocks=32767, MaxUdp=65467
LogInit: Build: ++UE4+Release-4.22-CL-7053642
LogInit: Engine Version: 4.22.3-7053642+++UE4+Release-4.22
LogInit: Compatible Engine Version: 4.22.0-5660361+++UE4+Release-4.22
LogInit: Net CL: 5660361
LogInit: OS: Windows 10 (Release 1903) (), CPU: Intel(R) Core(TM) i5-8250U CPU @ 1.60GHz, GPU: Intel(R) UHD Graphics 620
LogInit: Compiled (64-bit): Jun 18 2019 03:09:11
LogInit: Compiled with Visual C++: 19.16.27025.01
LogInit: Build Configuration: Development
LogInit: Branch Name: ++UE4+Release-4.22
LogInit: Command Line:  -skipcompile
LogInit: Base Directory: C:/Program Files/Epic Games/UE_4.22/Engine/Binaries/Win64/
LogInit: Installed Engine Build: 1
LogDevObjectVersion: Number of dev versions registered: 23
LogDevObjectVersion:   Dev-Blueprints (B0D832E4-1F89-4F0D-ACCF-7EB736FD4AA2): 10
LogDevObjectVersion:   Dev-Build (E1C64328-A22C-4D53-A36C-8E866417BD8C): 0
LogDevObjectVersion:   Dev-Core (375EC13C-06E4-48FB-B500-84F0262A717E): 3
LogDevObjectVersion:   Dev-Editor (E4B068ED-F494-42E9-A231-DA0B2E46BB41): 30
LogDevObjectVersion:   Dev-Framework (CFFC743F-43B0-4480-9391-14DF171D2073): 35
LogDevObjectVersion:   Dev-Mobile (B02B49B5-BB20-44E9-A304-32B752E40360): 2
LogDevObjectVersion:   Dev-Networking (A4E4105C-59A1-49B5-A7C5-40C4547EDFEE): 0
LogDevObjectVersion:   Dev-Online (39C831C9-5AE6-47DC-9A44-9C173E1C8E7C): 0
LogDevObjectVersion:   Dev-Physics (78F01B33-EBEA-4F98-B9B4-84EACCB95AA2): 0
LogDevObjectVersion:   Dev-Platform (6631380F-2D4D-43E0-8009-CF276956A95A): 0
LogDevObjectVersion:   Dev-Rendering (12F88B9F-8875-4AFC-A67C-D90C383ABD29): 28
LogDevObjectVersion:   Dev-Sequencer (7B5AE74C-D270-4C10-A958-57980B212A5A): 11
LogDevObjectVersion:   Dev-VR (D7296918-1DD6-4BDD-9DE2-64A83CC13884): 2
LogDevObjectVersion:   Dev-LoadTimes (C2A15278-BFE7-4AFE-6C17-90FF531DF755): 1
LogDevObjectVersion:   Private-Geometry (6EACA3D4-40EC-4CC1-B786-8BED09428FC5): 3
LogDevObjectVersion:   Dev-AnimPhys (29E575DD-E0A3-4627-9D10-D276232CDCEA): 17
LogDevObjectVersion:   Dev-Anim (AF43A65D-7FD3-4947-9873-3E8ED9C1BB05): 2
LogDevObjectVersion:   Dev-ReflectionCapture (6B266CEC-1EC7-4B8F-A30B-E4D90942FC07): 1
LogDevObjectVersion:   Dev-Automation (0DF73D61-A23F-47EA-B727-89E90C41499A): 1
LogDevObjectVersion:   FortniteMain (601D1886-AC64-4F84-AA16-D3DE0DEAC7D6): 25
LogDevObjectVersion:   Dev-Enterprise (9DFFBCD6-494F-0158-E221-12823C92A888): 6
LogDevObjectVersion:   Dev-Niagara (F2AED0AC-9AFE-416F-8664-AA7FFA26D6FC): 1
LogDevObjectVersion:   Dev-Destruction (174F1F0B-B4C6-45A5-B13F-2EE8D0FB917D): 2
LogInit: Presizing for max 16777216 objects, including 0 objects not considered by GC, pre-allocating 0 bytes for permanent pool.
LogInit: Object subsystem initialized
LogConfig: Setting CVar [[con.DebugEarlyDefault:1]]
LogConfig: Setting CVar [[r.setres:1280x720]]
[2019.08.16-08.10.23:665][  0]LogConfig: Setting CVar [[r.VSync:0]]
[2019.08.16-08.10.23:665][  0]LogConfig: Setting CVar [[r.RHICmdBypass:0]]
[2019.08.16-08.10.23:665][  0]LogConfig: Applying CVar settings from Section [/Script/Engine.RendererSettings] File [C:/Users/jjikk/Desktop/Git_Unreal/UnrealEngine_Study/Projectfile/Saved/Config/Windows/Engine.ini]
[2019.08.16-08.10.23:665][  0]LogConfig: Setting CVar [[r.GPUCrashDebugging:0]]
[2019.08.16-08.10.23:665][  0]LogConfig: Setting CVar [[r.DefaultFeature.AutoExposure.ExtendDefaultLuminanceRange:1]]
[2019.08.16-08.10.23:665][  0]LogConfig: Applying CVar settings from Section [/Script/Engine.RendererOverrideSettings] File [C:/Users/jjikk/Desktop/Git_Unreal/UnrealEngine_Study/Projectfile/Saved/Config/Windows/Engine.ini]
[2019.08.16-08.10.23:665][  0]LogConfig: Applying CVar settings from Section [/Script/Engine.StreamingSettings] File [C:/Users/jjikk/Desktop/Git_Unreal/UnrealEngine_Study/Projectfile/Saved/Config/Windows/Engine.ini]
[2019.08.16-08.10.23:665][  0]LogConfig: Setting CVar [[s.MinBulkDataSizeForAsyncLoading:131072]]
[2019.08.16-08.10.23:665][  0]LogConfig: Setting CVar [[s.AsyncLoadingThreadEnabled:0]]
[2019.08.16-08.10.23:665][  0]LogConfig: Setting CVar [[s.EventDrivenLoaderEnabled:1]]
[2019.08.16-08.10.23:665][  0]LogConfig: Setting CVar [[s.WarnIfTimeLimitExceeded:0]]
[2019.08.16-08.10.23:665][  0]LogConfig: Setting CVar [[s.TimeLimitExceededMultiplier:1.5]]
[2019.08.16-08.10.23:665][  0]LogConfig: Setting CVar [[s.TimeLimitExceededMinTime:0.005]]
[2019.08.16-08.10.23:665][  0]LogConfig: Setting CVar [[s.UseBackgroundLevelStreaming:1]]
[2019.08.16-08.10.23:665][  0]LogConfig: Setting CVar [[s.PriorityAsyncLoadingExtraTime:15.0]]
[2019.08.16-08.10.23:665][  0]LogConfig: Setting CVar [[s.LevelStreamingActorsUpdateTimeLimit:5.0]]
[2019.08.16-08.10.23:665][  0]LogConfig: Setting CVar [[s.PriorityLevelStreamingActorsUpdateExtraTime:5.0]]
[2019.08.16-08.10.23:665][  0]LogConfig: Setting CVar [[s.LevelStreamingComponentsRegistrationGranularity:10]]
[2019.08.16-08.10.23:665][  0]LogConfig: Setting CVar [[s.UnregisterComponentsTimeLimit:1.0]]
[2019.08.16-08.10.23:665][  0]LogConfig: Setting CVar [[s.LevelStreamingComponentsUnregistrationGranularity:5]]
[2019.08.16-08.10.23:665][  0]LogConfig: Applying CVar settings from Section [/Script/Engine.GarbageCollectionSettings] File [C:/Users/jjikk/Desktop/Git_Unreal/UnrealEngine_Study/Projectfile/Saved/Config/Windows/Engine.ini]
[2019.08.16-08.10.23:665][  0]LogConfig: Setting CVar [[gc.MaxObjectsNotConsideredByGC:1]]
[2019.08.16-08.10.23:665][  0]LogConfig: Setting CVar [[gc.SizeOfPermanentObjectPool:0]]
[2019.08.16-08.10.23:665][  0]LogConfig: Setting CVar [[gc.FlushStreamingOnGC:0]]
[2019.08.16-08.10.23:665][  0]LogConfig: Setting CVar [[gc.NumRetriesBeforeForcingGC:10]]
[2019.08.16-08.10.23:665][  0]LogConfig: Setting CVar [[gc.AllowParallelGC:1]]
[2019.08.16-08.10.23:665][  0]LogConfig: Setting CVar [[gc.TimeBetweenPurgingPendingKillObjects:61.1]]
[2019.08.16-08.10.23:665][  0]LogConfig: Setting CVar [[gc.MaxObjectsInEditor:16777216]]
[2019.08.16-08.10.23:665][  0]LogConfig: Setting CVar [[gc.IncrementalBeginDestroyEnabled:1]]
[2019.08.16-08.10.23:665][  0]LogConfig: Setting CVar [[gc.CreateGCClusters:1]]
[2019.08.16-08.10.23:665][  0]LogConfig: Setting CVar [[gc.MinGCClusterSize:5]]
[2019.08.16-08.10.23:665][  0]LogConfig: Setting CVar [[gc.ActorClusteringEnabled:0]]
[2019.08.16-08.10.23:665][  0]LogConfig: Setting CVar [[gc.BlueprintClusteringEnabled:0]]
[2019.08.16-08.10.23:665][  0]LogConfig: Setting CVar [[gc.UseDisregardForGCOnDedicatedServers:0]]
[2019.08.16-08.10.23:665][  0]LogConfig: Applying CVar settings from Section [/Script/Engine.NetworkSettings] File [C:/Users/jjikk/Desktop/Git_Unreal/UnrealEngine_Study/Projectfile/Saved/Config/Windows/Engine.ini]
[2019.08.16-08.10.23:665][  0]LogConfig: Applying CVar settings from Section [/Script/UnrealEd.CookerSettings] File [C:/Users/jjikk/Desktop/Git_Unreal/UnrealEngine_Study/Projectfile/Saved/Config/Windows/Engine.ini]
[2019.08.16-08.10.23:673][  0]LogConfig: Applying CVar settings from Section [ViewDistanceQuality@3] File [C:/Users/jjikk/Desktop/Git_Unreal/UnrealEngine_Study/Projectfile/Saved/Config/Windows/Scalability.ini]
[2019.08.16-08.10.23:673][  0]LogConfig: Setting CVar [[r.SkeletalMeshLODBias:0]]
[2019.08.16-08.10.23:673][  0]LogConfig: Setting CVar [[r.ViewDistanceScale:1.0]]
[2019.08.16-08.10.23:673][  0]LogConfig: Applying CVar settings from Section [AntiAliasingQuality@3] File [C:/Users/jjikk/Desktop/Git_Unreal/UnrealEngine_Study/Projectfile/Saved/Config/Windows/Scalability.ini]
[2019.08.16-08.10.23:673][  0]LogConfig: Setting CVar [[r.PostProcessAAQuality:4]]
[2019.08.16-08.10.23:673][  0]LogConfig: Applying CVar settings from Section [ShadowQuality@3] File [C:/Users/jjikk/Desktop/Git_Unreal/UnrealEngine_Study/Projectfile/Saved/Config/Windows/Scalability.ini]
[2019.08.16-08.10.23:673][  0]LogConfig: Setting CVar [[r.LightFunctionQuality:1]]
[2019.08.16-08.10.23:673][  0]LogConfig: Setting CVar [[r.ShadowQuality:5]]
[2019.08.16-08.10.23:673][  0]LogConfig: Setting CVar [[r.Shadow.CSM.MaxCascades:10]]
[2019.08.16-08.10.23:673][  0]LogConfig: Setting CVar [[r.Shadow.MaxResolution:2048]]
[2019.08.16-08.10.23:673][  0]LogConfig: Setting CVar [[r.Shadow.MaxCSMResolution:2048]]
[2019.08.16-08.10.23:673][  0]LogConfig: Setting CVar [[r.Shadow.RadiusThreshold:0.01]]
[2019.08.16-08.10.23:673][  0]LogConfig: Setting CVar [[r.Shadow.DistanceScale:1.0]]
[2019.08.16-08.10.23:673][  0]LogConfig: Setting CVar [[r.Shadow.CSM.TransitionScale:1.0]]
[2019.08.16-08.10.23:673][  0]LogConfig: Setting CVar [[r.Shadow.PreShadowResolutionFactor:1.0]]
[2019.08.16-08.10.23:673][  0]LogConfig: Setting CVar [[r.DistanceFieldShadowing:1]]
[2019.08.16-08.10.23:673][  0]LogConfig: Setting CVar [[r.DistanceFieldAO:1]]
[2019.08.16-08.10.23:673][  0]LogConfig: Setting CVar [[r.AOQuality:2]]
[2019.08.16-08.10.23:673][  0]LogConfig: Setting CVar [[r.VolumetricFog:1]]
[2019.08.16-08.10.23:673][  0]LogConfig: Setting CVar [[r.VolumetricFog.GridPixelSize:8]]
[2019.08.16-08.10.23:673][  0]LogConfig: Setting CVar [[r.VolumetricFog.GridSizeZ:128]]
[2019.08.16-08.10.23:673][  0]LogConfig: Setting CVar [[r.VolumetricFog.HistoryMissSupersampleCount:4]]
[2019.08.16-08.10.23:673][  0]LogConfig: Setting CVar [[r.LightMaxDrawDistanceScale:1]]
[2019.08.16-08.10.23:673][  0]LogConfig: Setting CVar [[r.CapsuleShadows:1]]
[2019.08.16-08.10.23:673][  0]LogConfig: Applying CVar settings from Section [PostProcessQuality@3] File [C:/Users/jjikk/Desktop/Git_Unreal/UnrealEngine_Study/Projectfile/Saved/Config/Windows/Scalability.ini]
[2019.08.16-08.10.23:673][  0]LogConfig: Setting CVar [[r.MotionBlurQuality:4]]
[2019.08.16-08.10.23:673][  0]LogConfig: Setting CVar [[r.AmbientOcclusionMipLevelFactor:0.4]]
[2019.08.16-08.10.23:673][  0]LogConfig: Setting CVar [[r.AmbientOcclusionMaxQuality:100]]
[2019.08.16-08.10.23:673][  0]LogConfig: Setting CVar [[r.AmbientOcclusionLevels:-1]]
[2019.08.16-08.10.23:673][  0]LogConfig: Setting CVar [[r.AmbientOcclusionRadiusScale:1.0]]
[2019.08.16-08.10.23:673][  0]LogConfig: Setting CVar [[r.DepthOfFieldQuality:2]]
[2019.08.16-08.10.23:673][  0]LogConfig: Setting CVar [[r.RenderTargetPoolMin:400]]
[2019.08.16-08.10.23:673][  0]LogConfig: Setting CVar [[r.LensFlareQuality:2]]
[2019.08.16-08.10.23:673][  0]LogConfig: Setting CVar [[r.SceneColorFringeQuality:1]]
[2019.08.16-08.10.23:673][  0]LogConfig: Setting CVar [[r.EyeAdaptationQuality:2]]
[2019.08.16-08.10.23:673][  0]LogConfig: Setting CVar [[r.BloomQuality:5]]
[2019.08.16-08.10.23:673][  0]LogConfig: Setting CVar [[r.FastBlurThreshold:100]]
[2019.08.16-08.10.23:673][  0]LogConfig: Setting CVar [[r.Upscale.Quality:3]]
[2019.08.16-08.10.23:673][  0]LogConfig: Setting CVar [[r.Tonemapper.GrainQuantization:1]]
[2019.08.16-08.10.23:673][  0]LogConfig: Setting CVar [[r.LightShaftQuality:1]]
[2019.08.16-08.10.23:673][  0]LogConfig: Setting CVar [[r.Filter.SizeScale:1]]
[2019.08.16-08.10.23:673][  0]LogConfig: Setting CVar [[r.Tonemapper.Quality:5]]
[2019.08.16-08.10.23:673][  0]LogConfig: Setting CVar [[r.DOF.Gather.AccumulatorQuality:1        ; higher gathering accumulator quality]]
[2019.08.16-08.10.23:673][  0]LogConfig: Setting CVar [[r.DOF.Gather.PostfilterMethod:1          ; Median3x3 postfilering method]]
[2019.08.16-08.10.23:673][  0]LogConfig: Setting CVar [[r.DOF.Gather.EnableBokehSettings:0       ; no bokeh simulation when gathering]]
[2019.08.16-08.10.23:673][  0]LogConfig: Setting CVar [[r.DOF.Gather.RingCount:4                 ; medium number of samples when gathering]]
[2019.08.16-08.10.23:673][  0]LogConfig: Setting CVar [[r.DOF.Scatter.ForegroundCompositing:1    ; additive foreground scattering]]
[2019.08.16-08.10.23:673][  0]LogConfig: Setting CVar [[r.DOF.Scatter.BackgroundCompositing:2    ; additive background scattering]]
[2019.08.16-08.10.23:673][  0]LogConfig: Setting CVar [[r.DOF.Scatter.EnableBokehSettings:1      ; bokeh simulation when scattering]]
[2019.08.16-08.10.23:673][  0]LogConfig: Setting CVar [[r.DOF.Scatter.MaxSpriteRatio:0.1         ; only a maximum of 10% of scattered bokeh]]
[2019.08.16-08.10.23:673][  0]LogConfig: Setting CVar [[r.DOF.Recombine.Quality:1                ; cheap slight out of focus]]
[2019.08.16-08.10.23:673][  0]LogConfig: Setting CVar [[r.DOF.Recombine.EnableBokehSettings:0    ; no bokeh simulation on slight out of focus]]
[2019.08.16-08.10.23:673][  0]LogConfig: Setting CVar [[r.DOF.TemporalAAQuality:1                ; more stable temporal accumulation]]
[2019.08.16-08.10.23:673][  0]LogConfig: Setting CVar [[r.DOF.Kernel.MaxForegroundRadius:0.025]]
[2019.08.16-08.10.23:673][  0]LogConfig: Setting CVar [[r.DOF.Kernel.MaxBackgroundRadius:0.025]]
[2019.08.16-08.10.23:673][  0]LogConfig: Applying CVar settings from Section [TextureQuality@3] File [C:/Users/jjikk/Desktop/Git_Unreal/UnrealEngine_Study/Projectfile/Saved/Config/Windows/Scalability.ini]
[2019.08.16-08.10.23:674][  0]LogConfig: Setting CVar [[r.Streaming.MipBias:0]]
[2019.08.16-08.10.23:674][  0]LogConfig: Setting CVar [[r.Streaming.AmortizeCPUToGPUCopy:0]]
[2019.08.16-08.10.23:674][  0]LogConfig: Setting CVar [[r.Streaming.MaxNumTexturesToStreamPerFrame:0]]
[2019.08.16-08.10.23:674][  0]LogConfig: Setting CVar [[r.Streaming.Boost:1]]
[2019.08.16-08.10.23:674][  0]LogConfig: Setting CVar [[r.MaxAnisotropy:8]]
[2019.08.16-08.10.23:674][  0]LogConfig: Setting CVar [[r.Streaming.LimitPoolSizeToVRAM:0]]
[2019.08.16-08.10.23:674][  0]LogConfig: Setting CVar [[r.Streaming.PoolSize:1000]]
[2019.08.16-08.10.23:674][  0]LogConfig: Setting CVar [[r.Streaming.MaxEffectiveScreenSize:0]]
[2019.08.16-08.10.23:674][  0]LogConfig: Applying CVar settings from Section [EffectsQuality@3] File [C:/Users/jjikk/Desktop/Git_Unreal/UnrealEngine_Study/Projectfile/Saved/Config/Windows/Scalability.ini]
[2019.08.16-08.10.23:674][  0]LogConfig: Setting CVar [[r.TranslucencyLightingVolumeDim:64]]
[2019.08.16-08.10.23:674][  0]LogConfig: Setting CVar [[r.RefractionQuality:2]]
[2019.08.16-08.10.23:674][  0]LogConfig: Setting CVar [[r.SSR.Quality:3]]
[2019.08.16-08.10.23:674][  0]LogConfig: Setting CVar [[r.SceneColorFormat:4]]
[2019.08.16-08.10.23:674][  0]LogConfig: Setting CVar [[r.DetailMode:2]]
[2019.08.16-08.10.23:674][  0]LogConfig: Setting CVar [[r.TranslucencyVolumeBlur:1]]
[2019.08.16-08.10.23:674][  0]LogConfig: Setting CVar [[r.MaterialQualityLevel:1 ; High quality]]
[2019.08.16-08.10.23:674][  0]LogConfig: Setting CVar [[r.SSS.Scale:1]]
[2019.08.16-08.10.23:674][  0]LogConfig: Setting CVar [[r.SSS.SampleSet:2]]
[2019.08.16-08.10.23:674][  0]LogConfig: Setting CVar [[r.SSS.Quality:1]]
[2019.08.16-08.10.23:674][  0]LogConfig: Setting CVar [[r.SSS.HalfRes:1]]
[2019.08.16-08.10.23:674][  0]LogConfig: Setting CVar [[r.EmitterSpawnRateScale:1.0]]
[2019.08.16-08.10.23:674][  0]LogConfig: Setting CVar [[r.ParticleLightQuality:2]]
[2019.08.16-08.10.23:674][  0]LogConfig: Applying CVar settings from Section [FoliageQuality@3] File [C:/Users/jjikk/Desktop/Git_Unreal/UnrealEngine_Study/Projectfile/Saved/Config/Windows/Scalability.ini]
[2019.08.16-08.10.23:674][  0]LogConfig: Setting CVar [[foliage.DensityScale:1.0]]
[2019.08.16-08.10.23:674][  0]LogConfig: Setting CVar [[grass.DensityScale:1.0]]
[2019.08.16-08.10.23:674][  0]LogInit: Selected Device Profile: [Windows]
[2019.08.16-08.10.23:674][  0]LogInit: Applying CVar settings loaded from the selected device profile: [Windows]
[2019.08.16-08.10.23:700][  0]LogHAL: Display: Platform has ~ 8 GB [8497971200 / 8589934592 / 8], which maps to Default [LargestMinGB=32, LargerMinGB=12, DefaultMinGB=8, SmallerMinGB=6, SmallestMinGB=0)
[2019.08.16-08.10.23:700][  0]LogConfig: Setting CVar [[r.Vulkan.UseRealUBs:0		; Required until we fix HLR fall-out]]
[2019.08.16-08.10.23:700][  0]LogInit: Going up to parent DeviceProfile []
[2019.08.16-08.10.23:700][  0]LogConfig: Applying CVar settings from Section [ViewDistanceQuality@3] File [C:/Users/jjikk/Desktop/Git_Unreal/UnrealEngine_Study/Projectfile/Saved/Config/Windows/Scalability.ini]
[2019.08.16-08.10.23:700][  0]LogConfig: Setting CVar [[r.SkeletalMeshLODBias:0]]
[2019.08.16-08.10.23:700][  0]LogConfig: Setting CVar [[r.ViewDistanceScale:1.0]]
[2019.08.16-08.10.23:700][  0]LogConfig: Applying CVar settings from Section [AntiAliasingQuality@3] File [C:/Users/jjikk/Desktop/Git_Unreal/UnrealEngine_Study/Projectfile/Saved/Config/Windows/Scalability.ini]
[2019.08.16-08.10.23:700][  0]LogConfig: Setting CVar [[r.PostProcessAAQuality:4]]
[2019.08.16-08.10.23:700][  0]LogConfig: Applying CVar settings from Section [ShadowQuality@3] File [C:/Users/jjikk/Desktop/Git_Unreal/UnrealEngine_Study/Projectfile/Saved/Config/Windows/Scalability.ini]
[2019.08.16-08.10.23:701][  0]LogConfig: Setting CVar [[r.LightFunctionQuality:1]]
[2019.08.16-08.10.23:701][  0]LogConfig: Setting CVar [[r.ShadowQuality:5]]
[2019.08.16-08.10.23:701][  0]LogConfig: Setting CVar [[r.Shadow.CSM.MaxCascades:10]]
[2019.08.16-08.10.23:701][  0]LogConfig: Setting CVar [[r.Shadow.MaxResolution:2048]]
[2019.08.16-08.10.23:701][  0]LogConfig: Setting CVar [[r.Shadow.MaxCSMResolution:2048]]
[2019.08.16-08.10.23:701][  0]LogConfig: Setting CVar [[r.Shadow.RadiusThreshold:0.01]]
[2019.08.16-08.10.23:701][  0]LogConfig: Setting CVar [[r.Shadow.DistanceScale:1.0]]
[2019.08.16-08.10.23:701][  0]LogConfig: Setting CVar [[r.Shadow.CSM.TransitionScale:1.0]]
[2019.08.16-08.10.23:701][  0]LogConfig: Setting CVar [[r.Shadow.PreShadowResolutionFactor:1.0]]
[2019.08.16-08.10.23:701][  0]LogConfig: Setting CVar [[r.DistanceFieldShadowing:1]]
[2019.08.16-08.10.23:701][  0]LogConfig: Setting CVar [[r.DistanceFieldAO:1]]
[2019.08.16-08.10.23:701][  0]LogConfig: Setting CVar [[r.AOQuality:2]]
[2019.08.16-08.10.23:701][  0]LogConfig: Setting CVar [[r.VolumetricFog:1]]
[2019.08.16-08.10.23:701][  0]LogConfig: Setting CVar [[r.VolumetricFog.GridPixelSize:8]]
[2019.08.16-08.10.23:701][  0]LogConfig: Setting CVar [[r.VolumetricFog.GridSizeZ:128]]
[2019.08.16-08.10.23:701][  0]LogConfig: Setting CVar [[r.VolumetricFog.HistoryMissSupersampleCount:4]]
[2019.08.16-08.10.23:701][  0]LogConfig: Setting CVar [[r.LightMaxDrawDistanceScale:1]]
[2019.08.16-08.10.23:701][  0]LogConfig: Setting CVar [[r.CapsuleShadows:1]]
[2019.08.16-08.10.23:701][  0]LogConfig: Applying CVar settings from Section [PostProcessQuality@3] File [C:/Users/jjikk/Desktop/Git_Unreal/UnrealEngine_Study/Projectfile/Saved/Config/Windows/Scalability.ini]
[2019.08.16-08.10.23:701][  0]LogConfig: Setting CVar [[r.MotionBlurQuality:4]]
[2019.08.16-08.10.23:701][  0]LogConfig: Setting CVar [[r.AmbientOcclusionMipLevelFactor:0.4]]
[2019.08.16-08.10.23:701][  0]LogConfig: Setting CVar [[r.AmbientOcclusionMaxQuality:100]]
[2019.08.16-08.10.23:701][  0]LogConfig: Setting CVar [[r.AmbientOcclusionLevels:-1]]
[2019.08.16-08.10.23:701][  0]LogConfig: Setting CVar [[r.AmbientOcclusionRadiusScale:1.0]]
[2019.08.16-08.10.23:701][  0]LogConfig: Setting CVar [[r.DepthOfFieldQuality:2]]
[2019.08.16-08.10.23:701][  0]LogConfig: Setting CVar [[r.RenderTargetPoolMin:400]]
[2019.08.16-08.10.23:701][  0]LogConfig: Setting CVar [[r.LensFlareQuality:2]]
[2019.08.16-08.10.23:701][  0]LogConfig: Setting CVar [[r.SceneColorFringeQuality:1]]
[2019.08.16-08.10.23:701][  0]LogConfig: Setting CVar [[r.EyeAdaptationQuality:2]]
[2019.08.16-08.10.23:701][  0]LogConfig: Setting CVar [[r.BloomQuality:5]]
[2019.08.16-08.10.23:701][  0]LogConfig: Setting CVar [[r.FastBlurThreshold:100]]
[2019.08.16-08.10.23:702][  0]LogConfig: Setting CVar [[r.Upscale.Quality:3]]
[2019.08.16-08.10.23:702][  0]LogConfig: Setting CVar [[r.Tonemapper.GrainQuantization:1]]
[2019.08.16-08.10.23:702][  0]LogConfig: Setting CVar [[r.LightShaftQuality:1]]
[2019.08.16-08.10.23:702][  0]LogConfig: Setting CVar [[r.Filter.SizeScale:1]]
[2019.08.16-08.10.23:702][  0]LogConfig: Setting CVar [[r.Tonemapper.Quality:5]]
[2019.08.16-08.10.23:702][  0]LogConfig: Setting CVar [[r.DOF.Gather.AccumulatorQuality:1        ; higher gathering accumulator quality]]
[2019.08.16-08.10.23:702][  0]LogConfig: Setting CVar [[r.DOF.Gather.PostfilterMethod:1          ; Median3x3 postfilering method]]
[2019.08.16-08.10.23:702][  0]LogConfig: Setting CVar [[r.DOF.Gather.EnableBokehSettings:0       ; no bokeh simulation when gathering]]
[2019.08.16-08.10.23:702][  0]LogConfig: Setting CVar [[r.DOF.Gather.RingCount:4                 ; medium number of samples when gathering]]
[2019.08.16-08.10.23:702][  0]LogConfig: Setting CVar [[r.DOF.Scatter.ForegroundCompositing:1    ; additive foreground scattering]]
[2019.08.16-08.10.23:702][  0]LogConfig: Setting CVar [[r.DOF.Scatter.BackgroundCompositing:2    ; additive background scattering]]
[2019.08.16-08.10.23:702][  0]LogConfig: Setting CVar [[r.DOF.Scatter.EnableBokehSettings:1      ; bokeh simulation when scattering]]
[2019.08.16-08.10.23:702][  0]LogConfig: Setting CVar [[r.DOF.Scatter.MaxSpriteRatio:0.1         ; only a maximum of 10% of scattered bokeh]]
[2019.08.16-08.10.23:702][  0]LogConfig: Setting CVar [[r.DOF.Recombine.Quality:1                ; cheap slight out of focus]]
[2019.08.16-08.10.23:702][  0]LogConfig: Setting CVar [[r.DOF.Recombine.EnableBokehSettings:0    ; no bokeh simulation on slight out of focus]]
[2019.08.16-08.10.23:702][  0]LogConfig: Setting CVar [[r.DOF.TemporalAAQuality:1                ; more stable temporal accumulation]]
[2019.08.16-08.10.23:702][  0]LogConfig: Setting CVar [[r.DOF.Kernel.MaxForegroundRadius:0.025]]
[2019.08.16-08.10.23:702][  0]LogConfig: Setting CVar [[r.DOF.Kernel.MaxBackgroundRadius:0.025]]
[2019.08.16-08.10.23:702][  0]LogConfig: Applying CVar settings from Section [TextureQuality@3] File [C:/Users/jjikk/Desktop/Git_Unreal/UnrealEngine_Study/Projectfile/Saved/Config/Windows/Scalability.ini]
[2019.08.16-08.10.23:702][  0]LogConfig: Setting CVar [[r.Streaming.MipBias:0]]
[2019.08.16-08.10.23:702][  0]LogConfig: Setting CVar [[r.Streaming.AmortizeCPUToGPUCopy:0]]
[2019.08.16-08.10.23:702][  0]LogConfig: Setting CVar [[r.Streaming.MaxNumTexturesToStreamPerFrame:0]]
[2019.08.16-08.10.23:702][  0]LogConfig: Setting CVar [[r.Streaming.Boost:1]]
[2019.08.16-08.10.23:702][  0]LogConfig: Setting CVar [[r.MaxAnisotropy:8]]
[2019.08.16-08.10.23:702][  0]LogConfig: Setting CVar [[r.Streaming.LimitPoolSizeToVRAM:0]]
[2019.08.16-08.10.23:702][  0]LogConfig: Setting CVar [[r.Streaming.PoolSize:1000]]
[2019.08.16-08.10.23:702][  0]LogConfig: Setting CVar [[r.Streaming.MaxEffectiveScreenSize:0]]
[2019.08.16-08.10.23:702][  0]LogConfig: Applying CVar settings from Section [EffectsQuality@3] File [C:/Users/jjikk/Desktop/Git_Unreal/UnrealEngine_Study/Projectfile/Saved/Config/Windows/Scalability.ini]
[2019.08.16-08.10.23:702][  0]LogConfig: Setting CVar [[r.TranslucencyLightingVolumeDim:64]]
[2019.08.16-08.10.23:702][  0]LogConfig: Setting CVar [[r.RefractionQuality:2]]
[2019.08.16-08.10.23:702][  0]LogConfig: Setting CVar [[r.SSR.Quality:3]]
[2019.08.16-08.10.23:702][  0]LogConfig: Setting CVar [[r.SceneColorFormat:4]]
[2019.08.16-08.10.23:702][  0]LogConfig: Setting CVar [[r.DetailMode:2]]
[2019.08.16-08.10.23:702][  0]LogConfig: Setting CVar [[r.TranslucencyVolumeBlur:1]]
[2019.08.16-08.10.23:702][  0]LogConfig: Setting CVar [[r.MaterialQualityLevel:1 ; High quality]]
[2019.08.16-08.10.23:703][  0]LogConfig: Setting CVar [[r.SSS.Scale:1]]
[2019.08.16-08.10.23:703][  0]LogConfig: Setting CVar [[r.SSS.SampleSet:2]]
[2019.08.16-08.10.23:703][  0]LogConfig: Setting CVar [[r.SSS.Quality:1]]
[2019.08.16-08.10.23:703][  0]LogConfig: Setting CVar [[r.SSS.HalfRes:1]]
[2019.08.16-08.10.23:703][  0]LogConfig: Setting CVar [[r.EmitterSpawnRateScale:1.0]]
[2019.08.16-08.10.23:703][  0]LogConfig: Setting CVar [[r.ParticleLightQuality:2]]
[2019.08.16-08.10.23:703][  0]LogConfig: Applying CVar settings from Section [FoliageQuality@3] File [C:/Users/jjikk/Desktop/Git_Unreal/UnrealEngine_Study/Projectfile/Saved/Config/Windows/Scalability.ini]
[2019.08.16-08.10.23:703][  0]LogConfig: Setting CVar [[foliage.DensityScale:1.0]]
[2019.08.16-08.10.23:703][  0]LogConfig: Setting CVar [[grass.DensityScale:1.0]]
[2019.08.16-08.10.23:703][  0]LogConfig: Applying CVar settings from Section [Startup] File [../../../Engine/Config/ConsoleVariables.ini]
[2019.08.16-08.10.23:704][  0]LogConfig: Setting CVar [[net.UseAdaptiveNetUpdateFrequency:0]]
[2019.08.16-08.10.23:704][  0]LogConfig: Setting CVar [[p.chaos.AllowCreatePhysxBodies:1]]
[2019.08.16-08.10.23:704][  0]LogConfig: Applying CVar settings from Section [ConsoleVariables] File [C:/Users/jjikk/Desktop/Git_Unreal/UnrealEngine_Study/Projectfile/Saved/Config/Windows/Engine.ini]
[2019.08.16-08.10.23:704][  0]LogInit: Computer: JJIKKYU_LAPTOP
[2019.08.16-08.10.23:704][  0]LogInit: User: jjikk
[2019.08.16-08.10.23:704][  0]LogInit: CPU Page size=4096, Cores=4
[2019.08.16-08.10.23:704][  0]LogInit: High frequency timer resolution =10.000000 MHz
[2019.08.16-08.10.23:704][  0]LogMemory: Memory total: Physical=7.9GB (8GB approx)
[2019.08.16-08.10.23:704][  0]LogMemory: Platform Memory Stats for Windows
[2019.08.16-08.10.23:704][  0]LogMemory: Process Physical Memory: 101.03 MB used, 101.03 MB peak
[2019.08.16-08.10.23:704][  0]LogMemory: Process Virtual Memory: 89.35 MB used, 89.35 MB peak
[2019.08.16-08.10.23:704][  0]LogMemory: Physical Memory: 6512.84 MB used,  1591.45 MB free, 8104.30 MB total
[2019.08.16-08.10.23:705][  0]LogMemory: Virtual Memory: 4643.82 MB used,  134213088.00 MB free, 134217728.00 MB total
[2019.08.16-08.10.23:797][  0]LogInit: Overriding language with editor language configuration option (ko).
[2019.08.16-08.10.23:797][  0]LogInit: Overriding locale with editor culture configuration option ().
[2019.08.16-08.10.23:797][  0]LogInit: Using OS detected locale (en-US).
[2019.08.16-08.10.24:228][  0]LogInit: Setting process to per monitor DPI aware
[2019.08.16-08.10.24:375][  0]LogSlate: New Slate User Created.  User Index 0, Is Virtual User: 0
[2019.08.16-08.10.24:375][  0]LogSlate: Slate User Registered.  User Index 0, Is Virtual User: 0
[2019.08.16-08.10.27:740][  0]LogHMD: Failed to initialize OpenVR with code 110
[2019.08.16-08.10.27:740][  0]LogD3D11RHI: D3D11 adapters:
[2019.08.16-08.10.27:923][  0]LogD3D11RHI:    0. 'NVIDIA GeForce MX150' (Feature Level 11_0)
[2019.08.16-08.10.27:923][  0]LogD3D11RHI:       1983/0/4052 MB DedicatedVideo/DedicatedSystem/SharedSystem, Outputs:1, VendorId:0x10de
[2019.08.16-08.10.27:972][  0]LogD3D11RHI:    1. 'Intel(R) UHD Graphics 620' (Feature Level 11_0)
[2019.08.16-08.10.27:972][  0]LogD3D11RHI:       128/0/4052 MB DedicatedVideo/DedicatedSystem/SharedSystem, Outputs:0, VendorId:0x8086
[2019.08.16-08.10.27:984][  0]LogD3D11RHI:    2. 'Microsoft Basic Render Driver' (Feature Level 11_0)
[2019.08.16-08.10.27:984][  0]LogD3D11RHI:       0/0/4052 MB DedicatedVideo/DedicatedSystem/SharedSystem, Outputs:0, VendorId:0x1414
[2019.08.16-08.10.27:984][  0]LogD3D11RHI: Chosen D3D11 Adapter: 0
[2019.08.16-08.10.28:039][  0]LogD3D11RHI: Creating new Direct3DDevice
[2019.08.16-08.10.28:039][  0]LogD3D11RHI:     GPU DeviceId: 0x1d10 (for the marketing name, search the web for "GPU Device Id")
[2019.08.16-08.10.28:039][  0]LogWindows: EnumDisplayDevices:
[2019.08.16-08.10.28:040][  0]LogWindows:    0. 'Intel(R) UHD Graphics 620' (P:1 D:1)
[2019.08.16-08.10.28:042][  0]LogWindows:    1. 'Intel(R) UHD Graphics 620' (P:0 D:0)
[2019.08.16-08.10.28:045][  0]LogWindows:    2. 'Intel(R) UHD Graphics 620' (P:0 D:0)
[2019.08.16-08.10.28:047][  0]LogWindows: DebugString: PrimaryIsNotTheChoosenAdapter PrimaryIsNotTheChoosenAdapter PrimaryIsNotTheChoosenAdapter FoundDriverCount:0 
[2019.08.16-08.10.28:047][  0]LogD3D11RHI:     Adapter Name: NVIDIA GeForce MX150
[2019.08.16-08.10.28:047][  0]LogD3D11RHI:   Driver Version: Unknown (internal:Unknown, unified:Unknown)
[2019.08.16-08.10.28:047][  0]LogD3D11RHI:      Driver Date: Unknown
[2019.08.16-08.10.28:047][  0]LogRHI: Texture pool is 1388 MB (70% of 1983 MB)
[2019.08.16-08.10.28:117][  0]LogD3D11RHI: Async texture creation enabled
[2019.08.16-08.10.28:123][  0]LogRendererCore: FGlobalReadBuffer::InitRHI
[2019.08.16-08.10.28:124][  0]LogRendererCore: FGlobalReadBuffer::InitRHI
[2019.08.16-08.10.28:124][  0]LogRendererCore: FGlobalReadBuffer::InitRHI
[2019.08.16-08.10.28:138][  0]LogD3D11RHI: GPU Timing Frequency: 1000.000000 (Debug: 2 2)
[2019.08.16-08.10.28:862][  0]LogTemp: Display: Module 'AllDesktopTargetPlatform' loaded TargetPlatform 'AllDesktop'
[2019.08.16-08.10.28:883][  0]LogTemp: Display: Module 'MacClientTargetPlatform' loaded TargetPlatform 'MacClient'
[2019.08.16-08.10.28:906][  0]LogTemp: Display: Module 'MacNoEditorTargetPlatform' loaded TargetPlatform 'MacNoEditor'
[2019.08.16-08.10.28:929][  0]LogTemp: Display: Module 'MacServerTargetPlatform' loaded TargetPlatform 'MacServer'
[2019.08.16-08.10.28:955][  0]LogTemp: Display: Module 'MacTargetPlatform' loaded TargetPlatform 'Mac'
[2019.08.16-08.10.28:976][  0]LogTemp: Display: Module 'WindowsClientTargetPlatform' loaded TargetPlatform 'WindowsClient'
[2019.08.16-08.10.28:996][  0]LogTemp: Display: Module 'WindowsNoEditorTargetPlatform' loaded TargetPlatform 'WindowsNoEditor'
[2019.08.16-08.10.29:016][  0]LogTemp: Display: Module 'WindowsServerTargetPlatform' loaded TargetPlatform 'WindowsServer'
[2019.08.16-08.10.29:028][  0]LogTemp: Display: Module 'WindowsTargetPlatform' loaded TargetPlatform 'Windows'
[2019.08.16-08.10.29:147][  0]LogTemp: Display: Module 'AndroidTargetPlatform' loaded TargetPlatform 'Android'
[2019.08.16-08.10.29:147][  0]LogTemp: Display: Module 'AndroidTargetPlatform' loaded TargetPlatform 'Android_ASTC'
[2019.08.16-08.10.29:147][  0]LogTemp: Display: Module 'AndroidTargetPlatform' loaded TargetPlatform 'Android_ATC'
[2019.08.16-08.10.29:147][  0]LogTemp: Display: Module 'AndroidTargetPlatform' loaded TargetPlatform 'Android_DXT'
[2019.08.16-08.10.29:147][  0]LogTemp: Display: Module 'AndroidTargetPlatform' loaded TargetPlatform 'Android_ETC1'
[2019.08.16-08.10.29:147][  0]LogTemp: Display: Module 'AndroidTargetPlatform' loaded TargetPlatform 'Android_ETC1a'
[2019.08.16-08.10.29:147][  0]LogTemp: Display: Module 'AndroidTargetPlatform' loaded TargetPlatform 'Android_ETC2'
[2019.08.16-08.10.29:147][  0]LogTemp: Display: Module 'AndroidTargetPlatform' loaded TargetPlatform 'Android_PVRTC'
[2019.08.16-08.10.29:147][  0]LogTemp: Display: Module 'AndroidTargetPlatform' loaded TargetPlatform 'AndroidClient'
[2019.08.16-08.10.29:147][  0]LogTemp: Display: Module 'AndroidTargetPlatform' loaded TargetPlatform 'Android_ASTCClient'
[2019.08.16-08.10.29:147][  0]LogTemp: Display: Module 'AndroidTargetPlatform' loaded TargetPlatform 'Android_ATCClient'
[2019.08.16-08.10.29:147][  0]LogTemp: Display: Module 'AndroidTargetPlatform' loaded TargetPlatform 'Android_DXTClient'
[2019.08.16-08.10.29:147][  0]LogTemp: Display: Module 'AndroidTargetPlatform' loaded TargetPlatform 'Android_ETC1Client'
[2019.08.16-08.10.29:147][  0]LogTemp: Display: Module 'AndroidTargetPlatform' loaded TargetPlatform 'Android_ETC1aClient'
[2019.08.16-08.10.29:148][  0]LogTemp: Display: Module 'AndroidTargetPlatform' loaded TargetPlatform 'Android_ETC2Client'
[2019.08.16-08.10.29:148][  0]LogTemp: Display: Module 'AndroidTargetPlatform' loaded TargetPlatform 'Android_PVRTCClient'
[2019.08.16-08.10.29:148][  0]LogTemp: Display: Module 'AndroidTargetPlatform' loaded TargetPlatform 'Android_Multi'
[2019.08.16-08.10.29:148][  0]LogTemp: Display: Module 'AndroidTargetPlatform' loaded TargetPlatform 'Android_MultiClient'
[2019.08.16-08.10.29:152][  0]LogTemp: Display: Module 'HTML5TargetPlatform' loaded TargetPlatform 'HTML5'
[2019.08.16-08.10.29:231][  0]LogTemp: Display: Module 'IOSTargetPlatform' loaded TargetPlatform 'IOSClient'
[2019.08.16-08.10.29:232][  0]LogTemp: Display: Module 'IOSTargetPlatform' loaded TargetPlatform 'IOS'
[2019.08.16-08.10.29:265][  0]LogTemp: Display: Module 'TVOSTargetPlatform' loaded TargetPlatform 'TVOSClient'
[2019.08.16-08.10.29:265][  0]LogTemp: Display: Module 'TVOSTargetPlatform' loaded TargetPlatform 'TVOS'
[2019.08.16-08.10.29:283][  0]LogTemp: Display: Module 'LinuxClientTargetPlatform' loaded TargetPlatform 'LinuxClient'
[2019.08.16-08.10.29:302][  0]LogTemp: Display: Module 'LinuxNoEditorTargetPlatform' loaded TargetPlatform 'LinuxNoEditor'
[2019.08.16-08.10.29:321][  0]LogTemp: Display: Module 'LinuxServerTargetPlatform' loaded TargetPlatform 'LinuxServer'
[2019.08.16-08.10.29:355][  0]LogTemp: Display: Module 'LinuxTargetPlatform' loaded TargetPlatform 'Linux'
[2019.08.16-08.10.29:424][  0]LogTemp: Display: Module 'LuminTargetPlatform' loaded TargetPlatform 'Lumin'
[2019.08.16-08.10.29:424][  0]LogTemp: Display: Module 'LuminTargetPlatform' loaded TargetPlatform 'LuminClient'
[2019.08.16-08.10.29:424][  0]LogTargetPlatformManager: Display: Building Assets For Windows
[2019.08.16-08.10.29:443][  0]LogAudioDebug: Display: Lib vorbis DLL was dynamically loaded.
[2019.08.16-08.10.29:552][  0]LogShaderCompilers: Guid format shader working directory is -34 characters bigger than the processId version (../../../../../../Users/jjikk/Desktop/Git_Unreal/UnrealEngine_Study/Projectfile/Intermediate/Shaders/WorkingDirectory/36324/).
[2019.08.16-08.10.29:553][  0]LogShaderCompilers: Cleaned the shader compiler working directory 'C:/Users/jjikk/AppData/Local/Temp/UnrealShaderWorkingDir/F536E23A481C5C6132B00BA010CD3EB3/'.
[2019.08.16-08.10.29:557][  0]LogXGEController: Cleaning working directory: C:/Users/jjikk/AppData/Local/Temp/UnrealXGEWorkingDir/
[2019.08.16-08.10.29:558][  0]LogXGEController: Cannot use XGE Controller as Incredibuild is not installed on this machine.
[2019.08.16-08.10.29:558][  0]LogShaderCompilers: Cannot use XGE Shader Compiler as Incredibuild is not installed on this machine.
[2019.08.16-08.10.29:558][  0]LogShaderCompilers: Display: Using Local Shader Compiler.
[2019.08.16-08.10.32:702][  0]LogDerivedDataCache: Display: Max Cache Size: 512 MB
[2019.08.16-08.10.32:767][  0]LogDerivedDataCache: Loaded boot cache 0.07s 71MB C:/Users/jjikk/AppData/Local/UnrealEngine/4.22/DerivedDataCache/Boot.ddc.
[2019.08.16-08.10.32:767][  0]LogDerivedDataCache: Display: Loaded Boot cache: C:/Users/jjikk/AppData/Local/UnrealEngine/4.22/DerivedDataCache/Boot.ddc
[2019.08.16-08.10.32:768][  0]LogDerivedDataCache: FDerivedDataBackendGraph:  Pak pak cache file ../../../../../../Users/jjikk/Desktop/Git_Unreal/UnrealEngine_Study/Projectfile/DerivedDataCache/DDC.ddp not found, will not use a pak cache.
[2019.08.16-08.10.32:768][  0]LogDerivedDataCache: Unable to find inner node Pak for hierarchical cache Hierarchy.
[2019.08.16-08.10.32:768][  0]LogDerivedDataCache: FDerivedDataBackendGraph:  CompressedPak pak cache file ../../../../../../Users/jjikk/Desktop/Git_Unreal/UnrealEngine_Study/Projectfile/DerivedDataCache/Compressed.ddp not found, will not use a pak cache.
[2019.08.16-08.10.32:768][  0]LogDerivedDataCache: Unable to find inner node CompressedPak for hierarchical cache Hierarchy.
[2019.08.16-08.10.32:784][  0]LogDerivedDataCache: Display: Pak cache opened for reading ../../../Engine/DerivedDataCache/Compressed.ddp.
[2019.08.16-08.10.32:784][  0]LogDerivedDataCache: FDerivedDataBackendGraph:  EnterprisePak pak cache file ../../../Enterprise/DerivedDataCache/Compressed.ddp not found, will not use a pak cache.
[2019.08.16-08.10.32:784][  0]LogDerivedDataCache: Unable to find inner node EnterprisePak for hierarchical cache Hierarchy.
[2019.08.16-08.10.32:797][  0]LogDerivedDataCache: Using Local data cache path C:/Users/jjikk/AppData/Local/UnrealEngine/Common/DerivedDataCache: Writable
[2019.08.16-08.10.32:797][  0]LogDerivedDataCache: Shared data cache path not found in *engine.ini, will not use an Shared cache.
[2019.08.16-08.10.32:797][  0]LogDerivedDataCache: Unable to find inner node Shared for hierarchical cache Hierarchy.
[2019.08.16-08.10.32:826][  0]LogMaterial: Verifying Global Shaders for PCD3D_SM5
[2019.08.16-08.10.32:828][  0]LogSlate: Using FreeType 2.6.0
[2019.08.16-08.10.32:831][  0]LogSlate: SlateFontServices - WITH_FREETYPE: 1, WITH_HARFBUZZ: 1
[2019.08.16-08.10.33:031][  0]LogAssetRegistry: FAssetRegistry took 0.0433 seconds to start up
[2019.08.16-08.10.33:490][  0]LogInit: Selected Device Profile: [Windows]
[2019.08.16-08.10.33:708][  0]LogMeshReduction: Using QuadricMeshReduction for automatic static mesh reduction
[2019.08.16-08.10.33:708][  0]LogMeshReduction: Using SimplygonMeshReduction for automatic skeletal mesh reduction
[2019.08.16-08.10.33:708][  0]LogMeshReduction: Using ProxyLODMeshReduction for automatic mesh merging
[2019.08.16-08.10.33:708][  0]LogMeshReduction: No distributed automatic mesh merging module available
[2019.08.16-08.10.33:708][  0]LogMeshMerging: No distributed automatic mesh merging module available
[2019.08.16-08.10.33:727][  0]LogNetVersion: BasicStudy 1.0.0, NetCL: 5660361, EngineNetVer: 10, GameNetVer: 0 (Checksum: 2039729301)
[2019.08.16-08.10.34:450][  0]LogPackageLocalizationCache: Processed 10 localized package path(s) for 1 prioritized culture(s) in 0.070876 seconds
[2019.08.16-08.10.34:457][  0]LogUObjectArray: 42205 objects as part of root set at end of initial load.
[2019.08.16-08.10.34:457][  0]LogUObjectAllocator: 7325032 out of 0 bytes used by permanent object pool.
[2019.08.16-08.10.34:457][  0]LogUObjectArray: CloseDisregardForGC: 0/0 objects in disregard for GC pool
[2019.08.16-08.10.37:142][  0]LogTcpMessaging: Initializing TcpMessaging bridge
[2019.08.16-08.10.37:161][  0]LogUdpMessaging: Initializing bridge on interface 0.0.0.0:0 to multicast group 230.0.0.1:6666.
[2019.08.16-08.10.37:725][  0]SourceControl: 소스 컨트롤이 꺼져 있습니다.
[2019.08.16-08.10.37:726][  0]SourceControl: 소스 컨트롤이 꺼져 있습니다.
[2019.08.16-08.10.37:737][  0]SourceControl: 소스 컨트롤이 꺼져 있습니다.
[2019.08.16-08.10.37:742][  0]SourceControl: 소스 컨트롤이 꺼져 있습니다.
[2019.08.16-08.10.38:032][  0]LogAndroidPermission: UAndroidPermissionCallbackProxy::GetInstance
[2019.08.16-08.10.38:352][  0]LogOcInput: OculusInput pre-init called
[2019.08.16-08.10.40:277][  0]LogEngine: Initializing Engine...
[2019.08.16-08.10.40:286][  0]LogHMD: Failed to initialize OpenVR with code 110
[2019.08.16-08.10.40:289][  0]LogStats: UGameplayTagsManager::InitializeManager -  0.001 s
[2019.08.16-08.10.40:836][  0]LogInit: Initializing FReadOnlyCVARCache
[2019.08.16-08.10.40:908][  0]LogAIModule: Creating AISystem for world Untitled
[2019.08.16-08.10.41:003][  0]LogInit: XAudio2 using '스피커 (Realtek High Definition Audio(SST))' : 2 channels at 48 kHz using 16 bits per sample (channel mask 0x3)
[2019.08.16-08.10.42:257][  0]LogInit: FAudioDevice initialized.
[2019.08.16-08.10.42:257][  0]LogNetVersion: Set ProjectVersion to 1.0.0.0. Version Checksum will be recalculated on next use.
[2019.08.16-08.10.42:317][  0]LogDerivedDataCache: Saved boot cache 0.06s 71MB C:/Users/jjikk/AppData/Local/UnrealEngine/4.22/DerivedDataCache/Boot.ddc.
[2019.08.16-08.10.42:337][  0]LogInit: Texture streaming: Enabled
[2019.08.16-08.10.42:393][  0]LogEngineSessionManager: EngineSessionManager initialized
[2019.08.16-08.10.42:393][  0]LogEngineSessionManager: EngineSessionManager sent abnormal shutdown report. Type=Crashed, SessionId={2BE7182F-4F81-B7FD-F92E-FE832D9201CC}
[2019.08.16-08.10.42:486][  0]LogInit: Transaction tracking system initialized
[2019.08.16-08.10.42:567][  0]BlueprintLog: New page: 에디터 로드
[2019.08.16-08.10.42:824][  0]LocalizationService: 현지화 서비스가 비활성화되었습니다.
[2019.08.16-08.10.43:751][  0]LogFileCache: Scanning file cache for directory 'C:/Users/jjikk/Desktop/Git_Unreal/UnrealEngine_Study/Projectfile/Content/' took 0.02s
[2019.08.16-08.10.43:751][  0]LogCook: Display: Max memory allowance for cook 16384mb min free memory 0mb
[2019.08.16-08.10.43:751][  0]LogCook: Display: Mobile HDR setting 1
[2019.08.16-08.10.44:546][  0]SourceControl: 소스 컨트롤이 꺼져 있습니다.
[2019.08.16-08.10.44:547][  0]Cmd: MAP LOAD FILE="../../../../../../Users/jjikk/Desktop/Git_Unreal/UnrealEngine_Study/Projectfile/Content/Level.umap" TEMPLATE=0 SHOWPROGRESS=1 FEATURELEVEL=3
[2019.08.16-08.10.44:557][  0]LightingResults: New page: 라이팅 빌드
[2019.08.16-08.10.44:570][  0]MapCheck: New page: 맵 체크
[2019.08.16-08.10.44:570][  0]LightingResults: New page: 라이팅 빌드
[2019.08.16-08.10.44:626][  0]LogUObjectHash: Compacting FUObjectHashTables data took   2.62ms
[2019.08.16-08.10.45:210][  0]LogAIModule: Creating AISystem for world Level
[2019.08.16-08.10.45:256][  0]LogEditorServer: Finished looking for orphan Actors (0.000 secs)
[2019.08.16-08.10.45:305][  0]LogUObjectHash: Compacting FUObjectHashTables data took   3.22ms
[2019.08.16-08.10.45:305][  0]Cmd: MAP CHECKDEP NOCLEARLOG
[2019.08.16-08.10.45:306][  0]MapCheck: 맵 체크 완료: 오류 0 회, 경고 0 회, 소요 시간 0.297ms.
[2019.08.16-08.10.45:306][  0]LogFileHelpers: Loading map 'Level' took 0.760
[2019.08.16-08.10.45:575][  0]LogSlate: Updating window title bar state: overlay mode, drag disabled, window buttons hidden, title bar hidden
[2019.08.16-08.10.45:585][  0]LogSlate: Updating window title bar state: overlay mode, drag disabled, window buttons hidden, title bar hidden
[2019.08.16-08.10.45:596][  0]LogSlate: Updating window title bar state: overlay mode, drag disabled, window buttons hidden, title bar hidden
[2019.08.16-08.10.45:606][  0]LogSlate: Updating window title bar state: overlay mode, drag disabled, window buttons hidden, title bar hidden
[2019.08.16-08.10.45:632][  0]LogCollectionManager: Loaded 0 collections in 0.003331 seconds
[2019.08.16-08.10.45:691][  0]LogFileCache: Scanning file cache for directory 'C:/Users/jjikk/Desktop/Git_Unreal/UnrealEngine_Study/Projectfile/Saved/Collections/' took 0.01s
[2019.08.16-08.10.45:691][  0]LogFileCache: Scanning file cache for directory 'C:/Users/jjikk/Desktop/Git_Unreal/UnrealEngine_Study/Projectfile/Content/Developers/jjikk/Collections/' took 0.01s
[2019.08.16-08.10.45:691][  0]LogFileCache: Scanning file cache for directory 'C:/Users/jjikk/Desktop/Git_Unreal/UnrealEngine_Study/Projectfile/Content/Collections/' took 0.01s
[2019.08.16-08.10.45:691][  0]LogCollectionManager: Rebuilt the GUID cache for 0 collections in 0.000001 seconds
[2019.08.16-08.10.45:709][  0]LogContentBrowser: Native class hierarchy populated in 0.0165 seconds. Added 2780 classes and 661 folders.
[2019.08.16-08.10.45:729][  0]LogContentBrowser: Native class hierarchy updated for 'WidgetCarousel' in 0.0012 seconds. Added 0 classes and 0 folders.
[2019.08.16-08.10.45:745][  0]LogPakFile: Registered encryption key '00000000000000000000000000000000': 0 pak files mounted, 0 remain pending
[2019.08.16-08.10.45:758][  0]LogPakFile: Registered encryption key '00000000000000000000000000000000': 0 pak files mounted, 0 remain pending
[2019.08.16-08.10.45:780][  0]LogPakFile: Registered encryption key '00000000000000000000000000000000': 0 pak files mounted, 0 remain pending
[2019.08.16-08.10.45:788][  0]LogPakFile: Registered encryption key '00000000000000000000000000000000': 0 pak files mounted, 0 remain pending
[2019.08.16-08.10.45:796][  0]LogPakFile: Registered encryption key '00000000000000000000000000000000': 0 pak files mounted, 0 remain pending
[2019.08.16-08.10.45:805][  0]LogPakFile: Registered encryption key '00000000000000000000000000000000': 0 pak files mounted, 0 remain pending
[2019.08.16-08.10.45:813][  0]LogPakFile: Registered encryption key '00000000000000000000000000000000': 0 pak files mounted, 0 remain pending
[2019.08.16-08.10.45:821][  0]LogPakFile: Registered encryption key '00000000000000000000000000000000': 0 pak files mounted, 0 remain pending
[2019.08.16-08.10.45:830][  0]LogPakFile: Registered encryption key '00000000000000000000000000000000': 0 pak files mounted, 0 remain pending
[2019.08.16-08.10.45:839][  0]LogPakFile: Registered encryption key '00000000000000000000000000000000': 0 pak files mounted, 0 remain pending
[2019.08.16-08.10.45:847][  0]LogPakFile: Registered encryption key '00000000000000000000000000000000': 0 pak files mounted, 0 remain pending
[2019.08.16-08.10.45:856][  0]LogPakFile: Registered encryption key '00000000000000000000000000000000': 0 pak files mounted, 0 remain pending
[2019.08.16-08.10.45:864][  0]LogPakFile: Registered encryption key '00000000000000000000000000000000': 0 pak files mounted, 0 remain pending
[2019.08.16-08.10.45:872][  0]LogPakFile: Registered encryption key '00000000000000000000000000000000': 0 pak files mounted, 0 remain pending
[2019.08.16-08.10.45:879][  0]LogPakFile: Registered encryption key '00000000000000000000000000000000': 0 pak files mounted, 0 remain pending
[2019.08.16-08.10.45:887][  0]LogPakFile: Registered encryption key '00000000000000000000000000000000': 0 pak files mounted, 0 remain pending
[2019.08.16-08.10.45:927][  0]LogPakFile: Registered encryption key '00000000000000000000000000000000': 0 pak files mounted, 0 remain pending
[2019.08.16-08.10.45:934][  0]LogPakFile: Registered encryption key '00000000000000000000000000000000': 0 pak files mounted, 0 remain pending
[2019.08.16-08.10.45:943][  0]LogPakFile: Registered encryption key '00000000000000000000000000000000': 0 pak files mounted, 0 remain pending
[2019.08.16-08.10.45:951][  0]LogPakFile: Registered encryption key '00000000000000000000000000000000': 0 pak files mounted, 0 remain pending
[2019.08.16-08.10.45:960][  0]LogPakFile: Registered encryption key '00000000000000000000000000000000': 0 pak files mounted, 0 remain pending
[2019.08.16-08.10.45:968][  0]LogPakFile: Registered encryption key '00000000000000000000000000000000': 0 pak files mounted, 0 remain pending
[2019.08.16-08.10.45:976][  0]LogPakFile: Registered encryption key '00000000000000000000000000000000': 0 pak files mounted, 0 remain pending
[2019.08.16-08.10.45:984][  0]LogPakFile: Registered encryption key '00000000000000000000000000000000': 0 pak files mounted, 0 remain pending
[2019.08.16-08.10.45:994][  0]LogPakFile: Registered encryption key '00000000000000000000000000000000': 0 pak files mounted, 0 remain pending
[2019.08.16-08.10.46:001][  0]LogPakFile: Registered encryption key '00000000000000000000000000000000': 0 pak files mounted, 0 remain pending
[2019.08.16-08.10.46:392][  0]LogContentBrowser: Native class hierarchy updated for 'AddContentDialog' in 0.0010 seconds. Added 0 classes and 0 folders.
[2019.08.16-08.10.46:413][  0]LogContentBrowser: Native class hierarchy updated for 'SceneOutliner' in 0.0015 seconds. Added 1 classes and 2 folders.
[2019.08.16-08.10.46:647][  0]LogSlate: Took 0.010303 seconds to synchronously load lazily loaded font '../../../Engine/Content/Slate/Fonts/Roboto-Regular.ttf' (155K)
[2019.08.16-08.10.46:671][  0]LogSlate: Took 0.020052 seconds to synchronously load lazily loaded font '../../../Engine/Content/Editor/Slate/Fonts/NanumGothic.ttf' (4243K)
[2019.08.16-08.10.46:696][  0]LogSlate: Took 0.019945 seconds to synchronously load lazily loaded font '../../../Engine/Content/Editor/Slate/Fonts/NanumGothicBold.ttf' (4188K)
[2019.08.16-08.10.46:707][  0]LogSlate: Took 0.010542 seconds to synchronously load lazily loaded font '../../../Engine/Content/Slate/Fonts/Roboto-Bold.ttf' (160K)
[2019.08.16-08.10.46:731][  0]LogSlate: Took 0.011948 seconds to synchronously load lazily loaded font '../../../Engine/Content/Editor/Slate/Fonts/FontAwesome.ttf' (139K)
[2019.08.16-08.10.47:100][  0]LogRenderer: Reallocating scene render targets to support 1236x588 Format 10 NumSamples 1 (Frame:1).
[2019.08.16-08.10.47:179][  0]LogSlate: Warning: Legacy localized fallback font '../../../Engine/Content/Slate/Fonts/../../Editor/Slate/Fonts/NanumGothic.ttf' was requested. Font: '/Engine/EngineFonts/Faces/RobotoRegular.RobotoRegular', Character: '라 (U+b77c)'
Legacy localized fallback fonts were deprecated in 4.22 and will be removed in a future version!
Please update your composite fonts to use localized sub-font families: https://docs.unrealengine.com/en-US/Engine/UMG/UserGuide/Fonts/Overview
[2019.08.16-08.10.47:183][  0]LogSlate: Took 0.003895 seconds to synchronously load lazily loaded font '../../../Engine/Content/Slate/Fonts/../../Editor/Slate/Fonts/NanumGothic.ttf' (4243K)
[2019.08.16-08.10.47:241][  0]LogSlate: Took 0.007385 seconds to synchronously load lazily loaded font '../../../Engine/Content/Slate/Fonts/Roboto-Light.ttf' (167K)
[2019.08.16-08.10.47:437][  0]LogContentBrowser: Native class hierarchy updated for 'HierarchicalLODOutliner' in 0.0009 seconds. Added 0 classes and 0 folders.
[2019.08.16-08.10.47:437][  0]LogLoad: (Engine Initialization) Total time: 29.49 seconds
[2019.08.16-08.10.47:437][  0]LogLoad: (Engine Initialization) Total Blueprint compile time: 0.00 seconds
[2019.08.16-08.10.47:505][  0]LogAssetRegistry: Asset discovery search completed in 14.4958 seconds
[2019.08.16-08.10.47:507][  0]LogCollectionManager: Rebuilt the object cache for 0 collections in 0.000000 seconds (found 0 objects)
[2019.08.16-08.10.47:507][  0]LogCollectionManager: Fixed up redirectors for 0 collections in 0.000134 seconds (updated 0 objects)
[2019.08.16-08.10.47:515][  0]LogContentStreaming: Texture pool size now 1000 MB
[2019.08.16-08.11.51:711][882]LogEditorViewport: Clicking on Actor (LMB): StaticMeshActor (Floor7)
[2019.08.16-08.12.22:415][146]LogEditorViewport: Clicking on Actor (LMB): BP_Sky_Sphere_C (Sky Sphere3)
[2019.08.16-08.12.23:971][164]LogEditorViewport: Clicking on Actor (LMB): TextRenderActor (TextRenderActor7)
[2019.08.16-08.12.26:391][190]LogSlate: FSceneViewport::OnFocusLost() reason 0
[2019.08.16-08.12.29:220][220]LogEditorViewport: Clicking on Actor (LMB): BP_Sky_Sphere_C (Sky Sphere3)
[2019.08.16-08.12.31:137][244]LogSlate: FSceneViewport::OnFocusLost() reason 0
[2019.08.16-08.12.33:849][275]LogActor: Warning: SpawnBuliding /Engine/Transient.World_6:PersistentLevel.SpawnBuliding_0 has natively added scene component(s), but none of them were set as the actor's RootComponent - picking one arbitrarily
[2019.08.16-08.12.34:074][276]LogActor: Warning: soldier /Engine/Transient.World_7:PersistentLevel.soldier_0 has natively added scene component(s), but none of them were set as the actor's RootComponent - picking one arbitrarily
[2019.08.16-08.12.34:259][278]LogActor: Warning: SelectableCube /Engine/Transient.World_9:PersistentLevel.SelectableCube_0 has natively added scene component(s), but none of them were set as the actor's RootComponent - picking one arbitrarily
[2019.08.16-08.12.34:509][280]LogActor: Warning: PhysicsCube /Engine/Transient.World_11:PersistentLevel.PhysicsCube_0 has natively added scene component(s), but none of them were set as the actor's RootComponent - picking one arbitrarily
[2019.08.16-08.12.34:777][282]LogActor: Warning: NonSelectableCube /Engine/Transient.World_13:PersistentLevel.NonSelectableCube_0 has natively added scene component(s), but none of them were set as the actor's RootComponent - picking one arbitrarily
[2019.08.16-08.12.42:548][331]LogEditor: Attempting to add actor of class 'PostEditChangePropertyActor' to level at 550.00,7940.00,-35.00
[2019.08.16-08.12.43:818][345]LogEditor: Attempting to add actor of class 'PostEditChangePropertyActor' to level at 145.00,7960.00,20.00
[2019.08.16-08.13.12:017][714]LogSlate: FSceneViewport::OnFocusLost() reason 0
[2019.08.16-08.13.23:323][864]LogSlate: Took 0.009230 seconds to synchronously load lazily loaded font '../../../Engine/Content/Slate/Fonts/Roboto-Italic.ttf' (157K)
[2019.08.16-08.14.36:749][176]LogHotReload: New module detected: UE4Editor-BasicStudy-0001.dll
[2019.08.16-08.14.39:141][184]LogHotReload: Starting Hot-Reload from IDE
[2019.08.16-08.14.39:149][184]LogSlate: Took 0.002563 seconds to synchronously load lazily loaded font '../../../Engine/Content/Slate/Fonts/Roboto-Light.ttf' (167K)
[2019.08.16-08.14.39:240][184]LogUObjectHash: Compacting FUObjectHashTables data took   1.79ms
[2019.08.16-08.14.39:664][184]LogClass: Could not find existing class PostEditChangePropertyActor in package /Script/BasicStudy for HotReload, assuming new class
[2019.08.16-08.14.39:739][184]LogClass: ETreeType HotReload.
[2019.08.16-08.14.39:739][184]LogClass: Status HotReload.
[2019.08.16-08.14.39:747][184]LogHotReload: Re-instancing PostEditChangePropertyActor after hot-reload.
[2019.08.16-08.14.39:969][184]LogContentBrowser: Native class hierarchy updated for 'BasicStudy' in 0.0013 seconds. Added 48 classes and 2 folders.
[2019.08.16-08.14.39:973][184]Display: HotReload successful (24 functions remapped  0 scriptstructs remapped)
[2019.08.16-08.14.40:112][184]LogUObjectHash: Compacting FUObjectHashTables data took   2.71ms
[2019.08.16-08.14.40:134][184]LogContentBrowser: Native class hierarchy populated in 0.0169 seconds. Added 2781 classes and 663 folders.
[2019.08.16-08.14.40:146][184]Display: HotReload took  1.0s.
[2019.08.16-08.17.54:261][ 76]Cmd: OBJ SAVEPACKAGE PACKAGE="/Game/Level" FILE="../../../../../../Users/jjikk/Desktop/Git_Unreal/UnrealEngine_Study/Projectfile/Content/Level.umap" SILENT=true AUTOSAVING=false KEEPDIRTY=false
[2019.08.16-08.17.54:305][ 76]LogUObjectHash: Compacting FUObjectHashTables data took   2.71ms
[2019.08.16-08.17.54:702][ 76]LogSavePackage: Moving '../../../../../../Users/jjikk/Desktop/Git_Unreal/UnrealEngine_Study/Projectfile/Saved/LevelAB8ADA16462A2A8DF00C50B609CED6B3.tmp' to '../../../../../../Users/jjikk/Desktop/Git_Unreal/UnrealEngine_Study/Projectfile/Content/Level.umap'
