Log file open, 08/17/19 14:50:39
LogWindows: Failed to load 'aqProf.dll' (GetLastError=126)
LogWindows: File 'aqProf.dll' does not exist
LogWindows: Failed to load 'VtuneApi.dll' (GetLastError=126)
LogWindows: File 'VtuneApi.dll' does not exist
LogWindows: Failed to load 'VtuneApi32e.dll' (GetLastError=126)
LogWindows: File 'VtuneApi32e.dll' does not exist
LogConsoleResponse: Display: Failed to find resolution value strings in scalability ini. Falling back to default.
LogInit: Display: Running engine for game: BasicStudy
LogPakFile: Registered encryption key '00000000000000000000000000000000': 0 pak files mounted, 0 remain pending
LogPlatformFile: Not using cached read wrapper
LogTaskGraph: Started task graph with 5 named threads and 47 total threads with 3 sets of task threads.
LogStats: Stats thread started at 0.558043
LogD3D11RHI: Loaded GFSDK_Aftermath_Lib.x64.dll
LogICUInternationalization: ICU TimeZone Detection - Raw Offset: +9:00, Platform Override: ''
LogPluginManager: Mounting plugin Paper2D
LogPluginManager: Mounting plugin AISupport
LogPluginManager: Mounting plugin LightPropagationVolume
LogPluginManager: Mounting plugin ActorLayerUtilities
LogPluginManager: Mounting plugin AnimationSharing
LogPluginManager: Mounting plugin CLionSourceCodeAccess
LogPluginManager: Mounting plugin CodeLiteSourceCodeAccess
LogPluginManager: Mounting plugin GitSourceControl
LogPluginManager: Mounting plugin KDevelopSourceCodeAccess
LogPluginManager: Mounting plugin NullSourceCodeAccess
LogPluginManager: Mounting plugin PerforceSourceControl
LogPluginManager: Mounting plugin SubversionSourceControl
LogPluginManager: Mounting plugin UObjectPlugin
LogPluginManager: Mounting plugin VisualStudioCodeSourceCodeAccess
LogPluginManager: Mounting plugin VisualStudioSourceCodeAccess
LogPluginManager: Mounting plugin XCodeSourceCodeAccess
LogPluginManager: Mounting plugin AssetManagerEditor
LogPluginManager: Mounting plugin CryptoKeys
LogPluginManager: Mounting plugin DataValidation
LogPluginManager: Mounting plugin FacialAnimation
LogPluginManager: Mounting plugin GameplayTagsEditor
LogPluginManager: Mounting plugin MacGraphicsSwitching
LogPluginManager: Mounting plugin MaterialAnalyzer
LogPluginManager: Mounting plugin MobileLauncherProfileWizard
LogPluginManager: Mounting plugin PluginBrowser
LogPluginManager: Mounting plugin SpeedTreeImporter
LogPluginManager: Mounting plugin DatasmithContent
LogPluginManager: Mounting plugin VariantManagerContent
LogPluginManager: Mounting plugin AlembicImporter
LogPluginManager: Mounting plugin AppleImageUtils
LogPluginManager: Mounting plugin AppleVision
LogPluginManager: Mounting plugin BackChannel
LogPluginManager: Mounting plugin CharacterAI
LogPluginManager: Mounting plugin GeometryCache
LogPluginManager: Mounting plugin HTML5Networking
LogPluginManager: Mounting plugin ProxyLODPlugin
LogPluginManager: Mounting plugin SkeletalReduction
LogPluginManager: Mounting plugin MagicLeap
LogPluginManager: Mounting plugin MagicLeapMedia
LogPluginManager: Mounting plugin AndroidMedia
LogPluginManager: Mounting plugin AvfMedia
LogPluginManager: Mounting plugin ImgMedia
LogPluginManager: Mounting plugin LinearTimecode
LogPluginManager: Mounting plugin MediaCompositing
LogPluginManager: Mounting plugin MediaPlayerEditor
LogPluginManager: Mounting plugin WebMMedia
LogPluginManager: Mounting plugin WmfMedia
LogPluginManager: Mounting plugin TcpMessaging
LogPluginManager: Mounting plugin UdpMessaging
LogPluginManager: Mounting plugin ActorSequence
LogPluginManager: Mounting plugin LevelSequenceEditor
LogPluginManager: Mounting plugin MatineeToLevelSequence
LogPluginManager: Mounting plugin NetcodeUnitTest
LogPluginManager: Mounting plugin NUTUnrealEngine4
LogPluginManager: Mounting plugin OnlineSubsystemGooglePlay
LogPluginManager: Mounting plugin OnlineSubsystemIOS
LogPluginManager: Mounting plugin OnlineSubsystem
LogPluginManager: Mounting plugin OnlineSubsystemNull
LogPluginManager: Mounting plugin OnlineSubsystemUtils
LogPluginManager: Mounting plugin LauncherChunkInstaller
LogPluginManager: Mounting plugin AndroidDeviceProfileSelector
LogPluginManager: Mounting plugin AndroidMoviePlayer
LogPluginManager: Mounting plugin AndroidPermission
LogPluginManager: Mounting plugin AppleMoviePlayer
LogPluginManager: Mounting plugin ArchVisCharacter
LogPluginManager: Mounting plugin AudioCapture
LogPluginManager: Mounting plugin CableComponent
LogPluginManager: Mounting plugin CustomMeshComponent
LogPluginManager: Mounting plugin EditableMesh
LogPluginManager: Mounting plugin ExampleDeviceProfileSelector
LogPluginManager: Mounting plugin Firebase
LogPluginManager: Mounting plugin GoogleCloudMessaging
LogPluginManager: Mounting plugin IOSDeviceProfileSelector
LogPluginManager: Mounting plugin LinuxDeviceProfileSelector
LogPluginManager: Mounting plugin LocationServicesBPLibrary
LogPluginManager: Mounting plugin MobilePatchingUtils
LogPluginManager: Mounting plugin OculusVR
LogPluginManager: Mounting plugin PhysXVehicles
LogPluginManager: Mounting plugin ProceduralMeshComponent
LogPluginManager: Mounting plugin RuntimePhysXCooking
LogPluginManager: Mounting plugin SignificanceManager
LogPluginManager: Mounting plugin SteamVR
LogPluginManager: Mounting plugin WebMMoviePlayer
LogPluginManager: Mounting plugin WindowsMoviePlayer
LogInit: Warning: Incompatible or missing module: BasicStudy
LogInit: Warning: Incompatible or missing module: BasicStudyEditor
Running C:/Program Files/Epic Games/UE_4.22/Engine/Binaries/DotNET/UnrealBuildTool.exe Development Win64 -Project="C:/Users/JJiKKYU/Desktop/OneDrive - Hongik/00_ Git/UnrealEngine_Study/UnrealEngine_Study/Projectfile/BasicStudy.uproject" -TargetType=Editor -Progress -NoHotReloadFromIDE
Using 'git status' to determine working set for adaptive non-unity build (C:\Users\JJiKKYU\Desktop\OneDrive - Hongik\00_ Git\UnrealEngine_Study\UnrealEngine_Study).
Creating makefile for BasicStudyEditor (no existing makefile)
@progress push 5%
Parsing headers for BasicStudyEditor
  Running UnrealHeaderTool "C:\Users\JJiKKYU\Desktop\OneDrive - Hongik\00_ Git\UnrealEngine_Study\UnrealEngine_Study\Projectfile\BasicStudy.uproject" "C:\Users\JJiKKYU\Desktop\OneDrive - Hongik\00_ Git\UnrealEngine_Study\UnrealEngine_Study\Projectfile\Intermediate\Build\Win64\BasicStudyEditor\Development\BasicStudyEditor.uhtmanifest" -LogCmds="loginit warning, logexit warning, logdatabase error" -Unattended -WarningsAsErrors -installed
Reflection code generated for BasicStudyEditor in 8.2264606 seconds
@progress pop
Using Visual Studio 2019 14.22.27905 toolchain (C:\Program Files (x86)\Microsoft Visual Studio\2019\Community\VC\Tools\MSVC\14.22.27905) and Windows 10.0.17763.0 SDK (C:\Program Files (x86)\Windows Kits\10).
Building 7 actions with 16 processes...
  @progress 'Compiling C++ source code...' 0%
  @progress 'Compiling C++ source code...' 14%
  [1/7] Default.rc2
  @progress 'Compiling C++ source code...' 29%
  [2/7] SharedPCH.Engine.cpp
  @progress 'Compiling C++ source code...' 43%
  [3/7] Module.BasicStudy.gen.cpp
  @progress 'Compiling C++ source code...' 57%
  [4/7] Module.BasicStudy.cpp
  C:\Users\JJiKKYU\Desktop\OneDrive - Hongik\00_ Git\UnrealEngine_Study\UnrealEngine_Study\Projectfile\Source\BasicStudy\HierachyActor.cpp(26): warning C4996: 'USceneComponent::AttachTo': This function is deprecated, please use AttachToComponent instead. Please update your code to the new API before upgrading to the next release, otherwise your project will no longer compile.
  C:\Program Files\Epic Games\UE_4.22\Engine\Source\Runtime\Engine\Classes\Components/SceneComponent.h(659): note: 'USceneComponent::AttachTo' ?????? ?????Ͻʽÿ?.
  C:\Users\JJiKKYU\Desktop\OneDrive - Hongik\00_ Git\UnrealEngine_Study\UnrealEngine_Study\Projectfile\Source\BasicStudy\HierachyActor.cpp(27): warning C4996: 'USceneComponent::AttachTo': This function is deprecated, please use AttachToComponent instead. Please update your code to the new API before upgrading to the next release, otherwise your project will no longer compile.
  C:\Program Files\Epic Games\UE_4.22\Engine\Source\Runtime\Engine\Classes\Components/SceneComponent.h(659): note: 'USceneComponent::AttachTo' ?????? ?????Ͻʽÿ?.
  C:\Users\JJiKKYU\Desktop\OneDrive - Hongik\00_ Git\UnrealEngine_Study\UnrealEngine_Study\Projectfile\Source\BasicStudy\HierachyActor.cpp(28): warning C4996: 'USceneComponent::AttachTo': This function is deprecated, please use AttachToComponent instead. Please update your code to the new API before upgrading to the next release, otherwise your project will no longer compile.
  C:\Program Files\Epic Games\UE_4.22\Engine\Source\Runtime\Engine\Classes\Components/SceneComponent.h(659): note: 'USceneComponent::AttachTo' ?????? ?????Ͻʽÿ?.
  C:\Users\JJiKKYU\Desktop\OneDrive - Hongik\00_ Git\UnrealEngine_Study\UnrealEngine_Study\Projectfile\Source\BasicStudy\InteractingPawn.cpp(35): warning C4458: 'InputComponent' ?????? Ŭ???? ?????? ?????ϴ?.
  C:\Program Files\Epic Games\UE_4.22\Engine\Source\Runtime\Engine\Classes\GameFramework/Actor.h(474): note: 'AActor::InputComponent' ?????? ?????Ͻʽÿ?.
  C:\Users\JJiKKYU\Desktop\OneDrive - Hongik\00_ Git\UnrealEngine_Study\UnrealEngine_Study\Projectfile\Source\BasicStudy\TalkingPawn.cpp(13): warning C4996: 'USceneComponent::AttachTo': This function is deprecated, please use AttachToComponent instead. Please update your code to the new API before upgrading to the next release, otherwise your project will no longer compile.
  C:\Program Files\Epic Games\UE_4.22\Engine\Source\Runtime\Engine\Classes\Components/SceneComponent.h(659): note: 'USceneComponent::AttachTo' ?????? ?????Ͻʽÿ?.
  C:\Users\JJiKKYU\Desktop\OneDrive - Hongik\00_ Git\UnrealEngine_Study\UnrealEngine_Study\Projectfile\Source\BasicStudy\UE4CookBookGameMode.cpp(28): warning C4458: 'SpawnedActor' ?????? Ŭ???? ?????? ?????ϴ?.
  C:\Users\JJiKKYU\Desktop\OneDrive - Hongik\00_ Git\UnrealEngine_Study\UnrealEngine_Study\Projectfile\Source\BasicStudy\UE4CookBookGameMode.h(23): note: 'AUE4CookBookGameMode::SpawnedActor' ?????? ?????Ͻʽÿ?.
  @progress 'Compiling C++ source code...' 71%
  [5/7] UE4Editor-BasicStudy.lib
     C:\Users\JJiKKYU\Desktop\OneDrive - Hongik\00_ Git\UnrealEngine_Study\UnrealEngine_Study\Projectfile\Intermediate\Build\Win64\UE4Editor\Development\BasicStudy\UE4Editor-BasicStudy.lib
  @progress 'Compiling C++ source code...' 86%
  [6/7] UE4Editor-BasicStudy.dll
     C:\Users\JJiKKYU\Desktop\OneDrive - Hongik\00_ Git\UnrealEngine_Study\UnrealEngine_Study\Projectfile\Intermediate\Build\Win64\UE4Editor\Development\BasicStudy\UE4Editor-BasicStudy.suppressed.lib
  @progress 'Compiling C++ source code...' 100%
  [7/7] BasicStudyEditor.target
Total time in Parallel executor: 24.90 seconds
Total execution time: 36.14 seconds
LogInit: Warning: Still incompatible or missing module: BasicStudyEditor
LogExit: Preparing to exit.
LogModuleManager: Shutting down and abandoning module DesktopPlatform (40)
LogModuleManager: Shutting down and abandoning module AnimationModifiers (38)
LogModuleManager: Shutting down and abandoning module PropertyEditor (37)
LogModuleManager: Shutting down and abandoning module AudioEditor (34)
LogModuleManager: Shutting down and abandoning module TextureCompressor (32)
LogModuleManager: Shutting down and abandoning module RenderCore (30)
LogModuleManager: Shutting down and abandoning module Landscape (28)
LogModuleManager: Shutting down and abandoning module SlateRHIRenderer (26)
LogModuleManager: Shutting down and abandoning module OpenGLDrv (24)
LogModuleManager: Shutting down and abandoning module D3D11RHI (22)
LogModuleManager: Shutting down and abandoning module AnimGraphRuntime (20)
LogModuleManager: Shutting down and abandoning module Renderer (18)
LogModuleManager: Shutting down and abandoning module Engine (16)
LogModuleManager: Shutting down and abandoning module CoreUObject (14)
LogModuleManager: Shutting down and abandoning module NetworkFile (12)
LogModuleManager: Shutting down and abandoning module CookedIterativeFile (10)
LogModuleManager: Shutting down and abandoning module StreamingFile (8)
LogModuleManager: Shutting down and abandoning module SandboxFile (6)
LogModuleManager: Shutting down and abandoning module PakFile (4)
LogModuleManager: Shutting down and abandoning module RSA (3)
LogExit: Exiting.
Log file closed, 08/17/19 14:51:20
