Log file open, 08/17/19 16:07:51
LogWindows: Failed to load 'aqProf.dll' (GetLastError=126)
LogWindows: File 'aqProf.dll' does not exist
LogWindows: Failed to load 'VtuneApi.dll' (GetLastError=126)
LogWindows: File 'VtuneApi.dll' does not exist
LogWindows: Failed to load 'VtuneApi32e.dll' (GetLastError=126)
LogWindows: File 'VtuneApi32e.dll' does not exist
LogConsoleResponse: Display: Failed to find resolution value strings in scalability ini. Falling back to default.
LogInit: Display: Running engine for game: BasicStudy
LogPakFile: Registered encryption key '00000000000000000000000000000000': 0 pak files mounted, 0 remain pending
LogPlatformFile: Not using cached read wrapper
LogTaskGraph: Started task graph with 5 named threads and 47 total threads with 3 sets of task threads.
LogStats: Stats thread started at 0.560743
LogD3D11RHI: Loaded GFSDK_Aftermath_Lib.x64.dll
LogICUInternationalization: ICU TimeZone Detection - Raw Offset: +9:00, Platform Override: ''
LogPluginManager: Mounting plugin Paper2D
LogPluginManager: Mounting plugin AISupport
LogPluginManager: Mounting plugin LightPropagationVolume
LogPluginManager: Mounting plugin ActorLayerUtilities
LogPluginManager: Mounting plugin AnimationSharing
LogPluginManager: Mounting plugin CLionSourceCodeAccess
LogPluginManager: Mounting plugin CodeLiteSourceCodeAccess
LogPluginManager: Mounting plugin GitSourceControl
LogPluginManager: Mounting plugin KDevelopSourceCodeAccess
LogPluginManager: Mounting plugin NullSourceCodeAccess
LogPluginManager: Mounting plugin PerforceSourceControl
LogPluginManager: Mounting plugin SubversionSourceControl
LogPluginManager: Mounting plugin UObjectPlugin
LogPluginManager: Mounting plugin VisualStudioCodeSourceCodeAccess
LogPluginManager: Mounting plugin VisualStudioSourceCodeAccess
LogPluginManager: Mounting plugin XCodeSourceCodeAccess
LogPluginManager: Mounting plugin AssetManagerEditor
LogPluginManager: Mounting plugin CryptoKeys
LogPluginManager: Mounting plugin DataValidation
LogPluginManager: Mounting plugin FacialAnimation
LogPluginManager: Mounting plugin GameplayTagsEditor
LogPluginManager: Mounting plugin MacGraphicsSwitching
LogPluginManager: Mounting plugin MaterialAnalyzer
LogPluginManager: Mounting plugin MobileLauncherProfileWizard
LogPluginManager: Mounting plugin PluginBrowser
LogPluginManager: Mounting plugin SpeedTreeImporter
LogPluginManager: Mounting plugin DatasmithContent
LogPluginManager: Mounting plugin VariantManagerContent
LogPluginManager: Mounting plugin AlembicImporter
LogPluginManager: Mounting plugin AppleImageUtils
LogPluginManager: Mounting plugin AppleVision
LogPluginManager: Mounting plugin BackChannel
LogPluginManager: Mounting plugin CharacterAI
LogPluginManager: Mounting plugin GeometryCache
LogPluginManager: Mounting plugin HTML5Networking
LogPluginManager: Mounting plugin ProxyLODPlugin
LogPluginManager: Mounting plugin SkeletalReduction
LogPluginManager: Mounting plugin MagicLeap
LogPluginManager: Mounting plugin MagicLeapMedia
LogPluginManager: Mounting plugin AndroidMedia
LogPluginManager: Mounting plugin AvfMedia
LogPluginManager: Mounting plugin ImgMedia
LogPluginManager: Mounting plugin LinearTimecode
LogPluginManager: Mounting plugin MediaCompositing
LogPluginManager: Mounting plugin MediaPlayerEditor
LogPluginManager: Mounting plugin WebMMedia
LogPluginManager: Mounting plugin WmfMedia
LogPluginManager: Mounting plugin TcpMessaging
LogPluginManager: Mounting plugin UdpMessaging
LogPluginManager: Mounting plugin ActorSequence
LogPluginManager: Mounting plugin LevelSequenceEditor
LogPluginManager: Mounting plugin MatineeToLevelSequence
LogPluginManager: Mounting plugin NetcodeUnitTest
LogPluginManager: Mounting plugin NUTUnrealEngine4
LogPluginManager: Mounting plugin OnlineSubsystemGooglePlay
LogPluginManager: Mounting plugin OnlineSubsystemIOS
LogPluginManager: Mounting plugin OnlineSubsystem
LogPluginManager: Mounting plugin OnlineSubsystemNull
LogPluginManager: Mounting plugin OnlineSubsystemUtils
LogPluginManager: Mounting plugin LauncherChunkInstaller
LogPluginManager: Mounting plugin AndroidDeviceProfileSelector
LogPluginManager: Mounting plugin AndroidMoviePlayer
LogPluginManager: Mounting plugin AndroidPermission
LogPluginManager: Mounting plugin AppleMoviePlayer
LogPluginManager: Mounting plugin ArchVisCharacter
LogPluginManager: Mounting plugin AudioCapture
LogPluginManager: Mounting plugin CableComponent
LogPluginManager: Mounting plugin CustomMeshComponent
LogPluginManager: Mounting plugin EditableMesh
LogPluginManager: Mounting plugin ExampleDeviceProfileSelector
LogPluginManager: Mounting plugin Firebase
LogPluginManager: Mounting plugin GoogleCloudMessaging
LogPluginManager: Mounting plugin IOSDeviceProfileSelector
LogPluginManager: Mounting plugin LinuxDeviceProfileSelector
LogPluginManager: Mounting plugin LocationServicesBPLibrary
LogPluginManager: Mounting plugin MobilePatchingUtils
LogPluginManager: Mounting plugin OculusVR
LogPluginManager: Mounting plugin PhysXVehicles
LogPluginManager: Mounting plugin ProceduralMeshComponent
LogPluginManager: Mounting plugin RuntimePhysXCooking
LogPluginManager: Mounting plugin SignificanceManager
LogPluginManager: Mounting plugin SteamVR
LogPluginManager: Mounting plugin WebMMoviePlayer
LogPluginManager: Mounting plugin WindowsMoviePlayer
LogInit: Using libcurl 7.55.1-DEV
LogInit:  - built for x86_64-pc-win32
LogInit:  - supports SSL with OpenSSL/1.1.1
LogInit:  - supports HTTP deflate (compression) using libz 1.2.8
LogInit:  - other features:
LogInit:      CURL_VERSION_SSL
LogInit:      CURL_VERSION_LIBZ
LogInit:      CURL_VERSION_IPV6
LogInit:      CURL_VERSION_ASYNCHDNS
LogInit:      CURL_VERSION_LARGEFILE
LogInit:      CURL_VERSION_IDN
LogInit:  CurlRequestOptions (configurable via config and command line):
LogInit:  - bVerifyPeer = true  - Libcurl will verify peer certificate
LogInit:  - bUseHttpProxy = false  - Libcurl will NOT use HTTP proxy
LogInit:  - bDontReuseConnections = false  - Libcurl will reuse connections
LogInit:  - MaxHostConnections = 16  - Libcurl will limit the number of connections to a host
LogInit:  - LocalHostAddr = Default
LogInit:  - BufferSize = 65536
LogInit: WinSock: version 1.1 (2.2), MaxSocks=32767, MaxUdp=65467
LogInit: Build: ++UE4+Release-4.22-CL-7053642
LogInit: Engine Version: 4.22.3-7053642+++UE4+Release-4.22
LogInit: Compatible Engine Version: 4.22.0-5660361+++UE4+Release-4.22
LogInit: Net CL: 5660361
LogInit: OS: Windows 10 (Release 1903) (), CPU: AMD Ryzen 7 1700 Eight-Core Processor          , GPU: NVIDIA GeForce GTX 1060 6GB
LogInit: Compiled (64-bit): Jun 18 2019 03:09:11
LogInit: Compiled with Visual C++: 19.16.27025.01
LogInit: Build Configuration: Development
LogInit: Branch Name: ++UE4+Release-4.22
LogInit: Command Line: 
LogInit: Base Directory: C:/Program Files/Epic Games/UE_4.22/Engine/Binaries/Win64/
LogInit: Installed Engine Build: 1
LogDevObjectVersion: Number of dev versions registered: 23
LogDevObjectVersion:   Dev-Blueprints (B0D832E4-1F89-4F0D-ACCF-7EB736FD4AA2): 10
LogDevObjectVersion:   Dev-Build (E1C64328-A22C-4D53-A36C-8E866417BD8C): 0
LogDevObjectVersion:   Dev-Core (375EC13C-06E4-48FB-B500-84F0262A717E): 3
LogDevObjectVersion:   Dev-Editor (E4B068ED-F494-42E9-A231-DA0B2E46BB41): 30
LogDevObjectVersion:   Dev-Framework (CFFC743F-43B0-4480-9391-14DF171D2073): 35
LogDevObjectVersion:   Dev-Mobile (B02B49B5-BB20-44E9-A304-32B752E40360): 2
LogDevObjectVersion:   Dev-Networking (A4E4105C-59A1-49B5-A7C5-40C4547EDFEE): 0
LogDevObjectVersion:   Dev-Online (39C831C9-5AE6-47DC-9A44-9C173E1C8E7C): 0
LogDevObjectVersion:   Dev-Physics (78F01B33-EBEA-4F98-B9B4-84EACCB95AA2): 0
LogDevObjectVersion:   Dev-Platform (6631380F-2D4D-43E0-8009-CF276956A95A): 0
LogDevObjectVersion:   Dev-Rendering (12F88B9F-8875-4AFC-A67C-D90C383ABD29): 28
LogDevObjectVersion:   Dev-Sequencer (7B5AE74C-D270-4C10-A958-57980B212A5A): 11
LogDevObjectVersion:   Dev-VR (D7296918-1DD6-4BDD-9DE2-64A83CC13884): 2
LogDevObjectVersion:   Dev-LoadTimes (C2A15278-BFE7-4AFE-6C17-90FF531DF755): 1
LogDevObjectVersion:   Private-Geometry (6EACA3D4-40EC-4CC1-B786-8BED09428FC5): 3
LogDevObjectVersion:   Dev-AnimPhys (29E575DD-E0A3-4627-9D10-D276232CDCEA): 17
LogDevObjectVersion:   Dev-Anim (AF43A65D-7FD3-4947-9873-3E8ED9C1BB05): 2
LogDevObjectVersion:   Dev-ReflectionCapture (6B266CEC-1EC7-4B8F-A30B-E4D90942FC07): 1
LogDevObjectVersion:   Dev-Automation (0DF73D61-A23F-47EA-B727-89E90C41499A): 1
LogDevObjectVersion:   FortniteMain (601D1886-AC64-4F84-AA16-D3DE0DEAC7D6): 25
LogDevObjectVersion:   Dev-Enterprise (9DFFBCD6-494F-0158-E221-12823C92A888): 6
LogDevObjectVersion:   Dev-Niagara (F2AED0AC-9AFE-416F-8664-AA7FFA26D6FC): 1
LogDevObjectVersion:   Dev-Destruction (174F1F0B-B4C6-45A5-B13F-2EE8D0FB917D): 2
LogInit: Presizing for max 16777216 objects, including 0 objects not considered by GC, pre-allocating 0 bytes for permanent pool.
LogInit: Object subsystem initialized
LogConfig: Setting CVar [[con.DebugEarlyDefault:1]]
LogConfig: Setting CVar [[r.setres:1280x720]]
[2019.08.17-07.07.52:183][  0]LogConfig: Setting CVar [[r.VSync:0]]
[2019.08.17-07.07.52:183][  0]LogConfig: Setting CVar [[r.RHICmdBypass:0]]
[2019.08.17-07.07.52:183][  0]LogConfig: Applying CVar settings from Section [/Script/Engine.RendererSettings] File [C:/Users/JJiKKYU/Desktop/OneDrive - Hongik/00_ Git/UnrealEngine_Study/UnrealEngine_Study/Projectfile/Saved/Config/Windows/Engine.ini]
[2019.08.17-07.07.52:183][  0]LogConfig: Setting CVar [[r.GPUCrashDebugging:0]]
[2019.08.17-07.07.52:183][  0]LogConfig: Setting CVar [[r.DefaultFeature.AutoExposure.ExtendDefaultLuminanceRange:1]]
[2019.08.17-07.07.52:183][  0]LogConfig: Applying CVar settings from Section [/Script/Engine.RendererOverrideSettings] File [C:/Users/JJiKKYU/Desktop/OneDrive - Hongik/00_ Git/UnrealEngine_Study/UnrealEngine_Study/Projectfile/Saved/Config/Windows/Engine.ini]
[2019.08.17-07.07.52:183][  0]LogConfig: Applying CVar settings from Section [/Script/Engine.StreamingSettings] File [C:/Users/JJiKKYU/Desktop/OneDrive - Hongik/00_ Git/UnrealEngine_Study/UnrealEngine_Study/Projectfile/Saved/Config/Windows/Engine.ini]
[2019.08.17-07.07.52:183][  0]LogConfig: Setting CVar [[s.MinBulkDataSizeForAsyncLoading:131072]]
[2019.08.17-07.07.52:183][  0]LogConfig: Setting CVar [[s.AsyncLoadingThreadEnabled:0]]
[2019.08.17-07.07.52:183][  0]LogConfig: Setting CVar [[s.EventDrivenLoaderEnabled:1]]
[2019.08.17-07.07.52:183][  0]LogConfig: Setting CVar [[s.WarnIfTimeLimitExceeded:0]]
[2019.08.17-07.07.52:183][  0]LogConfig: Setting CVar [[s.TimeLimitExceededMultiplier:1.5]]
[2019.08.17-07.07.52:183][  0]LogConfig: Setting CVar [[s.TimeLimitExceededMinTime:0.005]]
[2019.08.17-07.07.52:183][  0]LogConfig: Setting CVar [[s.UseBackgroundLevelStreaming:1]]
[2019.08.17-07.07.52:183][  0]LogConfig: Setting CVar [[s.PriorityAsyncLoadingExtraTime:15.0]]
[2019.08.17-07.07.52:183][  0]LogConfig: Setting CVar [[s.LevelStreamingActorsUpdateTimeLimit:5.0]]
[2019.08.17-07.07.52:183][  0]LogConfig: Setting CVar [[s.PriorityLevelStreamingActorsUpdateExtraTime:5.0]]
[2019.08.17-07.07.52:183][  0]LogConfig: Setting CVar [[s.LevelStreamingComponentsRegistrationGranularity:10]]
[2019.08.17-07.07.52:183][  0]LogConfig: Setting CVar [[s.UnregisterComponentsTimeLimit:1.0]]
[2019.08.17-07.07.52:183][  0]LogConfig: Setting CVar [[s.LevelStreamingComponentsUnregistrationGranularity:5]]
[2019.08.17-07.07.52:183][  0]LogConfig: Applying CVar settings from Section [/Script/Engine.GarbageCollectionSettings] File [C:/Users/JJiKKYU/Desktop/OneDrive - Hongik/00_ Git/UnrealEngine_Study/UnrealEngine_Study/Projectfile/Saved/Config/Windows/Engine.ini]
[2019.08.17-07.07.52:183][  0]LogConfig: Setting CVar [[gc.MaxObjectsNotConsideredByGC:1]]
[2019.08.17-07.07.52:183][  0]LogConfig: Setting CVar [[gc.SizeOfPermanentObjectPool:0]]
[2019.08.17-07.07.52:183][  0]LogConfig: Setting CVar [[gc.FlushStreamingOnGC:0]]
[2019.08.17-07.07.52:183][  0]LogConfig: Setting CVar [[gc.NumRetriesBeforeForcingGC:10]]
[2019.08.17-07.07.52:183][  0]LogConfig: Setting CVar [[gc.AllowParallelGC:1]]
[2019.08.17-07.07.52:183][  0]LogConfig: Setting CVar [[gc.TimeBetweenPurgingPendingKillObjects:61.1]]
[2019.08.17-07.07.52:183][  0]LogConfig: Setting CVar [[gc.MaxObjectsInEditor:16777216]]
[2019.08.17-07.07.52:183][  0]LogConfig: Setting CVar [[gc.IncrementalBeginDestroyEnabled:1]]
[2019.08.17-07.07.52:183][  0]LogConfig: Setting CVar [[gc.CreateGCClusters:1]]
[2019.08.17-07.07.52:183][  0]LogConfig: Setting CVar [[gc.MinGCClusterSize:5]]
[2019.08.17-07.07.52:183][  0]LogConfig: Setting CVar [[gc.ActorClusteringEnabled:0]]
[2019.08.17-07.07.52:183][  0]LogConfig: Setting CVar [[gc.BlueprintClusteringEnabled:0]]
[2019.08.17-07.07.52:183][  0]LogConfig: Setting CVar [[gc.UseDisregardForGCOnDedicatedServers:0]]
[2019.08.17-07.07.52:183][  0]LogConfig: Applying CVar settings from Section [/Script/Engine.NetworkSettings] File [C:/Users/JJiKKYU/Desktop/OneDrive - Hongik/00_ Git/UnrealEngine_Study/UnrealEngine_Study/Projectfile/Saved/Config/Windows/Engine.ini]
[2019.08.17-07.07.52:183][  0]LogConfig: Applying CVar settings from Section [/Script/UnrealEd.CookerSettings] File [C:/Users/JJiKKYU/Desktop/OneDrive - Hongik/00_ Git/UnrealEngine_Study/UnrealEngine_Study/Projectfile/Saved/Config/Windows/Engine.ini]
[2019.08.17-07.07.52:191][  0]LogConfig: Applying CVar settings from Section [ViewDistanceQuality@3] File [C:/Users/JJiKKYU/Desktop/OneDrive - Hongik/00_ Git/UnrealEngine_Study/UnrealEngine_Study/Projectfile/Saved/Config/Windows/Scalability.ini]
[2019.08.17-07.07.52:191][  0]LogConfig: Setting CVar [[r.SkeletalMeshLODBias:0]]
[2019.08.17-07.07.52:191][  0]LogConfig: Setting CVar [[r.ViewDistanceScale:1.0]]
[2019.08.17-07.07.52:191][  0]LogConfig: Applying CVar settings from Section [AntiAliasingQuality@3] File [C:/Users/JJiKKYU/Desktop/OneDrive - Hongik/00_ Git/UnrealEngine_Study/UnrealEngine_Study/Projectfile/Saved/Config/Windows/Scalability.ini]
[2019.08.17-07.07.52:191][  0]LogConfig: Setting CVar [[r.PostProcessAAQuality:4]]
[2019.08.17-07.07.52:191][  0]LogConfig: Applying CVar settings from Section [ShadowQuality@3] File [C:/Users/JJiKKYU/Desktop/OneDrive - Hongik/00_ Git/UnrealEngine_Study/UnrealEngine_Study/Projectfile/Saved/Config/Windows/Scalability.ini]
[2019.08.17-07.07.52:191][  0]LogConfig: Setting CVar [[r.LightFunctionQuality:1]]
[2019.08.17-07.07.52:191][  0]LogConfig: Setting CVar [[r.ShadowQuality:5]]
[2019.08.17-07.07.52:191][  0]LogConfig: Setting CVar [[r.Shadow.CSM.MaxCascades:10]]
[2019.08.17-07.07.52:191][  0]LogConfig: Setting CVar [[r.Shadow.MaxResolution:2048]]
[2019.08.17-07.07.52:191][  0]LogConfig: Setting CVar [[r.Shadow.MaxCSMResolution:2048]]
[2019.08.17-07.07.52:191][  0]LogConfig: Setting CVar [[r.Shadow.RadiusThreshold:0.01]]
[2019.08.17-07.07.52:191][  0]LogConfig: Setting CVar [[r.Shadow.DistanceScale:1.0]]
[2019.08.17-07.07.52:192][  0]LogConfig: Setting CVar [[r.Shadow.CSM.TransitionScale:1.0]]
[2019.08.17-07.07.52:192][  0]LogConfig: Setting CVar [[r.Shadow.PreShadowResolutionFactor:1.0]]
[2019.08.17-07.07.52:192][  0]LogConfig: Setting CVar [[r.DistanceFieldShadowing:1]]
[2019.08.17-07.07.52:192][  0]LogConfig: Setting CVar [[r.DistanceFieldAO:1]]
[2019.08.17-07.07.52:192][  0]LogConfig: Setting CVar [[r.AOQuality:2]]
[2019.08.17-07.07.52:192][  0]LogConfig: Setting CVar [[r.VolumetricFog:1]]
[2019.08.17-07.07.52:192][  0]LogConfig: Setting CVar [[r.VolumetricFog.GridPixelSize:8]]
[2019.08.17-07.07.52:192][  0]LogConfig: Setting CVar [[r.VolumetricFog.GridSizeZ:128]]
[2019.08.17-07.07.52:192][  0]LogConfig: Setting CVar [[r.VolumetricFog.HistoryMissSupersampleCount:4]]
[2019.08.17-07.07.52:192][  0]LogConfig: Setting CVar [[r.LightMaxDrawDistanceScale:1]]
[2019.08.17-07.07.52:192][  0]LogConfig: Setting CVar [[r.CapsuleShadows:1]]
[2019.08.17-07.07.52:192][  0]LogConfig: Applying CVar settings from Section [PostProcessQuality@3] File [C:/Users/JJiKKYU/Desktop/OneDrive - Hongik/00_ Git/UnrealEngine_Study/UnrealEngine_Study/Projectfile/Saved/Config/Windows/Scalability.ini]
[2019.08.17-07.07.52:192][  0]LogConfig: Setting CVar [[r.MotionBlurQuality:4]]
[2019.08.17-07.07.52:192][  0]LogConfig: Setting CVar [[r.AmbientOcclusionMipLevelFactor:0.4]]
[2019.08.17-07.07.52:192][  0]LogConfig: Setting CVar [[r.AmbientOcclusionMaxQuality:100]]
[2019.08.17-07.07.52:192][  0]LogConfig: Setting CVar [[r.AmbientOcclusionLevels:-1]]
[2019.08.17-07.07.52:192][  0]LogConfig: Setting CVar [[r.AmbientOcclusionRadiusScale:1.0]]
[2019.08.17-07.07.52:192][  0]LogConfig: Setting CVar [[r.DepthOfFieldQuality:2]]
[2019.08.17-07.07.52:192][  0]LogConfig: Setting CVar [[r.RenderTargetPoolMin:400]]
[2019.08.17-07.07.52:192][  0]LogConfig: Setting CVar [[r.LensFlareQuality:2]]
[2019.08.17-07.07.52:192][  0]LogConfig: Setting CVar [[r.SceneColorFringeQuality:1]]
[2019.08.17-07.07.52:192][  0]LogConfig: Setting CVar [[r.EyeAdaptationQuality:2]]
[2019.08.17-07.07.52:192][  0]LogConfig: Setting CVar [[r.BloomQuality:5]]
[2019.08.17-07.07.52:192][  0]LogConfig: Setting CVar [[r.FastBlurThreshold:100]]
[2019.08.17-07.07.52:192][  0]LogConfig: Setting CVar [[r.Upscale.Quality:3]]
[2019.08.17-07.07.52:192][  0]LogConfig: Setting CVar [[r.Tonemapper.GrainQuantization:1]]
[2019.08.17-07.07.52:192][  0]LogConfig: Setting CVar [[r.LightShaftQuality:1]]
[2019.08.17-07.07.52:192][  0]LogConfig: Setting CVar [[r.Filter.SizeScale:1]]
[2019.08.17-07.07.52:192][  0]LogConfig: Setting CVar [[r.Tonemapper.Quality:5]]
[2019.08.17-07.07.52:192][  0]LogConfig: Setting CVar [[r.DOF.Gather.AccumulatorQuality:1        ; higher gathering accumulator quality]]
[2019.08.17-07.07.52:192][  0]LogConfig: Setting CVar [[r.DOF.Gather.PostfilterMethod:1          ; Median3x3 postfilering method]]
[2019.08.17-07.07.52:192][  0]LogConfig: Setting CVar [[r.DOF.Gather.EnableBokehSettings:0       ; no bokeh simulation when gathering]]
[2019.08.17-07.07.52:192][  0]LogConfig: Setting CVar [[r.DOF.Gather.RingCount:4                 ; medium number of samples when gathering]]
[2019.08.17-07.07.52:192][  0]LogConfig: Setting CVar [[r.DOF.Scatter.ForegroundCompositing:1    ; additive foreground scattering]]
[2019.08.17-07.07.52:192][  0]LogConfig: Setting CVar [[r.DOF.Scatter.BackgroundCompositing:2    ; additive background scattering]]
[2019.08.17-07.07.52:192][  0]LogConfig: Setting CVar [[r.DOF.Scatter.EnableBokehSettings:1      ; bokeh simulation when scattering]]
[2019.08.17-07.07.52:192][  0]LogConfig: Setting CVar [[r.DOF.Scatter.MaxSpriteRatio:0.1         ; only a maximum of 10% of scattered bokeh]]
[2019.08.17-07.07.52:192][  0]LogConfig: Setting CVar [[r.DOF.Recombine.Quality:1                ; cheap slight out of focus]]
[2019.08.17-07.07.52:192][  0]LogConfig: Setting CVar [[r.DOF.Recombine.EnableBokehSettings:0    ; no bokeh simulation on slight out of focus]]
[2019.08.17-07.07.52:192][  0]LogConfig: Setting CVar [[r.DOF.TemporalAAQuality:1                ; more stable temporal accumulation]]
[2019.08.17-07.07.52:192][  0]LogConfig: Setting CVar [[r.DOF.Kernel.MaxForegroundRadius:0.025]]
[2019.08.17-07.07.52:192][  0]LogConfig: Setting CVar [[r.DOF.Kernel.MaxBackgroundRadius:0.025]]
[2019.08.17-07.07.52:192][  0]LogConfig: Applying CVar settings from Section [TextureQuality@3] File [C:/Users/JJiKKYU/Desktop/OneDrive - Hongik/00_ Git/UnrealEngine_Study/UnrealEngine_Study/Projectfile/Saved/Config/Windows/Scalability.ini]
[2019.08.17-07.07.52:192][  0]LogConfig: Setting CVar [[r.Streaming.MipBias:0]]
[2019.08.17-07.07.52:192][  0]LogConfig: Setting CVar [[r.Streaming.AmortizeCPUToGPUCopy:0]]
[2019.08.17-07.07.52:192][  0]LogConfig: Setting CVar [[r.Streaming.MaxNumTexturesToStreamPerFrame:0]]
[2019.08.17-07.07.52:192][  0]LogConfig: Setting CVar [[r.Streaming.Boost:1]]
[2019.08.17-07.07.52:192][  0]LogConfig: Setting CVar [[r.MaxAnisotropy:8]]
[2019.08.17-07.07.52:192][  0]LogConfig: Setting CVar [[r.Streaming.LimitPoolSizeToVRAM:0]]
[2019.08.17-07.07.52:192][  0]LogConfig: Setting CVar [[r.Streaming.PoolSize:1000]]
[2019.08.17-07.07.52:192][  0]LogConfig: Setting CVar [[r.Streaming.MaxEffectiveScreenSize:0]]
[2019.08.17-07.07.52:192][  0]LogConfig: Applying CVar settings from Section [EffectsQuality@3] File [C:/Users/JJiKKYU/Desktop/OneDrive - Hongik/00_ Git/UnrealEngine_Study/UnrealEngine_Study/Projectfile/Saved/Config/Windows/Scalability.ini]
[2019.08.17-07.07.52:192][  0]LogConfig: Setting CVar [[r.TranslucencyLightingVolumeDim:64]]
[2019.08.17-07.07.52:192][  0]LogConfig: Setting CVar [[r.RefractionQuality:2]]
[2019.08.17-07.07.52:192][  0]LogConfig: Setting CVar [[r.SSR.Quality:3]]
[2019.08.17-07.07.52:192][  0]LogConfig: Setting CVar [[r.SceneColorFormat:4]]
[2019.08.17-07.07.52:192][  0]LogConfig: Setting CVar [[r.DetailMode:2]]
[2019.08.17-07.07.52:192][  0]LogConfig: Setting CVar [[r.TranslucencyVolumeBlur:1]]
[2019.08.17-07.07.52:192][  0]LogConfig: Setting CVar [[r.MaterialQualityLevel:1 ; High quality]]
[2019.08.17-07.07.52:192][  0]LogConfig: Setting CVar [[r.SSS.Scale:1]]
[2019.08.17-07.07.52:192][  0]LogConfig: Setting CVar [[r.SSS.SampleSet:2]]
[2019.08.17-07.07.52:192][  0]LogConfig: Setting CVar [[r.SSS.Quality:1]]
[2019.08.17-07.07.52:192][  0]LogConfig: Setting CVar [[r.SSS.HalfRes:1]]
[2019.08.17-07.07.52:192][  0]LogConfig: Setting CVar [[r.EmitterSpawnRateScale:1.0]]
[2019.08.17-07.07.52:192][  0]LogConfig: Setting CVar [[r.ParticleLightQuality:2]]
[2019.08.17-07.07.52:192][  0]LogConfig: Applying CVar settings from Section [FoliageQuality@3] File [C:/Users/JJiKKYU/Desktop/OneDrive - Hongik/00_ Git/UnrealEngine_Study/UnrealEngine_Study/Projectfile/Saved/Config/Windows/Scalability.ini]
[2019.08.17-07.07.52:192][  0]LogConfig: Setting CVar [[foliage.DensityScale:1.0]]
[2019.08.17-07.07.52:192][  0]LogConfig: Setting CVar [[grass.DensityScale:1.0]]
[2019.08.17-07.07.52:193][  0]LogInit: Selected Device Profile: [Windows]
[2019.08.17-07.07.52:193][  0]LogInit: Applying CVar settings loaded from the selected device profile: [Windows]
[2019.08.17-07.07.52:207][  0]LogHAL: Display: Platform has ~ 32 GB [34291081216 / 34359738368 / 32], which maps to Largest [LargestMinGB=32, LargerMinGB=12, DefaultMinGB=8, SmallerMinGB=6, SmallestMinGB=0)
[2019.08.17-07.07.52:207][  0]LogConfig: Setting CVar [[r.Vulkan.UseRealUBs:0		; Required until we fix HLR fall-out]]
[2019.08.17-07.07.52:207][  0]LogInit: Going up to parent DeviceProfile []
[2019.08.17-07.07.52:207][  0]LogConfig: Applying CVar settings from Section [ViewDistanceQuality@3] File [C:/Users/JJiKKYU/Desktop/OneDrive - Hongik/00_ Git/UnrealEngine_Study/UnrealEngine_Study/Projectfile/Saved/Config/Windows/Scalability.ini]
[2019.08.17-07.07.52:207][  0]LogConfig: Setting CVar [[r.SkeletalMeshLODBias:0]]
[2019.08.17-07.07.52:207][  0]LogConfig: Setting CVar [[r.ViewDistanceScale:1.0]]
[2019.08.17-07.07.52:207][  0]LogConfig: Applying CVar settings from Section [AntiAliasingQuality@3] File [C:/Users/JJiKKYU/Desktop/OneDrive - Hongik/00_ Git/UnrealEngine_Study/UnrealEngine_Study/Projectfile/Saved/Config/Windows/Scalability.ini]
[2019.08.17-07.07.52:207][  0]LogConfig: Setting CVar [[r.PostProcessAAQuality:4]]
[2019.08.17-07.07.52:207][  0]LogConfig: Applying CVar settings from Section [ShadowQuality@3] File [C:/Users/JJiKKYU/Desktop/OneDrive - Hongik/00_ Git/UnrealEngine_Study/UnrealEngine_Study/Projectfile/Saved/Config/Windows/Scalability.ini]
[2019.08.17-07.07.52:207][  0]LogConfig: Setting CVar [[r.LightFunctionQuality:1]]
[2019.08.17-07.07.52:207][  0]LogConfig: Setting CVar [[r.ShadowQuality:5]]
[2019.08.17-07.07.52:207][  0]LogConfig: Setting CVar [[r.Shadow.CSM.MaxCascades:10]]
[2019.08.17-07.07.52:207][  0]LogConfig: Setting CVar [[r.Shadow.MaxResolution:2048]]
[2019.08.17-07.07.52:207][  0]LogConfig: Setting CVar [[r.Shadow.MaxCSMResolution:2048]]
[2019.08.17-07.07.52:207][  0]LogConfig: Setting CVar [[r.Shadow.RadiusThreshold:0.01]]
[2019.08.17-07.07.52:207][  0]LogConfig: Setting CVar [[r.Shadow.DistanceScale:1.0]]
[2019.08.17-07.07.52:207][  0]LogConfig: Setting CVar [[r.Shadow.CSM.TransitionScale:1.0]]
[2019.08.17-07.07.52:207][  0]LogConfig: Setting CVar [[r.Shadow.PreShadowResolutionFactor:1.0]]
[2019.08.17-07.07.52:207][  0]LogConfig: Setting CVar [[r.DistanceFieldShadowing:1]]
[2019.08.17-07.07.52:207][  0]LogConfig: Setting CVar [[r.DistanceFieldAO:1]]
[2019.08.17-07.07.52:207][  0]LogConfig: Setting CVar [[r.AOQuality:2]]
[2019.08.17-07.07.52:207][  0]LogConfig: Setting CVar [[r.VolumetricFog:1]]
[2019.08.17-07.07.52:207][  0]LogConfig: Setting CVar [[r.VolumetricFog.GridPixelSize:8]]
[2019.08.17-07.07.52:207][  0]LogConfig: Setting CVar [[r.VolumetricFog.GridSizeZ:128]]
[2019.08.17-07.07.52:207][  0]LogConfig: Setting CVar [[r.VolumetricFog.HistoryMissSupersampleCount:4]]
[2019.08.17-07.07.52:207][  0]LogConfig: Setting CVar [[r.LightMaxDrawDistanceScale:1]]
[2019.08.17-07.07.52:207][  0]LogConfig: Setting CVar [[r.CapsuleShadows:1]]
[2019.08.17-07.07.52:207][  0]LogConfig: Applying CVar settings from Section [PostProcessQuality@3] File [C:/Users/JJiKKYU/Desktop/OneDrive - Hongik/00_ Git/UnrealEngine_Study/UnrealEngine_Study/Projectfile/Saved/Config/Windows/Scalability.ini]
[2019.08.17-07.07.52:207][  0]LogConfig: Setting CVar [[r.MotionBlurQuality:4]]
[2019.08.17-07.07.52:207][  0]LogConfig: Setting CVar [[r.AmbientOcclusionMipLevelFactor:0.4]]
[2019.08.17-07.07.52:207][  0]LogConfig: Setting CVar [[r.AmbientOcclusionMaxQuality:100]]
[2019.08.17-07.07.52:208][  0]LogConfig: Setting CVar [[r.AmbientOcclusionLevels:-1]]
[2019.08.17-07.07.52:208][  0]LogConfig: Setting CVar [[r.AmbientOcclusionRadiusScale:1.0]]
[2019.08.17-07.07.52:208][  0]LogConfig: Setting CVar [[r.DepthOfFieldQuality:2]]
[2019.08.17-07.07.52:208][  0]LogConfig: Setting CVar [[r.RenderTargetPoolMin:400]]
[2019.08.17-07.07.52:208][  0]LogConfig: Setting CVar [[r.LensFlareQuality:2]]
[2019.08.17-07.07.52:208][  0]LogConfig: Setting CVar [[r.SceneColorFringeQuality:1]]
[2019.08.17-07.07.52:208][  0]LogConfig: Setting CVar [[r.EyeAdaptationQuality:2]]
[2019.08.17-07.07.52:208][  0]LogConfig: Setting CVar [[r.BloomQuality:5]]
[2019.08.17-07.07.52:208][  0]LogConfig: Setting CVar [[r.FastBlurThreshold:100]]
[2019.08.17-07.07.52:208][  0]LogConfig: Setting CVar [[r.Upscale.Quality:3]]
[2019.08.17-07.07.52:208][  0]LogConfig: Setting CVar [[r.Tonemapper.GrainQuantization:1]]
[2019.08.17-07.07.52:208][  0]LogConfig: Setting CVar [[r.LightShaftQuality:1]]
[2019.08.17-07.07.52:208][  0]LogConfig: Setting CVar [[r.Filter.SizeScale:1]]
[2019.08.17-07.07.52:208][  0]LogConfig: Setting CVar [[r.Tonemapper.Quality:5]]
[2019.08.17-07.07.52:208][  0]LogConfig: Setting CVar [[r.DOF.Gather.AccumulatorQuality:1        ; higher gathering accumulator quality]]
[2019.08.17-07.07.52:208][  0]LogConfig: Setting CVar [[r.DOF.Gather.PostfilterMethod:1          ; Median3x3 postfilering method]]
[2019.08.17-07.07.52:208][  0]LogConfig: Setting CVar [[r.DOF.Gather.EnableBokehSettings:0       ; no bokeh simulation when gathering]]
[2019.08.17-07.07.52:208][  0]LogConfig: Setting CVar [[r.DOF.Gather.RingCount:4                 ; medium number of samples when gathering]]
[2019.08.17-07.07.52:208][  0]LogConfig: Setting CVar [[r.DOF.Scatter.ForegroundCompositing:1    ; additive foreground scattering]]
[2019.08.17-07.07.52:208][  0]LogConfig: Setting CVar [[r.DOF.Scatter.BackgroundCompositing:2    ; additive background scattering]]
[2019.08.17-07.07.52:208][  0]LogConfig: Setting CVar [[r.DOF.Scatter.EnableBokehSettings:1      ; bokeh simulation when scattering]]
[2019.08.17-07.07.52:208][  0]LogConfig: Setting CVar [[r.DOF.Scatter.MaxSpriteRatio:0.1         ; only a maximum of 10% of scattered bokeh]]
[2019.08.17-07.07.52:208][  0]LogConfig: Setting CVar [[r.DOF.Recombine.Quality:1                ; cheap slight out of focus]]
[2019.08.17-07.07.52:208][  0]LogConfig: Setting CVar [[r.DOF.Recombine.EnableBokehSettings:0    ; no bokeh simulation on slight out of focus]]
[2019.08.17-07.07.52:208][  0]LogConfig: Setting CVar [[r.DOF.TemporalAAQuality:1                ; more stable temporal accumulation]]
[2019.08.17-07.07.52:208][  0]LogConfig: Setting CVar [[r.DOF.Kernel.MaxForegroundRadius:0.025]]
[2019.08.17-07.07.52:208][  0]LogConfig: Setting CVar [[r.DOF.Kernel.MaxBackgroundRadius:0.025]]
[2019.08.17-07.07.52:208][  0]LogConfig: Applying CVar settings from Section [TextureQuality@3] File [C:/Users/JJiKKYU/Desktop/OneDrive - Hongik/00_ Git/UnrealEngine_Study/UnrealEngine_Study/Projectfile/Saved/Config/Windows/Scalability.ini]
[2019.08.17-07.07.52:208][  0]LogConfig: Setting CVar [[r.Streaming.MipBias:0]]
[2019.08.17-07.07.52:208][  0]LogConfig: Setting CVar [[r.Streaming.AmortizeCPUToGPUCopy:0]]
[2019.08.17-07.07.52:208][  0]LogConfig: Setting CVar [[r.Streaming.MaxNumTexturesToStreamPerFrame:0]]
[2019.08.17-07.07.52:208][  0]LogConfig: Setting CVar [[r.Streaming.Boost:1]]
[2019.08.17-07.07.52:208][  0]LogConfig: Setting CVar [[r.MaxAnisotropy:8]]
[2019.08.17-07.07.52:208][  0]LogConfig: Setting CVar [[r.Streaming.LimitPoolSizeToVRAM:0]]
[2019.08.17-07.07.52:208][  0]LogConfig: Setting CVar [[r.Streaming.PoolSize:1000]]
[2019.08.17-07.07.52:208][  0]LogConfig: Setting CVar [[r.Streaming.MaxEffectiveScreenSize:0]]
[2019.08.17-07.07.52:208][  0]LogConfig: Applying CVar settings from Section [EffectsQuality@3] File [C:/Users/JJiKKYU/Desktop/OneDrive - Hongik/00_ Git/UnrealEngine_Study/UnrealEngine_Study/Projectfile/Saved/Config/Windows/Scalability.ini]
[2019.08.17-07.07.52:208][  0]LogConfig: Setting CVar [[r.TranslucencyLightingVolumeDim:64]]
[2019.08.17-07.07.52:208][  0]LogConfig: Setting CVar [[r.RefractionQuality:2]]
[2019.08.17-07.07.52:208][  0]LogConfig: Setting CVar [[r.SSR.Quality:3]]
[2019.08.17-07.07.52:208][  0]LogConfig: Setting CVar [[r.SceneColorFormat:4]]
[2019.08.17-07.07.52:208][  0]LogConfig: Setting CVar [[r.DetailMode:2]]
[2019.08.17-07.07.52:208][  0]LogConfig: Setting CVar [[r.TranslucencyVolumeBlur:1]]
[2019.08.17-07.07.52:208][  0]LogConfig: Setting CVar [[r.MaterialQualityLevel:1 ; High quality]]
[2019.08.17-07.07.52:208][  0]LogConfig: Setting CVar [[r.SSS.Scale:1]]
[2019.08.17-07.07.52:208][  0]LogConfig: Setting CVar [[r.SSS.SampleSet:2]]
[2019.08.17-07.07.52:208][  0]LogConfig: Setting CVar [[r.SSS.Quality:1]]
[2019.08.17-07.07.52:208][  0]LogConfig: Setting CVar [[r.SSS.HalfRes:1]]
[2019.08.17-07.07.52:208][  0]LogConfig: Setting CVar [[r.EmitterSpawnRateScale:1.0]]
[2019.08.17-07.07.52:208][  0]LogConfig: Setting CVar [[r.ParticleLightQuality:2]]
[2019.08.17-07.07.52:208][  0]LogConfig: Applying CVar settings from Section [FoliageQuality@3] File [C:/Users/JJiKKYU/Desktop/OneDrive - Hongik/00_ Git/UnrealEngine_Study/UnrealEngine_Study/Projectfile/Saved/Config/Windows/Scalability.ini]
[2019.08.17-07.07.52:208][  0]LogConfig: Setting CVar [[foliage.DensityScale:1.0]]
[2019.08.17-07.07.52:208][  0]LogConfig: Setting CVar [[grass.DensityScale:1.0]]
[2019.08.17-07.07.52:208][  0]LogConfig: Applying CVar settings from Section [Startup] File [../../../Engine/Config/ConsoleVariables.ini]
[2019.08.17-07.07.52:209][  0]LogConfig: Setting CVar [[net.UseAdaptiveNetUpdateFrequency:0]]
[2019.08.17-07.07.52:209][  0]LogConfig: Setting CVar [[p.chaos.AllowCreatePhysxBodies:1]]
[2019.08.17-07.07.52:209][  0]LogConfig: Applying CVar settings from Section [ConsoleVariables] File [C:/Users/JJiKKYU/Desktop/OneDrive - Hongik/00_ Git/UnrealEngine_Study/UnrealEngine_Study/Projectfile/Saved/Config/Windows/Engine.ini]
[2019.08.17-07.07.52:209][  0]LogInit: Computer: JJIKKYU
[2019.08.17-07.07.52:209][  0]LogInit: User: JJiKKYU
[2019.08.17-07.07.52:209][  0]LogInit: CPU Page size=4096, Cores=8
[2019.08.17-07.07.52:209][  0]LogInit: High frequency timer resolution =10.000000 MHz
[2019.08.17-07.07.52:210][  0]LogMemory: Memory total: Physical=31.9GB (32GB approx)
[2019.08.17-07.07.52:210][  0]LogMemory: Platform Memory Stats for Windows
[2019.08.17-07.07.52:210][  0]LogMemory: Process Physical Memory: 100.83 MB used, 100.84 MB peak
[2019.08.17-07.07.52:210][  0]LogMemory: Process Virtual Memory: 90.69 MB used, 90.69 MB peak
[2019.08.17-07.07.52:210][  0]LogMemory: Physical Memory: 10135.20 MB used,  22567.32 MB free, 32702.52 MB total
[2019.08.17-07.07.52:210][  0]LogMemory: Virtual Memory: 4677.02 MB used,  134213048.00 MB free, 134217728.00 MB total
[2019.08.17-07.07.52:260][  0]LogInit: Overriding language with editor language configuration option (ko).
[2019.08.17-07.07.52:261][  0]LogInit: Overriding locale with editor culture configuration option ().
[2019.08.17-07.07.52:261][  0]LogInit: Using OS detected locale (en-US).
[2019.08.17-07.07.52:353][  0]LogInit: Setting process to per monitor DPI aware
[2019.08.17-07.07.52:427][  0]LogSlate: New Slate User Created.  User Index 0, Is Virtual User: 0
[2019.08.17-07.07.52:427][  0]LogSlate: Slate User Registered.  User Index 0, Is Virtual User: 0
[2019.08.17-07.07.53:009][  0]LogHMD: Failed to initialize OpenVR with code 110
[2019.08.17-07.07.53:009][  0]LogD3D11RHI: D3D11 adapters:
[2019.08.17-07.07.53:130][  0]LogD3D11RHI:    0. 'NVIDIA GeForce GTX 1060 6GB' (Feature Level 11_0)
[2019.08.17-07.07.53:130][  0]LogD3D11RHI:       6052/0/16351 MB DedicatedVideo/DedicatedSystem/SharedSystem, Outputs:2, VendorId:0x10de
[2019.08.17-07.07.53:135][  0]LogD3D11RHI:    1. 'Microsoft Basic Render Driver' (Feature Level 11_0)
[2019.08.17-07.07.53:135][  0]LogD3D11RHI:       0/0/16351 MB DedicatedVideo/DedicatedSystem/SharedSystem, Outputs:0, VendorId:0x1414
[2019.08.17-07.07.53:135][  0]LogD3D11RHI: Chosen D3D11 Adapter: 0
[2019.08.17-07.07.53:146][  0]LogD3D11RHI: Creating new Direct3DDevice
[2019.08.17-07.07.53:146][  0]LogD3D11RHI:     GPU DeviceId: 0x1c06 (for the marketing name, search the web for "GPU Device Id")
[2019.08.17-07.07.53:146][  0]LogWindows: EnumDisplayDevices:
[2019.08.17-07.07.53:147][  0]LogWindows:    0. 'NVIDIA GeForce GTX 1060 6GB' (P:1 D:1)
[2019.08.17-07.07.53:148][  0]LogWindows:    1. 'NVIDIA GeForce GTX 1060 6GB' (P:0 D:1)
[2019.08.17-07.07.53:149][  0]LogWindows:    2. 'NVIDIA GeForce GTX 1060 6GB' (P:0 D:0)
[2019.08.17-07.07.53:150][  0]LogWindows:    3. 'NVIDIA GeForce GTX 1060 6GB' (P:0 D:0)
[2019.08.17-07.07.53:151][  0]LogWindows: DebugString: FoundDriverCount:4 
[2019.08.17-07.07.53:151][  0]LogD3D11RHI:     Adapter Name: NVIDIA GeForce GTX 1060 6GB
[2019.08.17-07.07.53:151][  0]LogD3D11RHI:   Driver Version: 431.60 (internal:26.21.14.3160, unified:431.60)
[2019.08.17-07.07.53:151][  0]LogD3D11RHI:      Driver Date: 7-17-2019
[2019.08.17-07.07.53:151][  0]LogRHI: Texture pool is 4236 MB (70% of 6052 MB)
[2019.08.17-07.07.53:217][  0]LogD3D11RHI: Async texture creation enabled
[2019.08.17-07.07.53:229][  0]LogRendererCore: FGlobalReadBuffer::InitRHI
[2019.08.17-07.07.53:229][  0]LogRendererCore: FGlobalReadBuffer::InitRHI
[2019.08.17-07.07.53:229][  0]LogRendererCore: FGlobalReadBuffer::InitRHI
[2019.08.17-07.07.53:238][  0]LogD3D11RHI: GPU Timing Frequency: 1000.000000 (Debug: 2 1)
[2019.08.17-07.07.53:817][  0]LogTemp: Display: Module 'AllDesktopTargetPlatform' loaded TargetPlatform 'AllDesktop'
[2019.08.17-07.07.53:839][  0]LogTemp: Display: Module 'MacClientTargetPlatform' loaded TargetPlatform 'MacClient'
[2019.08.17-07.07.53:860][  0]LogTemp: Display: Module 'MacNoEditorTargetPlatform' loaded TargetPlatform 'MacNoEditor'
[2019.08.17-07.07.53:881][  0]LogTemp: Display: Module 'MacServerTargetPlatform' loaded TargetPlatform 'MacServer'
[2019.08.17-07.07.53:903][  0]LogTemp: Display: Module 'MacTargetPlatform' loaded TargetPlatform 'Mac'
[2019.08.17-07.07.53:923][  0]LogTemp: Display: Module 'WindowsClientTargetPlatform' loaded TargetPlatform 'WindowsClient'
[2019.08.17-07.07.53:944][  0]LogTemp: Display: Module 'WindowsNoEditorTargetPlatform' loaded TargetPlatform 'WindowsNoEditor'
[2019.08.17-07.07.53:964][  0]LogTemp: Display: Module 'WindowsServerTargetPlatform' loaded TargetPlatform 'WindowsServer'
[2019.08.17-07.07.53:975][  0]LogTemp: Display: Module 'WindowsTargetPlatform' loaded TargetPlatform 'Windows'
[2019.08.17-07.07.54:100][  0]LogTemp: Display: Module 'AndroidTargetPlatform' loaded TargetPlatform 'Android'
[2019.08.17-07.07.54:100][  0]LogTemp: Display: Module 'AndroidTargetPlatform' loaded TargetPlatform 'Android_ASTC'
[2019.08.17-07.07.54:100][  0]LogTemp: Display: Module 'AndroidTargetPlatform' loaded TargetPlatform 'Android_ATC'
[2019.08.17-07.07.54:100][  0]LogTemp: Display: Module 'AndroidTargetPlatform' loaded TargetPlatform 'Android_DXT'
[2019.08.17-07.07.54:100][  0]LogTemp: Display: Module 'AndroidTargetPlatform' loaded TargetPlatform 'Android_ETC1'
[2019.08.17-07.07.54:100][  0]LogTemp: Display: Module 'AndroidTargetPlatform' loaded TargetPlatform 'Android_ETC1a'
[2019.08.17-07.07.54:100][  0]LogTemp: Display: Module 'AndroidTargetPlatform' loaded TargetPlatform 'Android_ETC2'
[2019.08.17-07.07.54:100][  0]LogTemp: Display: Module 'AndroidTargetPlatform' loaded TargetPlatform 'Android_PVRTC'
[2019.08.17-07.07.54:100][  0]LogTemp: Display: Module 'AndroidTargetPlatform' loaded TargetPlatform 'AndroidClient'
[2019.08.17-07.07.54:100][  0]LogTemp: Display: Module 'AndroidTargetPlatform' loaded TargetPlatform 'Android_ASTCClient'
[2019.08.17-07.07.54:100][  0]LogTemp: Display: Module 'AndroidTargetPlatform' loaded TargetPlatform 'Android_ATCClient'
[2019.08.17-07.07.54:101][  0]LogTemp: Display: Module 'AndroidTargetPlatform' loaded TargetPlatform 'Android_DXTClient'
[2019.08.17-07.07.54:101][  0]LogTemp: Display: Module 'AndroidTargetPlatform' loaded TargetPlatform 'Android_ETC1Client'
[2019.08.17-07.07.54:101][  0]LogTemp: Display: Module 'AndroidTargetPlatform' loaded TargetPlatform 'Android_ETC1aClient'
[2019.08.17-07.07.54:101][  0]LogTemp: Display: Module 'AndroidTargetPlatform' loaded TargetPlatform 'Android_ETC2Client'
[2019.08.17-07.07.54:101][  0]LogTemp: Display: Module 'AndroidTargetPlatform' loaded TargetPlatform 'Android_PVRTCClient'
[2019.08.17-07.07.54:101][  0]LogTemp: Display: Module 'AndroidTargetPlatform' loaded TargetPlatform 'Android_Multi'
[2019.08.17-07.07.54:101][  0]LogTemp: Display: Module 'AndroidTargetPlatform' loaded TargetPlatform 'Android_MultiClient'
[2019.08.17-07.07.54:106][  0]LogTemp: Display: Module 'HTML5TargetPlatform' loaded TargetPlatform 'HTML5'
[2019.08.17-07.07.54:170][  0]LogTemp: Display: Module 'IOSTargetPlatform' loaded TargetPlatform 'IOSClient'
[2019.08.17-07.07.54:170][  0]LogTemp: Display: Module 'IOSTargetPlatform' loaded TargetPlatform 'IOS'
[2019.08.17-07.07.54:206][  0]LogTemp: Display: Module 'TVOSTargetPlatform' loaded TargetPlatform 'TVOSClient'
[2019.08.17-07.07.54:206][  0]LogTemp: Display: Module 'TVOSTargetPlatform' loaded TargetPlatform 'TVOS'
[2019.08.17-07.07.54:224][  0]LogTemp: Display: Module 'LinuxClientTargetPlatform' loaded TargetPlatform 'LinuxClient'
[2019.08.17-07.07.54:242][  0]LogTemp: Display: Module 'LinuxNoEditorTargetPlatform' loaded TargetPlatform 'LinuxNoEditor'
[2019.08.17-07.07.54:261][  0]LogTemp: Display: Module 'LinuxServerTargetPlatform' loaded TargetPlatform 'LinuxServer'
[2019.08.17-07.07.54:283][  0]LogTemp: Display: Module 'LinuxTargetPlatform' loaded TargetPlatform 'Linux'
[2019.08.17-07.07.54:352][  0]LogTemp: Display: Module 'LuminTargetPlatform' loaded TargetPlatform 'Lumin'
[2019.08.17-07.07.54:352][  0]LogTemp: Display: Module 'LuminTargetPlatform' loaded TargetPlatform 'LuminClient'
[2019.08.17-07.07.54:352][  0]LogTargetPlatformManager: Display: Building Assets For Windows
[2019.08.17-07.07.54:368][  0]LogAudioDebug: Display: Lib vorbis DLL was dynamically loaded.
[2019.08.17-07.07.54:457][  0]LogShaderCompilers: Guid format shader working directory is -68 characters bigger than the processId version (../../../../../../Users/JJiKKYU/Desktop/OneDrive - Hongik/00_ Git/UnrealEngine_Study/UnrealEngine_Study/Projectfile/Intermediate/Shaders/WorkingDirectory/28212/).
[2019.08.17-07.07.54:458][  0]LogShaderCompilers: Cleaned the shader compiler working directory 'C:/Users/JJiKKYU/AppData/Local/Temp/UnrealShaderWorkingDir/BC57335F4A2C4087710C7A91D529E035/'.
[2019.08.17-07.07.54:461][  0]LogXGEController: Cleaning working directory: C:/Users/JJiKKYU/AppData/Local/Temp/UnrealXGEWorkingDir/
[2019.08.17-07.07.54:462][  0]LogXGEController: Cannot use XGE Controller as Incredibuild is not installed on this machine.
[2019.08.17-07.07.54:462][  0]LogShaderCompilers: Cannot use XGE Shader Compiler as Incredibuild is not installed on this machine.
[2019.08.17-07.07.54:462][  0]LogShaderCompilers: Display: Using Local Shader Compiler.
[2019.08.17-07.07.55:124][  0]LogDerivedDataCache: Display: Max Cache Size: 512 MB
[2019.08.17-07.07.55:167][  0]LogDerivedDataCache: Loaded boot cache 0.04s 71MB C:/Users/JJiKKYU/AppData/Local/UnrealEngine/4.22/DerivedDataCache/Boot.ddc.
[2019.08.17-07.07.55:167][  0]LogDerivedDataCache: Display: Loaded Boot cache: C:/Users/JJiKKYU/AppData/Local/UnrealEngine/4.22/DerivedDataCache/Boot.ddc
[2019.08.17-07.07.55:167][  0]LogDerivedDataCache: FDerivedDataBackendGraph:  Pak pak cache file ../../../../../../Users/JJiKKYU/Desktop/OneDrive - Hongik/00_ Git/UnrealEngine_Study/UnrealEngine_Study/Projectfile/DerivedDataCache/DDC.ddp not found, will not use a pak cache.
[2019.08.17-07.07.55:167][  0]LogDerivedDataCache: Unable to find inner node Pak for hierarchical cache Hierarchy.
[2019.08.17-07.07.55:168][  0]LogDerivedDataCache: FDerivedDataBackendGraph:  CompressedPak pak cache file ../../../../../../Users/JJiKKYU/Desktop/OneDrive - Hongik/00_ Git/UnrealEngine_Study/UnrealEngine_Study/Projectfile/DerivedDataCache/Compressed.ddp not found, will not use a pak cache.
[2019.08.17-07.07.55:168][  0]LogDerivedDataCache: Unable to find inner node CompressedPak for hierarchical cache Hierarchy.
[2019.08.17-07.07.55:181][  0]LogDerivedDataCache: Display: Pak cache opened for reading ../../../Engine/DerivedDataCache/Compressed.ddp.
[2019.08.17-07.07.55:181][  0]LogDerivedDataCache: FDerivedDataBackendGraph:  EnterprisePak pak cache file ../../../Enterprise/DerivedDataCache/Compressed.ddp not found, will not use a pak cache.
[2019.08.17-07.07.55:181][  0]LogDerivedDataCache: Unable to find inner node EnterprisePak for hierarchical cache Hierarchy.
[2019.08.17-07.07.55:195][  0]LogDerivedDataCache: Using Local data cache path C:/Users/JJiKKYU/AppData/Local/UnrealEngine/Common/DerivedDataCache: Writable
[2019.08.17-07.07.55:195][  0]LogDerivedDataCache: Shared data cache path not found in *engine.ini, will not use an Shared cache.
[2019.08.17-07.07.55:195][  0]LogDerivedDataCache: Unable to find inner node Shared for hierarchical cache Hierarchy.
[2019.08.17-07.07.55:219][  0]LogMaterial: Verifying Global Shaders for PCD3D_SM5
[2019.08.17-07.07.55:221][  0]LogSlate: Using FreeType 2.6.0
[2019.08.17-07.07.55:223][  0]LogSlate: SlateFontServices - WITH_FREETYPE: 1, WITH_HARFBUZZ: 1
[2019.08.17-07.07.55:374][  0]LogAssetRegistry: FAssetRegistry took 0.0383 seconds to start up
[2019.08.17-07.07.55:864][  0]LogInit: Selected Device Profile: [Windows]
[2019.08.17-07.07.56:041][  0]LogMeshReduction: Using QuadricMeshReduction for automatic static mesh reduction
[2019.08.17-07.07.56:041][  0]LogMeshReduction: Using SimplygonMeshReduction for automatic skeletal mesh reduction
[2019.08.17-07.07.56:041][  0]LogMeshReduction: Using ProxyLODMeshReduction for automatic mesh merging
[2019.08.17-07.07.56:041][  0]LogMeshReduction: No distributed automatic mesh merging module available
[2019.08.17-07.07.56:041][  0]LogMeshMerging: No distributed automatic mesh merging module available
[2019.08.17-07.07.56:054][  0]LogNetVersion: BasicStudy 1.0.0, NetCL: 5660361, EngineNetVer: 10, GameNetVer: 0 (Checksum: 2039729301)
[2019.08.17-07.07.56:580][  0]LogPackageLocalizationCache: Processed 10 localized package path(s) for 1 prioritized culture(s) in 0.060713 seconds
[2019.08.17-07.07.56:588][  0]LogUObjectArray: 42205 objects as part of root set at end of initial load.
[2019.08.17-07.07.56:588][  0]LogUObjectAllocator: 7325032 out of 0 bytes used by permanent object pool.
[2019.08.17-07.07.56:588][  0]LogUObjectArray: CloseDisregardForGC: 0/0 objects in disregard for GC pool
[2019.08.17-07.07.58:128][  0]LogTcpMessaging: Initializing TcpMessaging bridge
[2019.08.17-07.07.58:143][  0]LogUdpMessaging: Initializing bridge on interface 0.0.0.0:0 to multicast group 230.0.0.1:6666.
[2019.08.17-07.07.58:312][  0]SourceControl: 소스 컨트롤이 꺼져 있습니다.
[2019.08.17-07.07.58:312][  0]SourceControl: 소스 컨트롤이 꺼져 있습니다.
[2019.08.17-07.07.58:315][  0]SourceControl: 소스 컨트롤이 꺼져 있습니다.
[2019.08.17-07.07.58:317][  0]SourceControl: 소스 컨트롤이 꺼져 있습니다.
[2019.08.17-07.07.58:472][  0]LogAndroidPermission: UAndroidPermissionCallbackProxy::GetInstance
[2019.08.17-07.07.58:770][  0]LogOcInput: OculusInput pre-init called
[2019.08.17-07.08.00:001][  0]LogEngine: Initializing Engine...
[2019.08.17-07.08.00:003][  0]LogHMD: Failed to initialize OpenVR with code 110
[2019.08.17-07.08.00:004][  0]LogStats: UGameplayTagsManager::InitializeManager -  0.000 s
[2019.08.17-07.08.00:234][  0]LogInit: Initializing FReadOnlyCVARCache
[2019.08.17-07.08.00:252][  0]LogAIModule: Creating AISystem for world Untitled
[2019.08.17-07.08.00:359][  0]LogInit: XAudio2 using '스피커 (Realtek High Definition Audio)' : 2 channels at 48 kHz using 32 bits per sample (channel mask 0x3)
[2019.08.17-07.08.00:426][  0]LogInit: FAudioDevice initialized.
[2019.08.17-07.08.00:427][  0]LogNetVersion: Set ProjectVersion to 1.0.0.0. Version Checksum will be recalculated on next use.
[2019.08.17-07.08.00:484][  0]LogDerivedDataCache: Saved boot cache 0.06s 71MB C:/Users/JJiKKYU/AppData/Local/UnrealEngine/4.22/DerivedDataCache/Boot.ddc.
[2019.08.17-07.08.00:487][  0]LogInit: Texture streaming: Enabled
[2019.08.17-07.08.00:517][  0]LogEngineSessionManager: EngineSessionManager initialized
[2019.08.17-07.08.00:546][  0]LogInit: Transaction tracking system initialized
[2019.08.17-07.08.00:587][  0]BlueprintLog: New page: 에디터 로드
[2019.08.17-07.08.00:719][  0]LocalizationService: 현지화 서비스가 비활성화되었습니다.
[2019.08.17-07.08.01:157][  0]LogFileCache: Scanning file cache for directory 'C:/Users/JJiKKYU/Desktop/OneDrive - Hongik/00_ Git/UnrealEngine_Study/UnrealEngine_Study/Projectfile/Content/' took 0.01s
[2019.08.17-07.08.01:157][  0]LogCook: Display: Max memory allowance for cook 16384mb min free memory 0mb
[2019.08.17-07.08.01:157][  0]LogCook: Display: Mobile HDR setting 1
[2019.08.17-07.08.01:810][  0]SourceControl: 소스 컨트롤이 꺼져 있습니다.
[2019.08.17-07.08.01:810][  0]Cmd: MAP LOAD FILE="../../../../../../Users/JJiKKYU/Desktop/OneDrive - Hongik/00_ Git/UnrealEngine_Study/UnrealEngine_Study/Projectfile/Content/Level.umap" TEMPLATE=0 SHOWPROGRESS=1 FEATURELEVEL=3
[2019.08.17-07.08.01:811][  0]LightingResults: New page: 라이팅 빌드
[2019.08.17-07.08.01:815][  0]MapCheck: New page: 맵 체크
[2019.08.17-07.08.01:815][  0]LightingResults: New page: 라이팅 빌드
[2019.08.17-07.08.01:854][  0]LogUObjectHash: Compacting FUObjectHashTables data took   1.70ms
[2019.08.17-07.08.02:029][  0]LogAIModule: Creating AISystem for world Level
[2019.08.17-07.08.02:038][  0]LogEditorServer: Finished looking for orphan Actors (0.000 secs)
[2019.08.17-07.08.02:077][  0]LogUObjectHash: Compacting FUObjectHashTables data took   2.21ms
[2019.08.17-07.08.02:077][  0]Cmd: MAP CHECKDEP NOCLEARLOG
[2019.08.17-07.08.02:078][  0]MapCheck: 맵 체크 완료: 오류 0 회, 경고 0 회, 소요 시간 0.401ms.
[2019.08.17-07.08.02:078][  0]LogFileHelpers: Loading map 'Level' took 0.268
[2019.08.17-07.08.02:215][  0]LogSlate: Updating window title bar state: overlay mode, drag disabled, window buttons hidden, title bar hidden
[2019.08.17-07.08.02:223][  0]LogSlate: Updating window title bar state: overlay mode, drag disabled, window buttons hidden, title bar hidden
[2019.08.17-07.08.02:231][  0]LogSlate: Updating window title bar state: overlay mode, drag disabled, window buttons hidden, title bar hidden
[2019.08.17-07.08.02:239][  0]LogSlate: Updating window title bar state: overlay mode, drag disabled, window buttons hidden, title bar hidden
[2019.08.17-07.08.02:249][  0]LogCollectionManager: Loaded 0 collections in 0.002617 seconds
[2019.08.17-07.08.02:278][  0]LogFileCache: Scanning file cache for directory 'C:/Users/JJiKKYU/Desktop/OneDrive - Hongik/00_ Git/UnrealEngine_Study/UnrealEngine_Study/Projectfile/Saved/Collections/' took 0.01s
[2019.08.17-07.08.02:278][  0]LogFileCache: Scanning file cache for directory 'C:/Users/JJiKKYU/Desktop/OneDrive - Hongik/00_ Git/UnrealEngine_Study/UnrealEngine_Study/Projectfile/Content/Developers/JJiKKYU/Collections/' took 0.00s
[2019.08.17-07.08.02:278][  0]LogFileCache: Scanning file cache for directory 'C:/Users/JJiKKYU/Desktop/OneDrive - Hongik/00_ Git/UnrealEngine_Study/UnrealEngine_Study/Projectfile/Content/Collections/' took 0.01s
[2019.08.17-07.08.02:278][  0]LogCollectionManager: Rebuilt the GUID cache for 0 collections in 0.000000 seconds
[2019.08.17-07.08.02:289][  0]LogContentBrowser: Native class hierarchy populated in 0.0111 seconds. Added 2781 classes and 661 folders.
[2019.08.17-07.08.02:299][  0]LogContentBrowser: Native class hierarchy updated for 'WidgetCarousel' in 0.0006 seconds. Added 0 classes and 0 folders.
[2019.08.17-07.08.02:303][  0]LogPakFile: Registered encryption key '00000000000000000000000000000000': 0 pak files mounted, 0 remain pending
[2019.08.17-07.08.02:304][  0]LogPakFile: Registered encryption key '00000000000000000000000000000000': 0 pak files mounted, 0 remain pending
[2019.08.17-07.08.02:305][  0]LogPakFile: Registered encryption key '00000000000000000000000000000000': 0 pak files mounted, 0 remain pending
[2019.08.17-07.08.02:306][  0]LogPakFile: Registered encryption key '00000000000000000000000000000000': 0 pak files mounted, 0 remain pending
[2019.08.17-07.08.02:307][  0]LogPakFile: Registered encryption key '00000000000000000000000000000000': 0 pak files mounted, 0 remain pending
[2019.08.17-07.08.02:309][  0]LogPakFile: Registered encryption key '00000000000000000000000000000000': 0 pak files mounted, 0 remain pending
[2019.08.17-07.08.02:310][  0]LogPakFile: Registered encryption key '00000000000000000000000000000000': 0 pak files mounted, 0 remain pending
[2019.08.17-07.08.02:311][  0]LogPakFile: Registered encryption key '00000000000000000000000000000000': 0 pak files mounted, 0 remain pending
[2019.08.17-07.08.02:312][  0]LogPakFile: Registered encryption key '00000000000000000000000000000000': 0 pak files mounted, 0 remain pending
[2019.08.17-07.08.02:313][  0]LogPakFile: Registered encryption key '00000000000000000000000000000000': 0 pak files mounted, 0 remain pending
[2019.08.17-07.08.02:315][  0]LogPakFile: Registered encryption key '00000000000000000000000000000000': 0 pak files mounted, 0 remain pending
[2019.08.17-07.08.02:316][  0]LogPakFile: Registered encryption key '00000000000000000000000000000000': 0 pak files mounted, 0 remain pending
[2019.08.17-07.08.02:317][  0]LogPakFile: Registered encryption key '00000000000000000000000000000000': 0 pak files mounted, 0 remain pending
[2019.08.17-07.08.02:318][  0]LogPakFile: Registered encryption key '00000000000000000000000000000000': 0 pak files mounted, 0 remain pending
[2019.08.17-07.08.02:319][  0]LogPakFile: Registered encryption key '00000000000000000000000000000000': 0 pak files mounted, 0 remain pending
[2019.08.17-07.08.02:321][  0]LogPakFile: Registered encryption key '00000000000000000000000000000000': 0 pak files mounted, 0 remain pending
[2019.08.17-07.08.02:322][  0]LogPakFile: Registered encryption key '00000000000000000000000000000000': 0 pak files mounted, 0 remain pending
[2019.08.17-07.08.02:323][  0]LogPakFile: Registered encryption key '00000000000000000000000000000000': 0 pak files mounted, 0 remain pending
[2019.08.17-07.08.02:324][  0]LogPakFile: Registered encryption key '00000000000000000000000000000000': 0 pak files mounted, 0 remain pending
[2019.08.17-07.08.02:326][  0]LogPakFile: Registered encryption key '00000000000000000000000000000000': 0 pak files mounted, 0 remain pending
[2019.08.17-07.08.02:327][  0]LogPakFile: Registered encryption key '00000000000000000000000000000000': 0 pak files mounted, 0 remain pending
[2019.08.17-07.08.02:328][  0]LogPakFile: Registered encryption key '00000000000000000000000000000000': 0 pak files mounted, 0 remain pending
[2019.08.17-07.08.02:329][  0]LogPakFile: Registered encryption key '00000000000000000000000000000000': 0 pak files mounted, 0 remain pending
[2019.08.17-07.08.02:330][  0]LogPakFile: Registered encryption key '00000000000000000000000000000000': 0 pak files mounted, 0 remain pending
[2019.08.17-07.08.02:331][  0]LogPakFile: Registered encryption key '00000000000000000000000000000000': 0 pak files mounted, 0 remain pending
[2019.08.17-07.08.02:332][  0]LogPakFile: Registered encryption key '00000000000000000000000000000000': 0 pak files mounted, 0 remain pending
[2019.08.17-07.08.02:463][  0]LogContentBrowser: Native class hierarchy updated for 'AddContentDialog' in 0.0006 seconds. Added 0 classes and 0 folders.
[2019.08.17-07.08.02:472][  0]LogContentBrowser: Native class hierarchy updated for 'SceneOutliner' in 0.0007 seconds. Added 1 classes and 2 folders.
[2019.08.17-07.08.02:542][  0]LogSlate: Took 0.000507 seconds to synchronously load lazily loaded font '../../../Engine/Content/Slate/Fonts/Roboto-Regular.ttf' (155K)
[2019.08.17-07.08.02:544][  0]LogSlate: Took 0.001756 seconds to synchronously load lazily loaded font '../../../Engine/Content/Editor/Slate/Fonts/NanumGothic.ttf' (4243K)
[2019.08.17-07.08.02:548][  0]LogSlate: Took 0.001860 seconds to synchronously load lazily loaded font '../../../Engine/Content/Editor/Slate/Fonts/NanumGothicBold.ttf' (4188K)
[2019.08.17-07.08.02:549][  0]LogSlate: Took 0.000488 seconds to synchronously load lazily loaded font '../../../Engine/Content/Slate/Fonts/Roboto-Bold.ttf' (160K)
[2019.08.17-07.08.02:553][  0]LogSlate: Took 0.000452 seconds to synchronously load lazily loaded font '../../../Engine/Content/Editor/Slate/Fonts/FontAwesome.ttf' (139K)
[2019.08.17-07.08.02:628][  0]LogRenderer: Reallocating scene render targets to support 1668x844 Format 10 NumSamples 1 (Frame:1).
[2019.08.17-07.08.02:664][  0]LogSlate: Warning: Legacy localized fallback font '../../../Engine/Content/Slate/Fonts/../../Editor/Slate/Fonts/NanumGothic.ttf' was requested. Font: '/Engine/EngineFonts/Faces/RobotoRegular.RobotoRegular', Character: '라 (U+b77c)'
Legacy localized fallback fonts were deprecated in 4.22 and will be removed in a future version!
Please update your composite fonts to use localized sub-font families: https://docs.unrealengine.com/en-US/Engine/UMG/UserGuide/Fonts/Overview
[2019.08.17-07.08.02:666][  0]LogSlate: Took 0.001935 seconds to synchronously load lazily loaded font '../../../Engine/Content/Slate/Fonts/../../Editor/Slate/Fonts/NanumGothic.ttf' (4243K)
[2019.08.17-07.08.02:764][  0]LogContentBrowser: Native class hierarchy updated for 'HierarchicalLODOutliner' in 0.0007 seconds. Added 0 classes and 0 folders.
[2019.08.17-07.08.02:764][  0]LogLoad: (Engine Initialization) Total time: 14.29 seconds
[2019.08.17-07.08.02:764][  0]LogLoad: (Engine Initialization) Total Blueprint compile time: 0.00 seconds
[2019.08.17-07.08.02:807][  0]LogAssetRegistry: Asset discovery search completed in 7.4544 seconds
[2019.08.17-07.08.02:809][  0]LogCollectionManager: Rebuilt the object cache for 0 collections in 0.000000 seconds (found 0 objects)
[2019.08.17-07.08.02:809][  0]LogCollectionManager: Fixed up redirectors for 0 collections in 0.000055 seconds (updated 0 objects)
[2019.08.17-07.08.02:811][  0]LogContentStreaming: Texture pool size now 1000 MB
[2019.08.17-07.08.04:272][127]LogSlate: FSceneViewport::OnFocusLost() reason 0
[2019.08.17-07.08.07:500][513]LogSlate: Window 'BasicStduy Window' being destroyed
[2019.08.17-12.07.24:205][234]LogUObjectHash: Compacting FUObjectHashTables data took   0.78ms
[2019.08.17-12.07.24:242][234]LogSlate: Window 'BasicStudy - 언리얼 에디터' being destroyed
[2019.08.17-12.07.24:249][234]LogWindowsTextInputMethodSystem: Display: IME system now activated using TSF (Microsoft IME).
[2019.08.17-12.07.24:420][235]Cmd: QUIT_EDITOR
[2019.08.17-12.07.24:461][235]LogExit: Preparing to exit.
[2019.08.17-12.07.25:421][235]LogExit: Editor shut down
[2019.08.17-12.07.25:421][235]LogExit: Transaction tracking system shut down
[2019.08.17-12.07.25:659][235]LogExit: Object subsystem successfully closed.
[2019.08.17-12.07.25:689][235]LogShaderCompilers: Display: Shaders left to compile 0
[2019.08.17-12.07.25:692][235]LogD3D11RHI: Shutdown
[2019.08.17-12.07.25:692][235]LogD3D11RHI: CleanupD3DDevice
[2019.08.17-12.07.25:693][235]LogRendererCore: FGlobalReadBuffer::ReleaseRHI
[2019.08.17-12.07.25:693][235]LogRendererCore: FGlobalDynamicReadBuffer::Cleanup()
[2019.08.17-12.07.25:693][235]LogRendererCore: FGlobalReadBuffer::ReleaseRHI
[2019.08.17-12.07.25:693][235]LogRendererCore: FGlobalDynamicReadBuffer::Cleanup()
[2019.08.17-12.07.25:693][235]LogRendererCore: FGlobalReadBuffer::ReleaseRHI
[2019.08.17-12.07.25:693][235]LogRendererCore: FGlobalDynamicReadBuffer::Cleanup()
[2019.08.17-12.07.25:694][235]LogD3D11RHI: ~FD3D11DynamicRHI
[2019.08.17-12.07.25:857][235]LogModuleManager: Shutting down and abandoning module HierarchicalLODOutliner (646)
[2019.08.17-12.07.25:857][235]LogModuleManager: Shutting down and abandoning module SceneOutliner (644)
[2019.08.17-12.07.25:857][235]LogModuleManager: Shutting down and abandoning module AddContentDialog (642)
[2019.08.17-12.07.25:857][235]LogModuleManager: Shutting down and abandoning module WidgetCarousel (641)
[2019.08.17-12.07.25:857][235]LogModuleManager: Shutting down and abandoning module EditorWidgets (638)
[2019.08.17-12.07.25:857][235]LogModuleManager: Shutting down and abandoning module CollectionManager (636)
[2019.08.17-12.07.25:857][235]LogModuleManager: Shutting down and abandoning module StatsViewer (634)
[2019.08.17-12.07.25:857][235]LogModuleManager: Shutting down and abandoning module FoliageEdit (632)
[2019.08.17-12.07.25:857][235]LogModuleManager: Shutting down and abandoning module LandscapeEditor (630)
[2019.08.17-12.07.25:857][235]LogModuleManager: Shutting down and abandoning module MeshPaintMode (628)
[2019.08.17-12.07.25:857][235]LogModuleManager: Shutting down and abandoning module SceneDepthPickerMode (626)
[2019.08.17-12.07.25:857][235]LogModuleManager: Shutting down and abandoning module ActorPickerMode (624)
[2019.08.17-12.07.25:857][235]LogModuleManager: Shutting down and abandoning module GeometryMode (622)
[2019.08.17-12.07.25:857][235]LogModuleManager: Shutting down and abandoning module TextureAlignMode (620)
[2019.08.17-12.07.25:857][235]LogModuleManager: Shutting down and abandoning module BspMode (618)
[2019.08.17-12.07.25:858][235]LogModuleManager: Shutting down and abandoning module PIEPreviewDeviceProfileSelector (616)
[2019.08.17-12.07.25:858][235]LogModuleManager: Shutting down and abandoning module SequenceRecorderSections (614)
[2019.08.17-12.07.25:858][235]LogModuleManager: Shutting down and abandoning module AutomationWorker (612)
[2019.08.17-12.07.25:858][235]LogModuleManager: Shutting down and abandoning module OculusMR (610)
[2019.08.17-12.07.25:858][235]LogModuleManager: Shutting down and abandoning module AudioCaptureEditor (608)
[2019.08.17-12.07.25:858][235]LogModuleManager: Shutting down and abandoning module MatineeToLevelSequence (606)
[2019.08.17-12.07.25:858][235]LogModuleManager: Shutting down and abandoning module LevelSequenceEditor (604)
[2019.08.17-12.07.25:858][235]LogModuleManager: Shutting down and abandoning module PlacementMode (603)
[2019.08.17-12.07.25:858][235]LogModuleManager: Shutting down and abandoning module MaterialEditor (602)
[2019.08.17-12.07.25:858][235]LogModuleManager: Shutting down and abandoning module ActorSequenceEditor (598)
[2019.08.17-12.07.25:858][235]LogModuleManager: Shutting down and abandoning module WmfMediaFactory (596)
[2019.08.17-12.07.25:858][235]LogModuleManager: Shutting down and abandoning module WmfMediaEditor (594)
[2019.08.17-12.07.25:858][235]LogModuleManager: Shutting down and abandoning module WebMMediaFactory (592)
[2019.08.17-12.07.25:858][235]LogModuleManager: Shutting down and abandoning module WebMMediaEditor (590)
[2019.08.17-12.07.25:858][235]LogModuleManager: Shutting down and abandoning module WebMMedia (588)
[2019.08.17-12.07.25:858][235]LogModuleManager: Shutting down and abandoning module MediaPlayerEditor (586)
[2019.08.17-12.07.25:858][235]LogModuleManager: Shutting down and abandoning module MediaCompositingEditor (584)
[2019.08.17-12.07.25:858][235]LogModuleManager: Shutting down and abandoning module SequenceRecorder (583)
[2019.08.17-12.07.25:858][235]LogModuleManager: Shutting down and abandoning module OpenExrWrapper (580)
[2019.08.17-12.07.25:858][235]LogModuleManager: Shutting down and abandoning module ImgMediaFactory (578)
[2019.08.17-12.07.25:858][235]LogModuleManager: Shutting down and abandoning module ImgMediaEditor (576)
[2019.08.17-12.07.25:858][235]LogModuleManager: Shutting down and abandoning module AvfMediaFactory (574)
[2019.08.17-12.07.25:858][235]LogModuleManager: Shutting down and abandoning module AvfMediaEditor (572)
[2019.08.17-12.07.25:858][235]LogModuleManager: Shutting down and abandoning module AndroidMediaFactory (570)
[2019.08.17-12.07.25:858][235]LogModuleManager: Shutting down and abandoning module AndroidMediaEditor (568)
[2019.08.17-12.07.25:858][235]LogModuleManager: Shutting down and abandoning module MagicLeapCameraPreviewFactory (566)
[2019.08.17-12.07.25:858][235]LogModuleManager: Shutting down and abandoning module MagicLeapMediaCodecFactory (564)
[2019.08.17-12.07.25:858][235]LogModuleManager: Shutting down and abandoning module MagicLeapMediaFactory (562)
[2019.08.17-12.07.25:858][235]LogModuleManager: Shutting down and abandoning module MagicLeapMediaEditor (560)
[2019.08.17-12.07.25:858][235]LogModuleManager: Shutting down and abandoning module CharacterAI (558)
[2019.08.17-12.07.25:858][235]LogModuleManager: Shutting down and abandoning module SmartSnapping (556)
[2019.08.17-12.07.25:858][235]LogModuleManager: Shutting down and abandoning module BasicStudyEditor (554)
[2019.08.17-12.07.25:858][235]LogModuleManager: Shutting down and abandoning module SessionServices (552)
[2019.08.17-12.07.25:858][235]LogModuleManager: Shutting down and abandoning module MeshPaint (550)
[2019.08.17-12.07.25:858][235]LogModuleManager: Shutting down and abandoning module ViewportSnapping (548)
[2019.08.17-12.07.25:858][235]LogModuleManager: Shutting down and abandoning module ViewportInteraction (546)
[2019.08.17-12.07.25:858][235]LogModuleManager: Shutting down and abandoning module ClothPainter (544)
[2019.08.17-12.07.25:858][235]LogModuleManager: Shutting down and abandoning module SkeletalMeshEditor (543)
[2019.08.17-12.07.25:858][235]LogModuleManager: Shutting down and abandoning module LogVisualizer (540)
[2019.08.17-12.07.25:858][235]LogModuleManager: Shutting down and abandoning module IntroTutorials (538)
[2019.08.17-12.07.25:858][235]LogModuleManager: Shutting down and abandoning module GameProjectGeneration (537)
[2019.08.17-12.07.25:858][235]LogModuleManager: Shutting down and abandoning module LuminPlatformEditor (534)
[2019.08.17-12.07.25:859][235]LogModuleManager: Shutting down and abandoning module IOSPlatformEditor (532)
[2019.08.17-12.07.25:859][235]LogModuleManager: Shutting down and abandoning module HTML5PlatformEditor (530)
[2019.08.17-12.07.25:859][235]LogModuleManager: Shutting down and abandoning module AndroidPlatformEditor (528)
[2019.08.17-12.07.25:859][235]LogModuleManager: Shutting down and abandoning module AndroidDeviceDetection (527)
[2019.08.17-12.07.26:078][235]LogModuleManager: Shutting down and abandoning module WindowsPlatformEditor (524)
[2019.08.17-12.07.26:078][235]LogModuleManager: Shutting down and abandoning module LuminRuntimeSettings (522)
[2019.08.17-12.07.26:078][235]LogModuleManager: Shutting down and abandoning module IOSRuntimeSettings (520)
[2019.08.17-12.07.26:078][235]LogModuleManager: Shutting down and abandoning module AndroidRuntimeSettings (518)
[2019.08.17-12.07.26:078][235]LogModuleManager: Shutting down and abandoning module TimeManagementEditor (516)
[2019.08.17-12.07.26:078][235]LogModuleManager: Shutting down and abandoning module InputBindingEditor (514)
[2019.08.17-12.07.26:078][235]LogModuleManager: Shutting down and abandoning module MergeActors (512)
[2019.08.17-12.07.26:079][235]LogModuleManager: Shutting down and abandoning module LocalizationDashboard (510)
[2019.08.17-12.07.26:079][235]LogModuleManager: Shutting down and abandoning module LocalizationService (509)
[2019.08.17-12.07.26:079][235]LogModuleManager: Shutting down and abandoning module HardwareTargeting (506)
[2019.08.17-12.07.26:079][235]LogModuleManager: Shutting down and abandoning module DeviceProfileEditor (504)
[2019.08.17-12.07.26:079][235]LogModuleManager: Shutting down and abandoning module UndoHistory (502)
[2019.08.17-12.07.26:079][235]LogModuleManager: Shutting down and abandoning module XmlParser (500)
[2019.08.17-12.07.26:079][235]LogModuleManager: Shutting down and abandoning module Blutility (498)
[2019.08.17-12.07.26:079][235]LogModuleManager: Shutting down and abandoning module ProjectSettingsViewer (496)
[2019.08.17-12.07.26:079][235]LogModuleManager: Shutting down and abandoning module ProjectTargetPlatformEditor (495)
[2019.08.17-12.07.26:079][235]LogModuleManager: Shutting down and abandoning module EditorSettingsViewer (492)
[2019.08.17-12.07.26:079][235]LogModuleManager: Shutting down and abandoning module SettingsEditor (490)
[2019.08.17-12.07.26:079][235]LogModuleManager: Shutting down and abandoning module ProjectLauncher (488)
[2019.08.17-12.07.26:079][235]LogModuleManager: Shutting down and abandoning module SessionFrontend (486)
[2019.08.17-12.07.26:079][235]LogModuleManager: Shutting down and abandoning module ProfilerClient (484)
[2019.08.17-12.07.26:079][235]LogModuleManager: Shutting down and abandoning module DeviceManager (482)
[2019.08.17-12.07.26:079][235]LogModuleManager: Shutting down and abandoning module TargetDeviceServices (481)
[2019.08.17-12.07.26:123][235]LogModuleManager: Shutting down and abandoning module AutomationController (478)
[2019.08.17-12.07.26:123][235]LogModuleManager: Shutting down and abandoning module AutomationWindow (476)
[2019.08.17-12.07.26:123][235]LogModuleManager: Shutting down and abandoning module Layers (474)
[2019.08.17-12.07.26:123][235]LogModuleManager: Shutting down and abandoning module ComponentVisualizers (472)
[2019.08.17-12.07.26:123][235]LogModuleManager: Shutting down and abandoning module DetailCustomizations (470)
[2019.08.17-12.07.26:123][235]LogModuleManager: Shutting down and abandoning module PackagesDialog (468)
[2019.08.17-12.07.26:123][235]LogModuleManager: Shutting down and abandoning module AnimationBlueprintEditor (466)
[2019.08.17-12.07.26:123][235]LogModuleManager: Shutting down and abandoning module Persona (464)
[2019.08.17-12.07.26:123][235]LogModuleManager: Shutting down and abandoning module AdvancedPreviewScene (463)
[2019.08.17-12.07.26:123][235]LogModuleManager: Shutting down and abandoning module AnimGraph (461)
[2019.08.17-12.07.26:123][235]LogModuleManager: Shutting down and abandoning module Kismet (458)
[2019.08.17-12.07.26:123][235]LogModuleManager: Shutting down and abandoning module GraphEditor (456)
[2019.08.17-12.07.26:123][235]LogModuleManager: Shutting down and abandoning module ClassViewer (454)
[2019.08.17-12.07.26:123][235]LogModuleManager: Shutting down and abandoning module Toolbox (452)
[2019.08.17-12.07.26:123][235]LogModuleManager: Shutting down and abandoning module DesktopPlatform (451)
[2019.08.17-12.07.26:123][235]LogModuleManager: Shutting down and abandoning module ModuleUI (448)
[2019.08.17-12.07.26:123][235]LogModuleManager: Shutting down and abandoning module MovieSceneTools (446)
[2019.08.17-12.07.26:123][235]LogModuleManager: Shutting down and abandoning module OutputLog (444)
[2019.08.17-12.07.26:123][235]LogModuleManager: Shutting down and abandoning module GammaUI (442)
[2019.08.17-12.07.26:123][235]LogModuleManager: Shutting down and abandoning module Documentation (440)
[2019.08.17-12.07.26:123][235]LogModuleManager: Shutting down and abandoning module LiveCoding (438)
[2019.08.17-12.07.26:124][235]LogModuleManager: Shutting down and abandoning module LevelSequence (436)
[2019.08.17-12.07.26:124][235]LogModuleManager: Shutting down and abandoning module MovieSceneTracks (434)
[2019.08.17-12.07.26:124][235]LogModuleManager: Shutting down and abandoning module MovieScene (432)
[2019.08.17-12.07.26:124][235]LogModuleManager: Shutting down and abandoning module StreamingPauseRendering (430)
[2019.08.17-12.07.26:124][235]LogModuleManager: Shutting down and abandoning module LauncherPlatform (428)
[2019.08.17-12.07.26:124][235]LogModuleManager: Shutting down and abandoning module AnalyticsET (426)
[2019.08.17-12.07.26:124][235]LogModuleManager: Shutting down and abandoning module PortalServices (424)
[2019.08.17-12.07.26:124][235]LogModuleManager: Shutting down and abandoning module PortalRpc (422)
[2019.08.17-12.07.26:124][235]LogModuleManager: Shutting down and abandoning module MessagingRpc (420)
[2019.08.17-12.07.26:124][235]LogModuleManager: Shutting down and abandoning module AIModule (418)
[2019.08.17-12.07.26:124][235]LogModuleManager: Shutting down and abandoning module GameplayDebugger (417)
[2019.08.17-12.07.26:124][235]LogModuleManager: Shutting down and abandoning module AITestSuite (415)
[2019.08.17-12.07.26:124][235]LogModuleManager: Shutting down and abandoning module NavigationSystem (413)
[2019.08.17-12.07.26:124][235]LogModuleManager: Shutting down and abandoning module ImageWriteQueue (410)
[2019.08.17-12.07.26:127][235]LogModuleManager: Shutting down and abandoning module ProfilerService (408)
[2019.08.17-12.07.26:234][235]LogModuleManager: Shutting down and abandoning module TaskGraph (406)
[2019.08.17-12.07.26:234][235]LogModuleManager: Shutting down and abandoning module SteamVRController (404)
[2019.08.17-12.07.26:234][235]LogModuleManager: Shutting down and abandoning module ProceduralMeshComponentEditor (402)
[2019.08.17-12.07.26:234][235]LogModuleManager: Shutting down and abandoning module ProceduralMeshComponent (400)
[2019.08.17-12.07.26:235][235]LogModuleManager: Shutting down and abandoning module OculusEditor (398)
[2019.08.17-12.07.26:235][235]LogModuleManager: Shutting down and abandoning module OculusInput (396)
[2019.08.17-12.07.26:235][235]LogModuleManager: Shutting down and abandoning module MobilePatchingUtils (394)
[2019.08.17-12.07.26:235][235]LogModuleManager: Shutting down and abandoning module EditableMesh (392)
[2019.08.17-12.07.26:235][235]LogModuleManager: Shutting down and abandoning module CustomMeshComponent (390)
[2019.08.17-12.07.26:235][235]LogModuleManager: Shutting down and abandoning module CableComponent (388)
[2019.08.17-12.07.26:235][235]LogModuleManager: Shutting down and abandoning module AudioCapture (386)
[2019.08.17-12.07.26:235][235]LogModuleManager: Shutting down and abandoning module ArchVisCharacter (384)
[2019.08.17-12.07.26:235][235]LogModuleManager: Shutting down and abandoning module AndroidPermission (382)
[2019.08.17-12.07.26:235][235]LogModuleManager: Shutting down and abandoning module NUTUnrealEngine4 (380)
[2019.08.17-12.07.26:235][235]LogModuleManager: Shutting down and abandoning module NetcodeUnitTest (378)
[2019.08.17-12.07.26:235][235]LogModuleManager: Shutting down and abandoning module MediaCompositing (376)
[2019.08.17-12.07.26:235][235]LogModuleManager: Shutting down and abandoning module LinearTimecode (374)
[2019.08.17-12.07.26:235][235]LogModuleManager: Shutting down and abandoning module ImgMedia (372)
[2019.08.17-12.07.26:235][235]LogModuleManager: Shutting down and abandoning module MagicLeapHelperVulkan (370)
[2019.08.17-12.07.26:235][235]LogModuleManager: Shutting down and abandoning module MagicLeapHelperOpenGL (368)
[2019.08.17-12.07.26:235][235]LogModuleManager: Shutting down and abandoning module MagicLeapAudio (366)
[2019.08.17-12.07.26:235][235]LogModuleManager: Shutting down and abandoning module HTML5Networking (364)
[2019.08.17-12.07.26:235][235]LogModuleManager: Shutting down and abandoning module GeometryCacheTracks (362)
[2019.08.17-12.07.26:235][235]LogModuleManager: Shutting down and abandoning module GeometryCacheSequencer (360)
[2019.08.17-12.07.26:235][235]LogModuleManager: Shutting down and abandoning module BackChannel (358)
[2019.08.17-12.07.26:235][235]LogModuleManager: Shutting down and abandoning module AppleVision (356)
[2019.08.17-12.07.26:235][235]LogModuleManager: Shutting down and abandoning module AppleImageUtilsBlueprintSupport (354)
[2019.08.17-12.07.26:235][235]LogModuleManager: Shutting down and abandoning module AppleImageUtils (352)
[2019.08.17-12.07.26:235][235]LogModuleManager: Shutting down and abandoning module AlembicImporter (350)
[2019.08.17-12.07.26:235][235]LogModuleManager: Shutting down and abandoning module AlembicLibrary (349)
[2019.08.17-12.07.26:235][235]LogModuleManager: Shutting down and abandoning module GeometryCache (348)
[2019.08.17-12.07.26:235][235]LogModuleManager: Shutting down and abandoning module GeometryCacheEd (347)
[2019.08.17-12.07.26:235][235]LogModuleManager: Shutting down and abandoning module VariantManagerContent (342)
[2019.08.17-12.07.26:235][235]LogModuleManager: Shutting down and abandoning module DatasmithContentEditor (340)
[2019.08.17-12.07.26:235][235]LogModuleManager: Shutting down and abandoning module SpeedTreeImporter (338)
[2019.08.17-12.07.26:235][235]LogModuleManager: Shutting down and abandoning module PluginBrowser (336)
[2019.08.17-12.07.26:236][235]LogModuleManager: Shutting down and abandoning module MobileLauncherProfileWizard (334)
[2019.08.17-12.07.26:236][235]LogModuleManager: Shutting down and abandoning module MaterialAnalyzer (332)
[2019.08.17-12.07.26:236][235]LogModuleManager: Shutting down and abandoning module CryptoKeysOpenSSL (330)
[2019.08.17-12.07.26:236][235]LogModuleManager: Shutting down and abandoning module CryptoKeys (328)
[2019.08.17-12.07.26:236][235]LogModuleManager: Shutting down and abandoning module VisualStudioSourceCodeAccess (326)
[2019.08.17-12.07.26:236][235]LogModuleManager: Shutting down and abandoning module VisualStudioCodeSourceCodeAccess (324)
[2019.08.17-12.07.26:236][235]LogModuleManager: Shutting down and abandoning module UObjectPlugin (322)
[2019.08.17-12.07.26:236][235]LogModuleManager: Shutting down and abandoning module SubversionSourceControl (320)
[2019.08.17-12.07.26:236][235]LogModuleManager: Shutting down and abandoning module PerforceSourceControl (318)
[2019.08.17-12.07.26:236][235]LogModuleManager: Shutting down and abandoning module GitSourceControl (316)
[2019.08.17-12.07.26:236][235]LogModuleManager: Shutting down and abandoning module SourceControl (315)
[2019.08.17-12.07.26:236][235]LogModuleManager: Shutting down and abandoning module CLionSourceCodeAccess (312)
[2019.08.17-12.07.26:236][235]LogModuleManager: Shutting down and abandoning module AnimationSharingEd (310)
[2019.08.17-12.07.26:236][235]LogModuleManager: Shutting down and abandoning module ActorLayerUtilitiesEditor (308)
[2019.08.17-12.07.26:236][235]LogModuleManager: Shutting down and abandoning module ActorLayerUtilities (306)
[2019.08.17-12.07.26:236][235]LogModuleManager: Shutting down and abandoning module LightPropagationVolumeEditor (304)
[2019.08.17-12.07.26:236][235]LogModuleManager: Shutting down and abandoning module PaperTiledImporter (302)
[2019.08.17-12.07.26:236][235]LogModuleManager: Shutting down and abandoning module PaperSpriteSheetImporter (300)
[2019.08.17-12.07.26:236][235]LogModuleManager: Shutting down and abandoning module Paper2DEditor (298)
[2019.08.17-12.07.26:236][235]LogModuleManager: Shutting down and abandoning module BasicStudy (296)
[2019.08.17-12.07.26:236][235]LogModuleManager: Shutting down and abandoning module SignificanceManager (294)
[2019.08.17-12.07.26:236][235]LogModuleManager: Shutting down and abandoning module RuntimePhysXCooking (292)
[2019.08.17-12.07.26:236][235]LogModuleManager: Shutting down and abandoning module PhysXVehiclesEditor (290)
[2019.08.17-12.07.26:236][235]LogModuleManager: Shutting down and abandoning module PhysXVehicles (288)
[2019.08.17-12.07.26:236][235]LogModuleManager: Shutting down and abandoning module LocationServicesBPLibrary (286)
[2019.08.17-12.07.26:236][235]LogModuleManager: Shutting down and abandoning module ActorSequence (284)
[2019.08.17-12.07.26:236][235]LogModuleManager: Shutting down and abandoning module UdpMessaging (282)
[2019.08.17-12.07.26:337][235]LogModuleManager: Shutting down and abandoning module TcpMessaging (280)
[2019.08.17-12.07.26:438][235]LogModuleManager: Shutting down and abandoning module MagicLeapIdentity (278)
[2019.08.17-12.07.26:438][235]LogModuleManager: Shutting down and abandoning module MagicLeapSecureStorage (276)
[2019.08.17-12.07.26:438][235]LogModuleManager: Shutting down and abandoning module MagicLeapHandTracking (274)
[2019.08.17-12.07.26:438][235]LogModuleManager: Shutting down and abandoning module MagicLeapEyeTracker (272)
[2019.08.17-12.07.26:438][235]LogModuleManager: Shutting down and abandoning module MagicLeapController (270)
[2019.08.17-12.07.26:438][235]LogSlate: Slate User Destroyed.  User Index 0, Is Virtual User: 0
[2019.08.17-12.07.26:438][235]LogModuleManager: Shutting down and abandoning module MagicLeapAR (268)
[2019.08.17-12.07.26:438][235]LogModuleManager: Shutting down and abandoning module AugmentedReality (267)
[2019.08.17-12.07.26:438][235]LogModuleManager: Shutting down and abandoning module GameplayTagsEditor (264)
[2019.08.17-12.07.26:438][235]LogModuleManager: Shutting down and abandoning module FacialAnimationEditor (262)
[2019.08.17-12.07.26:438][235]LogModuleManager: Shutting down and abandoning module FacialAnimation (260)
[2019.08.17-12.07.26:438][235]LogModuleManager: Shutting down and abandoning module DataValidation (258)
[2019.08.17-12.07.26:438][235]LogModuleManager: Shutting down and abandoning module AssetManagerEditor (256)
[2019.08.17-12.07.26:438][235]LogModuleManager: Shutting down and abandoning module LevelEditor (255)
[2019.08.17-12.07.26:439][235]LogModuleManager: Shutting down and abandoning module PixelInspectorModule (254)
[2019.08.17-12.07.26:439][235]LogModuleManager: Shutting down and abandoning module CommonMenuExtensions (252)
[2019.08.17-12.07.26:440][235]LogModuleManager: Shutting down and abandoning module MainFrame (250)
[2019.08.17-12.07.26:440][235]LogModuleManager: Shutting down and abandoning module HotReload (249)
[2019.08.17-12.07.26:442][235]LogModuleManager: Shutting down and abandoning module ContentBrowser (245)
[2019.08.17-12.07.26:443][235]LogModuleManager: Shutting down and abandoning module TreeMap (243)
[2019.08.17-12.07.26:443][235]LogModuleManager: Shutting down and abandoning module AnimationSharing (240)
[2019.08.17-12.07.26:443][235]LogModuleManager: Shutting down and abandoning module LightPropagationVolumeRuntime (238)
[2019.08.17-12.07.26:443][235]LogModuleManager: Shutting down and abandoning module AISupportModule (236)
[2019.08.17-12.07.26:443][235]LogModuleManager: Shutting down and abandoning module Paper2D (234)
[2019.08.17-12.07.26:443][235]LogModuleManager: Shutting down and abandoning module WindowsMoviePlayer (232)
[2019.08.17-12.07.26:443][235]LogModuleManager: Shutting down and abandoning module WebMMoviePlayer (230)
[2019.08.17-12.07.26:444][235]LogModuleManager: Shutting down and abandoning module PacketHandler (228)
[2019.08.17-12.07.26:444][235]LogModuleManager: Shutting down and abandoning module ClothingSystemEditor (226)
[2019.08.17-12.07.26:444][235]LogModuleManager: Shutting down and abandoning module ClothingSystemRuntime (224)
[2019.08.17-12.07.26:444][235]LogModuleManager: Shutting down and abandoning module MediaAssets (222)
[2019.08.17-12.07.26:444][235]LogModuleManager: Shutting down and abandoning module Overlay (220)
[2019.08.17-12.07.26:444][235]LogModuleManager: Shutting down and abandoning module OverlayEditor (219)
[2019.08.17-12.07.26:444][235]LogModuleManager: Shutting down and abandoning module VREditor (216)
[2019.08.17-12.07.26:444][235]LogModuleManager: Shutting down and abandoning module StringTableEditor (214)
[2019.08.17-12.07.26:444][235]LogModuleManager: Shutting down and abandoning module GameplayTasksEditor (212)
[2019.08.17-12.07.26:444][235]LogModuleManager: Shutting down and abandoning module BehaviorTreeEditor (210)
[2019.08.17-12.07.26:444][235]LogModuleManager: Shutting down and abandoning module FunctionalTesting (208)
[2019.08.17-12.07.26:444][235]LogModuleManager: Shutting down and abandoning module CollisionAnalyzer (206)
[2019.08.17-12.07.26:444][235]LogModuleManager: Shutting down and abandoning module WorkspaceMenuStructure (205)
[2019.08.17-12.07.26:444][235]LogModuleManager: Shutting down and abandoning module UMG (202)
[2019.08.17-12.07.26:444][235]LogModuleManager: Shutting down and abandoning module UMGEditor (201)
[2019.08.17-12.07.26:444][235]LogModuleManager: Shutting down and abandoning module Sequencer (200)
[2019.08.17-12.07.26:444][235]LogModuleManager: Shutting down and abandoning module MessageLog (197)
[2019.08.17-12.07.26:444][235]LogModuleManager: Shutting down and abandoning module SlateReflector (192)
[2019.08.17-12.07.26:444][235]LogModuleManager: Shutting down and abandoning module Slate (190)
[2019.08.17-12.07.26:444][235]LogModuleManager: Shutting down and abandoning module EditorStyle (188)
[2019.08.17-12.07.26:446][235]LogModuleManager: Shutting down and abandoning module UnrealEd (186)
[2019.08.17-12.07.26:447][235]LogModuleManager: Shutting down and abandoning module MRMesh (184)
[2019.08.17-12.07.26:447][235]LogModuleManager: Shutting down and abandoning module SourceCodeAccess (182)
[2019.08.17-12.07.26:447][235]LogModuleManager: Shutting down and abandoning module HeadMountedDisplay (180)
[2019.08.17-12.07.26:447][235]LogModuleManager: Shutting down and abandoning module XAudio2 (178)
[2019.08.17-12.07.26:447][235]LogModuleManager: Shutting down and abandoning module Networking (176)
[2019.08.17-12.07.26:447][235]LogModuleManager: Shutting down and abandoning module Core (174)
[2019.08.17-12.07.26:447][235]LogModuleManager: Shutting down and abandoning module KismetCompiler (172)
[2019.08.17-12.07.26:447][235]LogModuleManager: Shutting down and abandoning module MeshUtilities (170)
[2019.08.17-12.07.26:447][235]LogModuleManager: Shutting down and abandoning module MeshMergeUtilities (169)
[2019.08.17-12.07.26:447][235]LogModuleManager: Shutting down and abandoning module MeshReductionInterface (168)
[2019.08.17-12.07.26:447][235]LogModuleManager: Shutting down and abandoning module SkeletalMeshReduction (167)
[2019.08.17-12.07.26:447][235]LogModuleManager: Shutting down and abandoning module ProxyLODMeshReduction (165)
[2019.08.17-12.07.26:447][235]LogModuleManager: Shutting down and abandoning module QuadricMeshReduction (163)
[2019.08.17-12.07.26:447][235]LogModuleManager: Shutting down and abandoning module MaterialBaking (159)
[2019.08.17-12.07.26:447][235]LogModuleManager: Shutting down and abandoning module DerivedDataCache (154)
[2019.08.17-12.07.26:481][235]LogDerivedDataCache: Shutdown
[2019.08.17-12.07.26:481][235]LogModuleManager: Shutting down and abandoning module XGEController (152)
[2019.08.17-12.07.26:481][235]LogXGEController: Cleaning working directory: C:/Users/JJiKKYU/AppData/Local/Temp/UnrealXGEWorkingDir/
[2019.08.17-12.07.26:482][235]LogModuleManager: Shutting down and abandoning module TargetPlatform (150)
[2019.08.17-12.07.26:482][235]LogModuleManager: Shutting down and abandoning module VulkanShaderFormat (149)
[2019.08.17-12.07.26:482][235]LogModuleManager: Shutting down and abandoning module ShaderFormatVectorVM (147)
[2019.08.17-12.07.26:482][235]LogModuleManager: Shutting down and abandoning module ShaderFormatOpenGL (145)
[2019.08.17-12.07.26:482][235]LogModuleManager: Shutting down and abandoning module ShaderFormatD3D (143)
[2019.08.17-12.07.26:482][235]LogModuleManager: Shutting down and abandoning module MetalShaderFormat (141)
[2019.08.17-12.07.26:482][235]LogModuleManager: Shutting down and abandoning module TextureFormatUncompressed (139)
[2019.08.17-12.07.26:482][235]LogModuleManager: Shutting down and abandoning module TextureFormatPVR (137)
[2019.08.17-12.07.26:482][235]LogModuleManager: Shutting down and abandoning module TextureFormatDXT (135)
[2019.08.17-12.07.26:482][235]LogModuleManager: Shutting down and abandoning module TextureFormatIntelISPCTexComp (133)
[2019.08.17-12.07.26:483][235]LogModuleManager: Shutting down and abandoning module TextureFormatASTC (131)
[2019.08.17-12.07.26:483][235]LogModuleManager: Shutting down and abandoning module ImageWrapper (130)
[2019.08.17-12.07.26:483][235]LogModuleManager: Shutting down and abandoning module TextureFormatAndroid (127)
[2019.08.17-12.07.26:483][235]LogModuleManager: Shutting down and abandoning module AudioFormatOpus (125)
[2019.08.17-12.07.26:483][235]LogModuleManager: Shutting down and abandoning module AudioFormatOgg (123)
[2019.08.17-12.07.26:483][235]LogModuleManager: Shutting down and abandoning module AudioFormatADPCM (121)
[2019.08.17-12.07.26:483][235]LogModuleManager: Shutting down and abandoning module LuminTargetPlatform (119)
[2019.08.17-12.07.26:484][235]LogModuleManager: Shutting down and abandoning module LinuxTargetPlatform (117)
[2019.08.17-12.07.26:484][235]LogModuleManager: Shutting down and abandoning module LinuxServerTargetPlatform (115)
[2019.08.17-12.07.26:484][235]LogModuleManager: Shutting down and abandoning module LinuxNoEditorTargetPlatform (113)
[2019.08.17-12.07.26:484][235]LogModuleManager: Shutting down and abandoning module LinuxClientTargetPlatform (111)
[2019.08.17-12.07.26:484][235]LogModuleManager: Shutting down and abandoning module TVOSTargetPlatform (109)
[2019.08.17-12.07.26:484][235]LogModuleManager: Shutting down and abandoning module Messaging (107)
[2019.08.17-12.07.26:485][235]LogModuleManager: Shutting down and abandoning module IOSTargetPlatform (105)
[2019.08.17-12.07.26:485][235]LogModuleManager: Shutting down and abandoning module HTML5TargetPlatform (103)
[2019.08.17-12.07.26:485][235]LogModuleManager: Shutting down and abandoning module AndroidTargetPlatform (101)
[2019.08.17-12.07.26:493][235]LogModuleManager: Shutting down and abandoning module WindowsTargetPlatform (99)
[2019.08.17-12.07.26:493][235]LogModuleManager: Shutting down and abandoning module WindowsServerTargetPlatform (97)
[2019.08.17-12.07.26:493][235]LogModuleManager: Shutting down and abandoning module WindowsNoEditorTargetPlatform (95)
[2019.08.17-12.07.26:493][235]LogModuleManager: Shutting down and abandoning module WindowsClientTargetPlatform (93)
[2019.08.17-12.07.26:493][235]LogModuleManager: Shutting down and abandoning module MacTargetPlatform (91)
[2019.08.17-12.07.26:493][235]LogModuleManager: Shutting down and abandoning module MacServerTargetPlatform (89)
[2019.08.17-12.07.26:493][235]LogModuleManager: Shutting down and abandoning module MacNoEditorTargetPlatform (87)
[2019.08.17-12.07.26:493][235]LogModuleManager: Shutting down and abandoning module MacClientTargetPlatform (85)
[2019.08.17-12.07.26:493][235]LogModuleManager: Shutting down and abandoning module AllDesktopTargetPlatform (83)
[2019.08.17-12.07.26:493][235]LogModuleManager: Shutting down and abandoning module InputCore (80)
[2019.08.17-12.07.26:493][235]LogModuleManager: Shutting down and abandoning module Settings (78)
[2019.08.17-12.07.26:493][235]LogModuleManager: Shutting down and abandoning module DirectoryWatcher (76)
[2019.08.17-12.07.26:493][235]LogModuleManager: Shutting down and abandoning module PhysXCooking (74)
[2019.08.17-12.07.26:493][235]LogModuleManager: Shutting down and abandoning module SteamVR (72)
[2019.08.17-12.07.26:493][235]LogHMD: Freeing OpenVRDLLHandle.
[2019.08.17-12.07.26:493][235]LogModuleManager: Shutting down and abandoning module OculusHMD (70)
[2019.08.17-12.07.26:493][235]LogModuleManager: Shutting down and abandoning module ExampleDeviceProfileSelector (68)
[2019.08.17-12.07.26:493][235]LogModuleManager: Shutting down and abandoning module LauncherChunkInstaller (66)
[2019.08.17-12.07.26:493][235]LogModuleManager: Shutting down and abandoning module OnlineBlueprintSupport (64)
[2019.08.17-12.07.26:493][235]LogModuleManager: Shutting down and abandoning module OnlineSubsystem (60)
[2019.08.17-12.07.26:494][235]LogModuleManager: Shutting down and abandoning module XMPP (55)
[2019.08.17-12.07.26:494][235]LogModuleManager: Shutting down and abandoning module WebSockets (54)
[2019.08.17-12.07.26:507][235]LogModuleManager: Shutting down and abandoning module HTTP (51)
[2019.08.17-12.07.26:507][235]LogHttp: Display: Http module shutting down, but needs to wait on 1 outstanding Http requests:
[2019.08.17-12.07.26:507][235]LogHttp: Display: 	verb=[POST] url=[https://datarouter.ol.epicgames.com/datarouter/api/v1/public/data?SessionID=%7B075BD2B9-4664-9B0A-4E5A-D0909A48502E%7D&AppID=UEEditor.Rocket.Release&AppVersion=4.22.3-7053642%2B%2B%2BUE4%2BRelease-4.22&UserID=551f459b463b0a154fd84fb88346b0f8%7Cb46bc90f43364daeb7cfab584b1dc561%7C7e9b432d-1f8d-4a53-8c1f-2123c3e5f85e&AppEnvironment=datacollector-binary&UploadType=eteventstream] status=Processing
[2019.08.17-12.07.26:511][235]LogModuleManager: Shutting down and abandoning module SSL (50)
[2019.08.17-12.07.26:513][235]LogModuleManager: Shutting down and abandoning module WmfMedia (46)
[2019.08.17-12.07.26:515][235]LogModuleManager: Shutting down and abandoning module Media (45)
[2019.08.17-12.07.26:522][235]LogModuleManager: Shutting down and abandoning module MagicLeap (42)
[2019.08.17-12.07.26:522][235]LogModuleManager: Shutting down and abandoning module DatasmithContent (40)
[2019.08.17-12.07.26:523][235]LogModuleManager: Shutting down and abandoning module AnimationModifiers (38)
[2019.08.17-12.07.26:524][235]LogModuleManager: Shutting down and abandoning module PropertyEditor (37)
[2019.08.17-12.07.26:524][235]LogModuleManager: Shutting down and abandoning module AudioEditor (34)
[2019.08.17-12.07.26:524][235]LogModuleManager: Shutting down and abandoning module TextureCompressor (32)
[2019.08.17-12.07.26:524][235]LogModuleManager: Shutting down and abandoning module RenderCore (30)
[2019.08.17-12.07.26:524][235]LogModuleManager: Shutting down and abandoning module Landscape (28)
[2019.08.17-12.07.26:524][235]LogModuleManager: Shutting down and abandoning module SlateRHIRenderer (26)
[2019.08.17-12.07.26:525][235]LogModuleManager: Shutting down and abandoning module OpenGLDrv (24)
[2019.08.17-12.07.26:525][235]LogModuleManager: Shutting down and abandoning module D3D11RHI (22)
[2019.08.17-12.07.26:525][235]LogModuleManager: Shutting down and abandoning module AnimGraphRuntime (20)
[2019.08.17-12.07.26:525][235]LogModuleManager: Shutting down and abandoning module Renderer (18)
[2019.08.17-12.07.26:525][235]LogModuleManager: Shutting down and abandoning module Engine (16)
[2019.08.17-12.07.26:525][235]LogModuleManager: Shutting down and abandoning module CoreUObject (14)
[2019.08.17-12.07.26:525][235]LogModuleManager: Shutting down and abandoning module NetworkFile (12)
[2019.08.17-12.07.26:525][235]LogModuleManager: Shutting down and abandoning module CookedIterativeFile (10)
[2019.08.17-12.07.26:525][235]LogModuleManager: Shutting down and abandoning module StreamingFile (8)
[2019.08.17-12.07.26:525][235]LogModuleManager: Shutting down and abandoning module SandboxFile (6)
[2019.08.17-12.07.26:525][235]LogModuleManager: Shutting down and abandoning module PakFile (4)
[2019.08.17-12.07.26:525][235]LogModuleManager: Shutting down and abandoning module RSA (3)
[2019.08.17-12.07.26:556][235]LogExit: Exiting.
[2019.08.17-12.07.26:575][235]Log file closed, 08/17/19 21:07:26
