  Using 'git status' to determine working set for adaptive non-unity build (C:\Users\JJiKKYU\Desktop\OneDrive - Hongik\00_ Git\UnrealEngine_Study\UnrealEngine_Study).
  Invalidating makefile for BasicStudyEditor (working set of source files changed)
C:\Users\JJiKKYU\Desktop\OneDrive - Hongik\00_ Git\UnrealEngine_Study\UnrealEngine_Study\Projectfile\Source\BasicStudyEditor\BasicStudyEditor.Build.cs : warning : Modules must specify an explicit precompiled header (eg. PrivatePCHHeaderFile = "BasicStudyEditor.h") from UE 4.21 onwards.
  Parsing headers for BasicStudyEditor
    Running UnrealHeaderTool "C:\Users\JJiKKYU\Desktop\OneDrive - Hongik\00_ Git\UnrealEngine_Study\UnrealEngine_Study\Projectfile\BasicStudy.uproject" "C:\Users\JJiKKYU\Desktop\OneDrive - Hongik\00_ Git\UnrealEngine_Study\UnrealEngine_Study\Projectfile\Intermediate\Build\Win64\BasicStudyEditor\Development\BasicStudyEditor.uhtmanifest" -LogCmds="loginit warning, logexit warning, logdatabase error" -Unattended -WarningsAsErrors -installed
  Reflection code generated for BasicStudyEditor in 9.477442 seconds
  [Adaptive unity build] Excluded from BasicStudy unity file: CustomHUD.cpp, CustomHUDGameMode.cpp
  [Adaptive unity build] Excluded from BasicStudy.gen unity file: BasicStudy.init.gen.cpp, CustomHUD.gen.cpp, CustomHUDGameMode.gen.cpp
  Using Visual Studio 2019 14.22.27905 toolchain (C:\Program Files (x86)\Microsoft Visual Studio\2019\Community\VC\Tools\MSVC\14.22.27905) and Windows 10.0.17763.0 SDK (C:\Program Files (x86)\Windows Kits\10).
  Building 8 actions with 16 processes...
    [1/8] UE4Editor-BasicStudyEditor-0003.lib
       C:\Users\JJiKKYU\Desktop\OneDrive - Hongik\00_ Git\UnrealEngine_Study\UnrealEngine_Study\Projectfile\Intermediate\Build\Win64\UE4Editor\Development\BasicStudyEditor\UE4Editor-BasicStudyEditor-0003.lib
    [2/8] CustomHUD.gen.cpp
    [3/8] CustomHUD.cpp
    [4/8] Module.BasicStudy.gen.cpp
    [5/8] UE4Editor-BasicStudy-0003.lib
       C:\Users\JJiKKYU\Desktop\OneDrive - Hongik\00_ Git\UnrealEngine_Study\UnrealEngine_Study\Projectfile\Intermediate\Build\Win64\UE4Editor\Development\BasicStudy\UE4Editor-BasicStudy-0003.lib
    [6/8] UE4Editor-BasicStudy-0003.dll
       C:\Users\JJiKKYU\Desktop\OneDrive - Hongik\00_ Git\UnrealEngine_Study\UnrealEngine_Study\Projectfile\Intermediate\Build\Win64\UE4Editor\Development\BasicStudy\UE4Editor-BasicStudy-0003.suppressed.lib
    [7/8] UE4Editor-BasicStudyEditor-0003.dll
       C:\Users\JJiKKYU\Desktop\OneDrive - Hongik\00_ Git\UnrealEngine_Study\UnrealEngine_Study\Projectfile\Intermediate\Build\Win64\UE4Editor\Development\BasicStudyEditor\UE4Editor-BasicStudyEditor-0003.suppressed.lib
    [8/8] BasicStudyEditor.target
  Total time in Parallel executor: 4.66 seconds
  Total execution time: 17.32 seconds
